{"/Users/msigler/Code/CodePipeline-MCP/src/index.ts": {"path":"/Users/msigler/Code/CodePipeline-MCP/src/index.ts","statementMap":{"0":{"start":{"line":13,"column":0},"end":{"line":13,"column":16}},"1":{"start":{"line":1,"column":0},"end":{"line":1,"column":30}},"2":{"start":{"line":2,"column":0},"end":{"line":2,"column":24}},"3":{"start":{"line":3,"column":0},"end":{"line":3,"column":28}},"4":{"start":{"line":4,"column":0},"end":{"line":4,"column":35}},"5":{"start":{"line":5,"column":0},"end":{"line":5,"column":85}},"6":{"start":{"line":6,"column":0},"end":{"line":6,"column":109}},"7":{"start":{"line":7,"column":0},"end":{"line":7,"column":52}},"8":{"start":{"line":8,"column":0},"end":{"line":8,"column":56}},"9":{"start":{"line":9,"column":0},"end":{"line":9,"column":57}},"10":{"start":{"line":10,"column":0},"end":{"line":10,"column":57}},"11":{"start":{"line":11,"column":0},"end":{"line":11,"column":59}},"12":{"start":{"line":14,"column":14},"end":{"line":14,"column":23}},"13":{"start":{"line":15,"column":2},"end":{"line":15,"column":34}},"14":{"start":{"line":16,"column":2},"end":{"line":16,"column":18}},"15":{"start":{"line":17,"column":2},"end":{"line":17,"column":20}},"16":{"start":{"line":18,"column":2},"end":{"line":18,"column":25}},"17":{"start":{"line":21,"column":2},"end":{"line":21,"column":77}},"18":{"start":{"line":21,"column":37},"end":{"line":21,"column":75}},"19":{"start":{"line":23,"column":2},"end":{"line":23,"column":27}},"20":{"start":{"line":24,"column":2},"end":{"line":24,"column":29}},"21":{"start":{"line":27,"column":2},"end":{"line":29,"column":3}},"22":{"start":{"line":28,"column":4},"end":{"line":28,"column":28}},"23":{"start":{"line":32,"column":18},"end":{"line":32,"column":56}},"24":{"start":{"line":33,"column":19},"end":{"line":33,"column":54}},"25":{"start":{"line":36,"column":13},"end":{"line":36,"column":29}},"26":{"start":{"line":39,"column":2},"end":{"line":39,"column":57}},"27":{"start":{"line":40,"column":2},"end":{"line":40,"column":66}},"28":{"start":{"line":41,"column":2},"end":{"line":41,"column":85}},"29":{"start":{"line":43,"column":2},"end":{"line":43,"column":21}},"30":{"start":{"line":46,"column":2},"end":{"line":46,"column":58}},"31":{"start":{"line":47,"column":2},"end":{"line":47,"column":67}},"32":{"start":{"line":48,"column":2},"end":{"line":48,"column":86}},"33":{"start":{"line":51,"column":2},"end":{"line":55,"column":5}},"34":{"start":{"line":52,"column":21},"end":{"line":52,"column":43}},"35":{"start":{"line":53,"column":4},"end":{"line":53,"column":21}},"36":{"start":{"line":54,"column":4},"end":{"line":54,"column":14}},"37":{"start":{"line":56,"column":2},"end":{"line":56,"column":24}},"38":{"start":{"line":58,"column":2},"end":{"line":58,"column":13}},"39":{"start":{"line":62,"column":21},"end":{"line":62,"column":44}},"40":{"start":{"line":64,"column":0},"end":{"line":71,"column":1}},"41":{"start":{"line":65,"column":14},"end":{"line":65,"column":25}},"42":{"start":{"line":66,"column":15},"end":{"line":66,"column":39}},"43":{"start":{"line":67,"column":2},"end":{"line":70,"column":5}},"44":{"start":{"line":69,"column":4},"end":{"line":69,"column":56}}},"fnMap":{"0":{"name":"createApp","decl":{"start":{"line":13,"column":16},"end":{"line":13,"column":25}},"loc":{"start":{"line":13,"column":25},"end":{"line":59,"column":1}}},"1":{"name":"(anonymous_2)","decl":{"start":{"line":21,"column":22},"end":{"line":21,"column":23}},"loc":{"start":{"line":21,"column":37},"end":{"line":21,"column":75}}},"2":{"name":"(anonymous_3)","decl":{"start":{"line":51,"column":10},"end":{"line":51,"column":11}},"loc":{"start":{"line":51,"column":30},"end":{"line":55,"column":3}}},"3":{"name":"(anonymous_4)","decl":{"start":{"line":67,"column":19},"end":{"line":67,"column":22}},"loc":{"start":{"line":67,"column":24},"end":{"line":70,"column":3}}}},"branchMap":{"0":{"loc":{"start":{"line":27,"column":2},"end":{"line":29,"column":3}},"type":"if","locations":[{"start":{"line":27,"column":2},"end":{"line":29,"column":3}}]},"1":{"loc":{"start":{"line":64,"column":0},"end":{"line":71,"column":1}},"type":"if","locations":[{"start":{"line":64,"column":0},"end":{"line":71,"column":1}}]},"2":{"loc":{"start":{"line":66,"column":15},"end":{"line":66,"column":39}},"type":"binary-expr","locations":[{"start":{"line":66,"column":15},"end":{"line":66,"column":31}},{"start":{"line":66,"column":35},"end":{"line":66,"column":39}}]}},"s":{"0":0,"1":0,"2":0,"3":0,"4":0,"5":0,"6":0,"7":0,"8":0,"9":0,"10":0,"11":0,"12":0,"13":0,"14":0,"15":0,"16":0,"17":0,"18":0,"19":0,"20":0,"21":0,"22":0,"23":0,"24":0,"25":0,"26":0,"27":0,"28":0,"29":0,"30":0,"31":0,"32":0,"33":0,"34":0,"35":0,"36":0,"37":0,"38":0,"39":0,"40":0,"41":0,"42":0,"43":0,"44":0},"f":{"0":0,"1":0,"2":0,"3":0},"b":{"0":[0],"1":[0],"2":[0,0]}}
,"/Users/msigler/Code/CodePipeline-MCP/src/handlers/mcpHandlers.ts": {"path":"/Users/msigler/Code/CodePipeline-MCP/src/handlers/mcpHandlers.ts","statementMap":{"0":{"start":{"line":7,"column":0},"end":{"line":7,"column":16}},"1":{"start":{"line":29,"column":0},"end":{"line":29,"column":16}},"2":{"start":{"line":122,"column":0},"end":{"line":122,"column":16}},"3":{"start":{"line":2,"column":0},"end":{"line":2,"column":57}},"4":{"start":{"line":3,"column":0},"end":{"line":3,"column":116}},"5":{"start":{"line":4,"column":0},"end":{"line":4,"column":57}},"6":{"start":{"line":8,"column":2},"end":{"line":25,"column":4}},"7":{"start":{"line":10,"column":15},"end":{"line":10,"column":63}},"8":{"start":{"line":11,"column":19},"end":{"line":11,"column":72}},"9":{"start":{"line":13,"column":4},"end":{"line":13,"column":42}},"10":{"start":{"line":13,"column":33},"end":{"line":13,"column":42}},"11":{"start":{"line":14,"column":4},"end":{"line":14,"column":55}},"12":{"start":{"line":14,"column":41},"end":{"line":14,"column":55}},"13":{"start":{"line":15,"column":18},"end":{"line":15,"column":39}},"14":{"start":{"line":16,"column":16},"end":{"line":16,"column":32}},"15":{"start":{"line":17,"column":27},"end":{"line":17,"column":53}},"16":{"start":{"line":18,"column":4},"end":{"line":24,"column":7}},"17":{"start":{"line":30,"column":2},"end":{"line":85,"column":4}},"18":{"start":{"line":31,"column":46},"end":{"line":31,"column":58}},"19":{"start":{"line":32,"column":18},"end":{"line":32,"column":72}},"20":{"start":{"line":32,"column":39},"end":{"line":32,"column":71}},"21":{"start":{"line":33,"column":4},"end":{"line":36,"column":5}},"22":{"start":{"line":34,"column":6},"end":{"line":34,"column":56}},"23":{"start":{"line":35,"column":6},"end":{"line":35,"column":13}},"24":{"start":{"line":38,"column":23},"end":{"line":38,"column":101}},"25":{"start":{"line":39,"column":4},"end":{"line":42,"column":5}},"26":{"start":{"line":40,"column":6},"end":{"line":40,"column":78}},"27":{"start":{"line":41,"column":6},"end":{"line":41,"column":13}},"28":{"start":{"line":43,"column":19},"end":{"line":43,"column":53}},"29":{"start":{"line":44,"column":4},"end":{"line":47,"column":5}},"30":{"start":{"line":45,"column":6},"end":{"line":45,"column":90}},"31":{"start":{"line":46,"column":6},"end":{"line":46,"column":13}},"32":{"start":{"line":48,"column":23},"end":{"line":48,"column":48}},"33":{"start":{"line":49,"column":20},"end":{"line":49,"column":55}},"34":{"start":{"line":51,"column":4},"end":{"line":67,"column":5}},"35":{"start":{"line":52,"column":6},"end":{"line":52,"column":52}},"36":{"start":{"line":53,"column":6},"end":{"line":56,"column":7}},"37":{"start":{"line":54,"column":8},"end":{"line":54,"column":88}},"38":{"start":{"line":55,"column":8},"end":{"line":55,"column":15}},"39":{"start":{"line":58,"column":6},"end":{"line":65,"column":8}},"40":{"start":{"line":66,"column":6},"end":{"line":66,"column":48}},"41":{"start":{"line":69,"column":4},"end":{"line":81,"column":5}},"42":{"start":{"line":71,"column":6},"end":{"line":79,"column":9}},"43":{"start":{"line":80,"column":6},"end":{"line":80,"column":13}},"44":{"start":{"line":82,"column":4},"end":{"line":82,"column":54}},"45":{"start":{"line":83,"column":4},"end":{"line":83,"column":50}},"46":{"start":{"line":84,"column":4},"end":{"line":84,"column":56}},"47":{"start":{"line":94,"column":17},"end":{"line":94,"column":48}},"48":{"start":{"line":95,"column":2},"end":{"line":111,"column":3}},"49":{"start":{"line":95,"column":15},"end":{"line":95,"column":35}},"50":{"start":{"line":96,"column":4},"end":{"line":98,"column":5}},"51":{"start":{"line":97,"column":6},"end":{"line":97,"column":63}},"52":{"start":{"line":97,"column":37},"end":{"line":97,"column":61}},"53":{"start":{"line":99,"column":61},"end":{"line":102,"column":6}},"54":{"start":{"line":103,"column":4},"end":{"line":103,"column":61}},"55":{"start":{"line":104,"column":4},"end":{"line":104,"column":48}},"56":{"start":{"line":105,"column":4},"end":{"line":107,"column":5}},"57":{"start":{"line":106,"column":6},"end":{"line":106,"column":75}},"58":{"start":{"line":108,"column":4},"end":{"line":108,"column":29}},"59":{"start":{"line":109,"column":4},"end":{"line":109,"column":41}},"60":{"start":{"line":110,"column":4},"end":{"line":110,"column":103}},"61":{"start":{"line":110,"column":17},"end":{"line":110,"column":103}},"62":{"start":{"line":112,"column":2},"end":{"line":112,"column":31}},"63":{"start":{"line":113,"column":2},"end":{"line":113,"column":52}},"64":{"start":{"line":114,"column":2},"end":{"line":114,"column":30}},"65":{"start":{"line":115,"column":2},"end":{"line":115,"column":12}},"66":{"start":{"line":117,"column":18},"end":{"line":117,"column":71}},"67":{"start":{"line":117,"column":35},"end":{"line":117,"column":63}},"68":{"start":{"line":118,"column":2},"end":{"line":118,"column":59}},"69":{"start":{"line":118,"column":43},"end":{"line":118,"column":59}},"70":{"start":{"line":123,"column":2},"end":{"line":126,"column":4}},"71":{"start":{"line":125,"column":4},"end":{"line":125,"column":33}}},"fnMap":{"0":{"name":"toolsListHandler","decl":{"start":{"line":7,"column":16},"end":{"line":7,"column":32}},"loc":{"start":{"line":7,"column":48},"end":{"line":26,"column":1}}},"1":{"name":"(anonymous_1)","decl":{"start":{"line":8,"column":9},"end":{"line":8,"column":10}},"loc":{"start":{"line":8,"column":42},"end":{"line":25,"column":3}}},"2":{"name":"toolsCallHandler","decl":{"start":{"line":29,"column":16},"end":{"line":29,"column":32}},"loc":{"start":{"line":29,"column":63},"end":{"line":86,"column":1}}},"3":{"name":"(anonymous_3)","decl":{"start":{"line":30,"column":9},"end":{"line":30,"column":14}},"loc":{"start":{"line":30,"column":48},"end":{"line":85,"column":3}}},"4":{"name":"(anonymous_4)","decl":{"start":{"line":32,"column":32},"end":{"line":32,"column":33}},"loc":{"start":{"line":32,"column":39},"end":{"line":32,"column":71}}},"5":{"name":"streamToolResult","decl":{"start":{"line":89,"column":15},"end":{"line":89,"column":31}},"loc":{"start":{"line":92,"column":19},"end":{"line":119,"column":1}}},"6":{"name":"(anonymous_6)","decl":{"start":{"line":97,"column":24},"end":{"line":97,"column":25}},"loc":{"start":{"line":97,"column":37},"end":{"line":97,"column":61}}},"7":{"name":"(anonymous_7)","decl":{"start":{"line":117,"column":29},"end":{"line":117,"column":32}},"loc":{"start":{"line":117,"column":35},"end":{"line":117,"column":63}}},"8":{"name":"notificationsListChangedHandler","decl":{"start":{"line":122,"column":16},"end":{"line":122,"column":47}},"loc":{"start":{"line":122,"column":47},"end":{"line":127,"column":1}}},"9":{"name":"(anonymous_9)","decl":{"start":{"line":123,"column":9},"end":{"line":123,"column":10}},"loc":{"start":{"line":123,"column":42},"end":{"line":126,"column":3}}}},"branchMap":{"0":{"loc":{"start":{"line":10,"column":25},"end":{"line":10,"column":58}},"type":"binary-expr","locations":[{"start":{"line":10,"column":25},"end":{"line":10,"column":51}},{"start":{"line":10,"column":55},"end":{"line":10,"column":58}}]},"1":{"loc":{"start":{"line":11,"column":29},"end":{"line":11,"column":67}},"type":"binary-expr","locations":[{"start":{"line":11,"column":29},"end":{"line":11,"column":59}},{"start":{"line":11,"column":63},"end":{"line":11,"column":67}}]},"2":{"loc":{"start":{"line":13,"column":4},"end":{"line":13,"column":42}},"type":"if","locations":[{"start":{"line":13,"column":4},"end":{"line":13,"column":42}}]},"3":{"loc":{"start":{"line":13,"column":8},"end":{"line":13,"column":31}},"type":"binary-expr","locations":[{"start":{"line":13,"column":8},"end":{"line":13,"column":19}},{"start":{"line":13,"column":23},"end":{"line":13,"column":31}}]},"4":{"loc":{"start":{"line":14,"column":4},"end":{"line":14,"column":55}},"type":"if","locations":[{"start":{"line":14,"column":4},"end":{"line":14,"column":55}}]},"5":{"loc":{"start":{"line":14,"column":8},"end":{"line":14,"column":39}},"type":"binary-expr","locations":[{"start":{"line":14,"column":8},"end":{"line":14,"column":23}},{"start":{"line":14,"column":27},"end":{"line":14,"column":39}}]},"6":{"loc":{"start":{"line":32,"column":39},"end":{"line":32,"column":71}},"type":"binary-expr","locations":[{"start":{"line":32,"column":39},"end":{"line":32,"column":54}},{"start":{"line":32,"column":58},"end":{"line":32,"column":71}}]},"7":{"loc":{"start":{"line":33,"column":4},"end":{"line":36,"column":5}},"type":"if","locations":[{"start":{"line":33,"column":4},"end":{"line":36,"column":5}}]},"8":{"loc":{"start":{"line":38,"column":23},"end":{"line":38,"column":101}},"type":"binary-expr","locations":[{"start":{"line":38,"column":23},"end":{"line":38,"column":43}},{"start":{"line":38,"column":47},"end":{"line":38,"column":73}},{"start":{"line":38,"column":77},"end":{"line":38,"column":101}}]},"9":{"loc":{"start":{"line":39,"column":4},"end":{"line":42,"column":5}},"type":"if","locations":[{"start":{"line":39,"column":4},"end":{"line":42,"column":5}}]},"10":{"loc":{"start":{"line":44,"column":4},"end":{"line":47,"column":5}},"type":"if","locations":[{"start":{"line":44,"column":4},"end":{"line":47,"column":5}}]},"11":{"loc":{"start":{"line":49,"column":20},"end":{"line":49,"column":55}},"type":"binary-expr","locations":[{"start":{"line":49,"column":20},"end":{"line":49,"column":45}},{"start":{"line":49,"column":49},"end":{"line":49,"column":55}}]},"12":{"loc":{"start":{"line":51,"column":4},"end":{"line":67,"column":5}},"type":"if","locations":[{"start":{"line":51,"column":4},"end":{"line":67,"column":5}},{"start":{"line":57,"column":11},"end":{"line":67,"column":5}}]},"13":{"loc":{"start":{"line":53,"column":6},"end":{"line":56,"column":7}},"type":"if","locations":[{"start":{"line":53,"column":6},"end":{"line":56,"column":7}}]},"14":{"loc":{"start":{"line":53,"column":10},"end":{"line":53,"column":55}},"type":"binary-expr","locations":[{"start":{"line":53,"column":10},"end":{"line":53,"column":22}},{"start":{"line":53,"column":26},"end":{"line":53,"column":55}}]},"15":{"loc":{"start":{"line":69,"column":4},"end":{"line":81,"column":5}},"type":"if","locations":[{"start":{"line":69,"column":4},"end":{"line":81,"column":5}}]},"16":{"loc":{"start":{"line":96,"column":4},"end":{"line":98,"column":5}},"type":"if","locations":[{"start":{"line":96,"column":4},"end":{"line":98,"column":5}}]},"17":{"loc":{"start":{"line":101,"column":21},"end":{"line":101,"column":89}},"type":"cond-expr","locations":[{"start":{"line":101,"column":33},"end":{"line":101,"column":77}},{"start":{"line":101,"column":80},"end":{"line":101,"column":89}}]},"18":{"loc":{"start":{"line":103,"column":14},"end":{"line":103,"column":59}},"type":"cond-expr","locations":[{"start":{"line":103,"column":24},"end":{"line":103,"column":53}},{"start":{"line":103,"column":56},"end":{"line":103,"column":59}}]},"19":{"loc":{"start":{"line":105,"column":4},"end":{"line":107,"column":5}},"type":"if","locations":[{"start":{"line":105,"column":4},"end":{"line":107,"column":5}}]},"20":{"loc":{"start":{"line":110,"column":4},"end":{"line":110,"column":103}},"type":"if","locations":[{"start":{"line":110,"column":4},"end":{"line":110,"column":103}}]},"21":{"loc":{"start":{"line":118,"column":2},"end":{"line":118,"column":59}},"type":"if","locations":[{"start":{"line":118,"column":2},"end":{"line":118,"column":59}}]}},"s":{"0":0,"1":0,"2":0,"3":0,"4":0,"5":0,"6":0,"7":0,"8":0,"9":0,"10":0,"11":0,"12":0,"13":0,"14":0,"15":0,"16":0,"17":0,"18":0,"19":0,"20":0,"21":0,"22":0,"23":0,"24":0,"25":0,"26":0,"27":0,"28":0,"29":0,"30":0,"31":0,"32":0,"33":0,"34":0,"35":0,"36":0,"37":0,"38":0,"39":0,"40":0,"41":0,"42":0,"43":0,"44":0,"45":0,"46":0,"47":0,"48":0,"49":0,"50":0,"51":0,"52":0,"53":0,"54":0,"55":0,"56":0,"57":0,"58":0,"59":0,"60":0,"61":0,"62":0,"63":0,"64":0,"65":0,"66":0,"67":0,"68":0,"69":0,"70":0,"71":0},"f":{"0":0,"1":0,"2":0,"3":0,"4":0,"5":0,"6":0,"7":0,"8":0,"9":0},"b":{"0":[0,0],"1":[0,0],"2":[0],"3":[0,0],"4":[0],"5":[0,0],"6":[0,0],"7":[0],"8":[0,0,0],"9":[0],"10":[0],"11":[0,0],"12":[0,0],"13":[0],"14":[0,0],"15":[0],"16":[0],"17":[0,0],"18":[0,0],"19":[0],"20":[0],"21":[0]}}
,"/Users/msigler/Code/CodePipeline-MCP/src/middleware/auth.ts": {"path":"/Users/msigler/Code/CodePipeline-MCP/src/middleware/auth.ts","statementMap":{"0":{"start":{"line":7,"column":0},"end":{"line":7,"column":16}},"1":{"start":{"line":2,"column":0},"end":{"line":2,"column":31}},"2":{"start":{"line":4,"column":19},"end":{"line":4,"column":55}},"3":{"start":{"line":5,"column":19},"end":{"line":5,"column":70}},"4":{"start":{"line":8,"column":21},"end":{"line":8,"column":49}},"5":{"start":{"line":9,"column":2},"end":{"line":11,"column":3}},"6":{"start":{"line":10,"column":4},"end":{"line":10,"column":86}},"7":{"start":{"line":12,"column":16},"end":{"line":12,"column":39}},"8":{"start":{"line":13,"column":2},"end":{"line":22,"column":3}},"9":{"start":{"line":14,"column":20},"end":{"line":14,"column":73}},"10":{"start":{"line":15,"column":4},"end":{"line":15,"column":23}},"11":{"start":{"line":16,"column":4},"end":{"line":16,"column":11}},"12":{"start":{"line":18,"column":4},"end":{"line":20,"column":5}},"13":{"start":{"line":19,"column":6},"end":{"line":19,"column":54}},"14":{"start":{"line":21,"column":4},"end":{"line":21,"column":86}}},"fnMap":{"0":{"name":"authenticateJWT","decl":{"start":{"line":7,"column":16},"end":{"line":7,"column":31}},"loc":{"start":{"line":7,"column":79},"end":{"line":23,"column":1}}}},"branchMap":{"0":{"loc":{"start":{"line":4,"column":19},"end":{"line":4,"column":55}},"type":"binary-expr","locations":[{"start":{"line":4,"column":19},"end":{"line":4,"column":41}},{"start":{"line":4,"column":45},"end":{"line":4,"column":55}}]},"1":{"loc":{"start":{"line":5,"column":19},"end":{"line":5,"column":70}},"type":"binary-expr","locations":[{"start":{"line":5,"column":19},"end":{"line":5,"column":41}},{"start":{"line":5,"column":45},"end":{"line":5,"column":70}}]},"2":{"loc":{"start":{"line":9,"column":2},"end":{"line":11,"column":3}},"type":"if","locations":[{"start":{"line":9,"column":2},"end":{"line":11,"column":3}}]},"3":{"loc":{"start":{"line":18,"column":4},"end":{"line":20,"column":5}},"type":"if","locations":[{"start":{"line":18,"column":4},"end":{"line":20,"column":5}}]}},"s":{"0":0,"1":0,"2":0,"3":0,"4":0,"5":0,"6":0,"7":0,"8":0,"9":0,"10":0,"11":0,"12":0,"13":0,"14":0},"f":{"0":0},"b":{"0":[0,0],"1":[0,0],"2":[0],"3":[0]}}
,"/Users/msigler/Code/CodePipeline-MCP/src/middleware/errorHandler.ts": {"path":"/Users/msigler/Code/CodePipeline-MCP/src/middleware/errorHandler.ts","statementMap":{"0":{"start":{"line":4,"column":0},"end":{"line":4,"column":16}},"1":{"start":{"line":2,"column":0},"end":{"line":2,"column":37}},"2":{"start":{"line":5,"column":2},"end":{"line":12,"column":23}},"3":{"start":{"line":14,"column":2},"end":{"line":16,"column":3}},"4":{"start":{"line":15,"column":4},"end":{"line":15,"column":21}},"5":{"start":{"line":18,"column":2},"end":{"line":18,"column":52}},"6":{"start":{"line":19,"column":17},"end":{"line":19,"column":34}},"7":{"start":{"line":20,"column":17},"end":{"line":20,"column":54}},"8":{"start":{"line":22,"column":2},"end":{"line":27,"column":5}}},"fnMap":{"0":{"name":"errorHandler","decl":{"start":{"line":4,"column":16},"end":{"line":4,"column":28}},"loc":{"start":{"line":4,"column":86},"end":{"line":28,"column":1}}}},"branchMap":{"0":{"loc":{"start":{"line":9,"column":11},"end":{"line":9,"column":42}},"type":"binary-expr","locations":[{"start":{"line":9,"column":11},"end":{"line":9,"column":32}},{"start":{"line":9,"column":36},"end":{"line":9,"column":42}}]},"1":{"loc":{"start":{"line":10,"column":16},"end":{"line":10,"column":45}},"type":"binary-expr","locations":[{"start":{"line":10,"column":16},"end":{"line":10,"column":37}},{"start":{"line":10,"column":41},"end":{"line":10,"column":45}}]},"2":{"loc":{"start":{"line":14,"column":2},"end":{"line":16,"column":3}},"type":"if","locations":[{"start":{"line":14,"column":2},"end":{"line":16,"column":3}}]},"3":{"loc":{"start":{"line":19,"column":17},"end":{"line":19,"column":34}},"type":"binary-expr","locations":[{"start":{"line":19,"column":17},"end":{"line":19,"column":27}},{"start":{"line":19,"column":31},"end":{"line":19,"column":34}}]},"4":{"loc":{"start":{"line":23,"column":11},"end":{"line":23,"column":49}},"type":"binary-expr","locations":[{"start":{"line":23,"column":11},"end":{"line":23,"column":22}},{"start":{"line":23,"column":26},"end":{"line":23,"column":49}}]},"5":{"loc":{"start":{"line":24,"column":10},"end":{"line":24,"column":36}},"type":"binary-expr","locations":[{"start":{"line":24,"column":10},"end":{"line":24,"column":18}},{"start":{"line":24,"column":22},"end":{"line":24,"column":36}}]},"6":{"loc":{"start":{"line":25,"column":8},"end":{"line":25,"column":62}},"type":"cond-expr","locations":[{"start":{"line":25,"column":33},"end":{"line":25,"column":57}},{"start":{"line":25,"column":60},"end":{"line":25,"column":62}}]},"7":{"loc":{"start":{"line":25,"column":8},"end":{"line":25,"column":30}},"type":"binary-expr","locations":[{"start":{"line":25,"column":8},"end":{"line":25,"column":19}},{"start":{"line":25,"column":23},"end":{"line":25,"column":30}}]},"8":{"loc":{"start":{"line":26,"column":8},"end":{"line":26,"column":42}},"type":"cond-expr","locations":[{"start":{"line":26,"column":17},"end":{"line":26,"column":19}},{"start":{"line":26,"column":22},"end":{"line":26,"column":42}}]}},"s":{"0":0,"1":0,"2":0,"3":0,"4":0,"5":0,"6":0,"7":0,"8":0},"f":{"0":0},"b":{"0":[0,0],"1":[0,0],"2":[0],"3":[0,0],"4":[0,0],"5":[0,0],"6":[0,0],"7":[0,0],"8":[0,0]}}
,"/Users/msigler/Code/CodePipeline-MCP/src/middleware/rateLimit.ts": {"path":"/Users/msigler/Code/CodePipeline-MCP/src/middleware/rateLimit.ts","statementMap":{"0":{"start":{"line":36,"column":0},"end":{"line":36,"column":16}},"1":{"start":{"line":5,"column":60},"end":{"line":8,"column":2}},"2":{"start":{"line":12,"column":2},"end":{"line":24,"column":5}},"3":{"start":{"line":19,"column":6},"end":{"line":19,"column":72}},"4":{"start":{"line":20,"column":6},"end":{"line":20,"column":49}},"5":{"start":{"line":21,"column":6},"end":{"line":21,"column":89}},"6":{"start":{"line":22,"column":6},"end":{"line":22,"column":49}},"7":{"start":{"line":28,"column":58},"end":{"line":28,"column":60}},"8":{"start":{"line":29,"column":0},"end":{"line":32,"column":3}},"9":{"start":{"line":30,"column":2},"end":{"line":30,"column":53}},"10":{"start":{"line":31,"column":2},"end":{"line":31,"column":55}},"11":{"start":{"line":33,"column":0},"end":{"line":33,"column":49}},"12":{"start":{"line":34,"column":0},"end":{"line":34,"column":52}},"13":{"start":{"line":37,"column":14},"end":{"line":37,"column":36}},"14":{"start":{"line":39,"column":13},"end":{"line":39,"column":19}},"15":{"start":{"line":40,"column":2},"end":{"line":42,"column":3}},"16":{"start":{"line":41,"column":4},"end":{"line":41,"column":19}},"17":{"start":{"line":43,"column":18},"end":{"line":43,"column":75}},"18":{"start":{"line":44,"column":2},"end":{"line":44,"column":33}}},"fnMap":{"0":{"name":"createRateLimiter","decl":{"start":{"line":11,"column":9},"end":{"line":11,"column":26}},"loc":{"start":{"line":11,"column":38},"end":{"line":25,"column":1}}},"1":{"name":"(anonymous_1)","decl":{"start":{"line":18,"column":13},"end":{"line":18,"column":14}},"loc":{"start":{"line":18,"column":76},"end":{"line":23,"column":5}}},"2":{"name":"(anonymous_2)","decl":{"start":{"line":29,"column":43},"end":{"line":29,"column":44}},"loc":{"start":{"line":29,"column":64},"end":{"line":32,"column":1}}},"3":{"name":"mcpRateLimiter","decl":{"start":{"line":36,"column":16},"end":{"line":36,"column":30}},"loc":{"start":{"line":36,"column":64},"end":{"line":45,"column":1}}}},"branchMap":{"0":{"loc":{"start":{"line":19,"column":41},"end":{"line":19,"column":58}},"type":"binary-expr","locations":[{"start":{"line":19,"column":41},"end":{"line":19,"column":52}},{"start":{"line":19,"column":56},"end":{"line":19,"column":58}}]},"1":{"loc":{"start":{"line":40,"column":2},"end":{"line":42,"column":3}},"type":"if","locations":[{"start":{"line":40,"column":2},"end":{"line":42,"column":3}}]},"2":{"loc":{"start":{"line":40,"column":6},"end":{"line":40,"column":106}},"type":"binary-expr","locations":[{"start":{"line":40,"column":6},"end":{"line":40,"column":34}},{"start":{"line":40,"column":38},"end":{"line":40,"column":55}},{"start":{"line":40,"column":59},"end":{"line":40,"column":77}},{"start":{"line":40,"column":81},"end":{"line":40,"column":106}}]},"3":{"loc":{"start":{"line":43,"column":18},"end":{"line":43,"column":75}},"type":"binary-expr","locations":[{"start":{"line":43,"column":18},"end":{"line":43,"column":44}},{"start":{"line":43,"column":48},"end":{"line":43,"column":75}}]}},"s":{"0":1,"1":1,"2":6,"3":0,"4":0,"5":0,"6":0,"7":1,"8":1,"9":2,"10":2,"11":1,"12":1,"13":7,"14":7,"15":7,"16":2,"17":7,"18":7},"f":{"0":6,"1":0,"2":2,"3":7},"b":{"0":[0,0],"1":[2],"2":[7,6,5,4],"3":[7,2]}}
,"/Users/msigler/Code/CodePipeline-MCP/src/middleware/requestLogger.ts": {"path":"/Users/msigler/Code/CodePipeline-MCP/src/middleware/requestLogger.ts","statementMap":{"0":{"start":{"line":4,"column":0},"end":{"line":4,"column":16}},"1":{"start":{"line":2,"column":0},"end":{"line":2,"column":37}},"2":{"start":{"line":5,"column":16},"end":{"line":5,"column":26}},"3":{"start":{"line":6,"column":2},"end":{"line":15,"column":5}},"4":{"start":{"line":7,"column":4},"end":{"line":14,"column":28}},"5":{"start":{"line":16,"column":2},"end":{"line":16,"column":9}}},"fnMap":{"0":{"name":"requestLogger","decl":{"start":{"line":4,"column":16},"end":{"line":4,"column":29}},"loc":{"start":{"line":4,"column":77},"end":{"line":17,"column":1}}},"1":{"name":"(anonymous_2)","decl":{"start":{"line":6,"column":19},"end":{"line":6,"column":22}},"loc":{"start":{"line":6,"column":24},"end":{"line":15,"column":3}}}},"branchMap":{"0":{"loc":{"start":{"line":12,"column":13},"end":{"line":12,"column":44}},"type":"binary-expr","locations":[{"start":{"line":12,"column":13},"end":{"line":12,"column":34}},{"start":{"line":12,"column":38},"end":{"line":12,"column":44}}]},"1":{"loc":{"start":{"line":13,"column":18},"end":{"line":13,"column":47}},"type":"binary-expr","locations":[{"start":{"line":13,"column":18},"end":{"line":13,"column":39}},{"start":{"line":13,"column":43},"end":{"line":13,"column":47}}]}},"s":{"0":0,"1":0,"2":0,"3":0,"4":0,"5":0},"f":{"0":0,"1":0},"b":{"0":[0,0],"1":[0,0]}}
,"/Users/msigler/Code/CodePipeline-MCP/src/middleware/session.ts": {"path":"/Users/msigler/Code/CodePipeline-MCP/src/middleware/session.ts","statementMap":{"0":{"start":{"line":4,"column":0},"end":{"line":4,"column":16}},"1":{"start":{"line":2,"column":0},"end":{"line":2,"column":36}},"2":{"start":{"line":5,"column":18},"end":{"line":5,"column":67}},"3":{"start":{"line":6,"column":2},"end":{"line":11,"column":3}},"4":{"start":{"line":8,"column":20},"end":{"line":8,"column":51}},"5":{"start":{"line":9,"column":4},"end":{"line":9,"column":40}},"6":{"start":{"line":10,"column":4},"end":{"line":10,"column":45}},"7":{"start":{"line":12,"column":3},"end":{"line":12,"column":37}},"8":{"start":{"line":13,"column":2},"end":{"line":13,"column":9}}},"fnMap":{"0":{"name":"sessionMiddleware","decl":{"start":{"line":4,"column":16},"end":{"line":4,"column":33}},"loc":{"start":{"line":4,"column":81},"end":{"line":14,"column":1}}}},"branchMap":{"0":{"loc":{"start":{"line":6,"column":2},"end":{"line":11,"column":3}},"type":"if","locations":[{"start":{"line":6,"column":2},"end":{"line":11,"column":3}}]},"1":{"loc":{"start":{"line":8,"column":20},"end":{"line":8,"column":51}},"type":"binary-expr","locations":[{"start":{"line":8,"column":20},"end":{"line":8,"column":41}},{"start":{"line":8,"column":45},"end":{"line":8,"column":51}}]}},"s":{"0":0,"1":0,"2":0,"3":0,"4":0,"5":0,"6":0,"7":0,"8":0},"f":{"0":0},"b":{"0":[0],"1":[0,0]}}
,"/Users/msigler/Code/CodePipeline-MCP/src/middleware/validate.ts": {"path":"/Users/msigler/Code/CodePipeline-MCP/src/middleware/validate.ts","statementMap":{"0":{"start":{"line":3,"column":0},"end":{"line":3,"column":16}},"1":{"start":{"line":4,"column":2},"end":{"line":11,"column":4}},"2":{"start":{"line":5,"column":19},"end":{"line":5,"column":45}},"3":{"start":{"line":6,"column":4},"end":{"line":8,"column":5}},"4":{"start":{"line":7,"column":6},"end":{"line":7,"column":99}},"5":{"start":{"line":9,"column":4},"end":{"line":9,"column":27}},"6":{"start":{"line":10,"column":4},"end":{"line":10,"column":11}}},"fnMap":{"0":{"name":"validateBody","decl":{"start":{"line":3,"column":16},"end":{"line":3,"column":28}},"loc":{"start":{"line":3,"column":40},"end":{"line":12,"column":1}}},"1":{"name":"(anonymous_1)","decl":{"start":{"line":4,"column":9},"end":{"line":4,"column":10}},"loc":{"start":{"line":4,"column":61},"end":{"line":11,"column":3}}}},"branchMap":{"0":{"loc":{"start":{"line":6,"column":4},"end":{"line":8,"column":5}},"type":"if","locations":[{"start":{"line":6,"column":4},"end":{"line":8,"column":5}}]}},"s":{"0":0,"1":0,"2":0,"3":0,"4":0,"5":0,"6":0},"f":{"0":0,"1":0},"b":{"0":[0]}}
,"/Users/msigler/Code/CodePipeline-MCP/src/types/toolZodSchemas.ts": {"path":"/Users/msigler/Code/CodePipeline-MCP/src/types/toolZodSchemas.ts","statementMap":{"0":{"start":{"line":1,"column":0},"end":{"line":1,"column":86}},"1":{"start":{"line":2,"column":0},"end":{"line":2,"column":24}},"2":{"start":{"line":5,"column":20},"end":{"line":5,"column":72}},"3":{"start":{"line":6,"column":16},"end":{"line":6,"column":44}},"4":{"start":{"line":7,"column":17},"end":{"line":7,"column":52}},"5":{"start":{"line":10,"column":13},"end":{"line":16,"column":54}},"6":{"start":{"line":11,"column":2},"end":{"line":14,"column":4}},"7":{"start":{"line":15,"column":2},"end":{"line":15,"column":13}}},"fnMap":{"0":{"name":"(anonymous_1)","decl":{"start":{"line":10,"column":46},"end":{"line":10,"column":47}},"loc":{"start":{"line":10,"column":60},"end":{"line":16,"column":1}}}},"branchMap":{},"s":{"0":0,"1":0,"2":0,"3":0,"4":0,"5":0,"6":0,"7":0},"f":{"0":0},"b":{}}
,"/Users/msigler/Code/CodePipeline-MCP/src/utils/jsonSchemaToZod.ts": {"path":"/Users/msigler/Code/CodePipeline-MCP/src/utils/jsonSchemaToZod.ts","statementMap":{"0":{"start":{"line":9,"column":0},"end":{"line":9,"column":16}},"1":{"start":{"line":1,"column":0},"end":{"line":1,"column":36}},"2":{"start":{"line":10,"column":2},"end":{"line":10,"column":60}},"3":{"start":{"line":10,"column":45},"end":{"line":10,"column":60}},"4":{"start":{"line":13,"column":2},"end":{"line":21,"column":3}},"5":{"start":{"line":14,"column":4},"end":{"line":20,"column":5}},"6":{"start":{"line":14,"column":38},"end":{"line":14,"column":59}},"7":{"start":{"line":16,"column":6},"end":{"line":16,"column":58}},"8":{"start":{"line":19,"column":6},"end":{"line":19,"column":64}},"9":{"start":{"line":19,"column":49},"end":{"line":19,"column":61}},"10":{"start":{"line":24,"column":2},"end":{"line":26,"column":3}},"11":{"start":{"line":25,"column":4},"end":{"line":25,"column":35}},"12":{"start":{"line":29,"column":2},"end":{"line":32,"column":3}},"13":{"start":{"line":30,"column":21},"end":{"line":30,"column":87}},"14":{"start":{"line":30,"column":68},"end":{"line":30,"column":86}},"15":{"start":{"line":31,"column":4},"end":{"line":31,"column":29}},"16":{"start":{"line":35,"column":13},"end":{"line":35,"column":24}},"17":{"start":{"line":36,"column":19},"end":{"line":36,"column":24}},"18":{"start":{"line":37,"column":2},"end":{"line":44,"column":3}},"19":{"start":{"line":38,"column":4},"end":{"line":41,"column":5}},"20":{"start":{"line":39,"column":6},"end":{"line":39,"column":24}},"21":{"start":{"line":40,"column":6},"end":{"line":40,"column":57}},"22":{"start":{"line":40,"column":40},"end":{"line":40,"column":52}},"23":{"start":{"line":42,"column":9},"end":{"line":44,"column":3}},"24":{"start":{"line":43,"column":4},"end":{"line":43,"column":22}},"25":{"start":{"line":47,"column":2},"end":{"line":78,"column":3}},"26":{"start":{"line":48,"column":14},"end":{"line":48,"column":24}},"27":{"start":{"line":49,"column":4},"end":{"line":49,"column":72}},"28":{"start":{"line":49,"column":40},"end":{"line":49,"column":72}},"29":{"start":{"line":50,"column":4},"end":{"line":50,"column":72}},"30":{"start":{"line":50,"column":40},"end":{"line":50,"column":72}},"31":{"start":{"line":51,"column":4},"end":{"line":51,"column":68}},"32":{"start":{"line":51,"column":24},"end":{"line":51,"column":68}},"33":{"start":{"line":52,"column":4},"end":{"line":52,"column":15}},"34":{"start":{"line":53,"column":9},"end":{"line":78,"column":3}},"35":{"start":{"line":54,"column":14},"end":{"line":54,"column":24}},"36":{"start":{"line":55,"column":4},"end":{"line":55,"column":68}},"37":{"start":{"line":55,"column":38},"end":{"line":55,"column":68}},"38":{"start":{"line":56,"column":4},"end":{"line":56,"column":68}},"39":{"start":{"line":56,"column":38},"end":{"line":56,"column":68}},"40":{"start":{"line":57,"column":4},"end":{"line":57,"column":44}},"41":{"start":{"line":57,"column":28},"end":{"line":57,"column":44}},"42":{"start":{"line":58,"column":4},"end":{"line":58,"column":15}},"43":{"start":{"line":59,"column":9},"end":{"line":78,"column":3}},"44":{"start":{"line":60,"column":4},"end":{"line":60,"column":23}},"45":{"start":{"line":61,"column":9},"end":{"line":78,"column":3}},"46":{"start":{"line":62,"column":4},"end":{"line":62,"column":50}},"47":{"start":{"line":63,"column":9},"end":{"line":78,"column":3}},"48":{"start":{"line":64,"column":4},"end":{"line":64,"column":53}},"49":{"start":{"line":64,"column":28},"end":{"line":64,"column":53}},"50":{"start":{"line":65,"column":46},"end":{"line":65,"column":48}},"51":{"start":{"line":67,"column":31},"end":{"line":67,"column":80}},"52":{"start":{"line":68,"column":4},"end":{"line":74,"column":5}},"53":{"start":{"line":69,"column":17},"end":{"line":69,"column":44}},"54":{"start":{"line":70,"column":6},"end":{"line":72,"column":7}},"55":{"start":{"line":71,"column":8},"end":{"line":71,"column":31}},"56":{"start":{"line":73,"column":6},"end":{"line":73,"column":24}},"57":{"start":{"line":75,"column":4},"end":{"line":75,"column":27}},"58":{"start":{"line":77,"column":4},"end":{"line":77,"column":19}},"59":{"start":{"line":80,"column":2},"end":{"line":82,"column":3}},"60":{"start":{"line":81,"column":4},"end":{"line":81,"column":27}},"61":{"start":{"line":83,"column":2},"end":{"line":83,"column":14}}},"fnMap":{"0":{"name":"jsonSchemaToZod","decl":{"start":{"line":9,"column":16},"end":{"line":9,"column":31}},"loc":{"start":{"line":9,"column":43},"end":{"line":84,"column":1}}},"1":{"name":"(anonymous_1)","decl":{"start":{"line":14,"column":26},"end":{"line":14,"column":27}},"loc":{"start":{"line":14,"column":38},"end":{"line":14,"column":59}}},"2":{"name":"(anonymous_2)","decl":{"start":{"line":19,"column":37},"end":{"line":19,"column":38}},"loc":{"start":{"line":19,"column":49},"end":{"line":19,"column":61}}},"3":{"name":"(anonymous_3)","decl":{"start":{"line":30,"column":56},"end":{"line":30,"column":57}},"loc":{"start":{"line":30,"column":68},"end":{"line":30,"column":86}}},"4":{"name":"(anonymous_4)","decl":{"start":{"line":40,"column":25},"end":{"line":40,"column":26}},"loc":{"start":{"line":40,"column":40},"end":{"line":40,"column":52}}}},"branchMap":{"0":{"loc":{"start":{"line":10,"column":2},"end":{"line":10,"column":60}},"type":"if","locations":[{"start":{"line":10,"column":2},"end":{"line":10,"column":60}}]},"1":{"loc":{"start":{"line":10,"column":6},"end":{"line":10,"column":43}},"type":"binary-expr","locations":[{"start":{"line":10,"column":6},"end":{"line":10,"column":13}},{"start":{"line":10,"column":17},"end":{"line":10,"column":43}}]},"2":{"loc":{"start":{"line":13,"column":2},"end":{"line":21,"column":3}},"type":"if","locations":[{"start":{"line":13,"column":2},"end":{"line":21,"column":3}}]},"3":{"loc":{"start":{"line":13,"column":6},"end":{"line":13,"column":58}},"type":"binary-expr","locations":[{"start":{"line":13,"column":6},"end":{"line":13,"column":32}},{"start":{"line":13,"column":36},"end":{"line":13,"column":58}}]},"4":{"loc":{"start":{"line":14,"column":4},"end":{"line":20,"column":5}},"type":"if","locations":[{"start":{"line":14,"column":4},"end":{"line":20,"column":5}},{"start":{"line":17,"column":11},"end":{"line":20,"column":5}}]},"5":{"loc":{"start":{"line":24,"column":2},"end":{"line":26,"column":3}},"type":"if","locations":[{"start":{"line":24,"column":2},"end":{"line":26,"column":3}}]},"6":{"loc":{"start":{"line":29,"column":2},"end":{"line":32,"column":3}},"type":"if","locations":[{"start":{"line":29,"column":2},"end":{"line":32,"column":3}}]},"7":{"loc":{"start":{"line":29,"column":6},"end":{"line":29,"column":34}},"type":"binary-expr","locations":[{"start":{"line":29,"column":6},"end":{"line":29,"column":18}},{"start":{"line":29,"column":22},"end":{"line":29,"column":34}}]},"8":{"loc":{"start":{"line":30,"column":22},"end":{"line":30,"column":50}},"type":"binary-expr","locations":[{"start":{"line":30,"column":22},"end":{"line":30,"column":34}},{"start":{"line":30,"column":38},"end":{"line":30,"column":50}}]},"9":{"loc":{"start":{"line":37,"column":2},"end":{"line":44,"column":3}},"type":"if","locations":[{"start":{"line":37,"column":2},"end":{"line":44,"column":3}},{"start":{"line":42,"column":9},"end":{"line":44,"column":3}}]},"10":{"loc":{"start":{"line":38,"column":4},"end":{"line":41,"column":5}},"type":"if","locations":[{"start":{"line":38,"column":4},"end":{"line":41,"column":5}}]},"11":{"loc":{"start":{"line":42,"column":9},"end":{"line":44,"column":3}},"type":"if","locations":[{"start":{"line":42,"column":9},"end":{"line":44,"column":3}}]},"12":{"loc":{"start":{"line":47,"column":2},"end":{"line":78,"column":3}},"type":"if","locations":[{"start":{"line":47,"column":2},"end":{"line":78,"column":3}},{"start":{"line":53,"column":9},"end":{"line":78,"column":3}}]},"13":{"loc":{"start":{"line":49,"column":4},"end":{"line":49,"column":72}},"type":"if","locations":[{"start":{"line":49,"column":4},"end":{"line":49,"column":72}}]},"14":{"loc":{"start":{"line":50,"column":4},"end":{"line":50,"column":72}},"type":"if","locations":[{"start":{"line":50,"column":4},"end":{"line":50,"column":72}}]},"15":{"loc":{"start":{"line":51,"column":4},"end":{"line":51,"column":68}},"type":"if","locations":[{"start":{"line":51,"column":4},"end":{"line":51,"column":68}}]},"16":{"loc":{"start":{"line":53,"column":9},"end":{"line":78,"column":3}},"type":"if","locations":[{"start":{"line":53,"column":9},"end":{"line":78,"column":3}},{"start":{"line":59,"column":9},"end":{"line":78,"column":3}}]},"17":{"loc":{"start":{"line":53,"column":13},"end":{"line":53,"column":52}},"type":"binary-expr","locations":[{"start":{"line":53,"column":13},"end":{"line":53,"column":30}},{"start":{"line":53,"column":34},"end":{"line":53,"column":52}}]},"18":{"loc":{"start":{"line":55,"column":4},"end":{"line":55,"column":68}},"type":"if","locations":[{"start":{"line":55,"column":4},"end":{"line":55,"column":68}}]},"19":{"loc":{"start":{"line":56,"column":4},"end":{"line":56,"column":68}},"type":"if","locations":[{"start":{"line":56,"column":4},"end":{"line":56,"column":68}}]},"20":{"loc":{"start":{"line":57,"column":4},"end":{"line":57,"column":44}},"type":"if","locations":[{"start":{"line":57,"column":4},"end":{"line":57,"column":44}}]},"21":{"loc":{"start":{"line":59,"column":9},"end":{"line":78,"column":3}},"type":"if","locations":[{"start":{"line":59,"column":9},"end":{"line":78,"column":3}},{"start":{"line":61,"column":9},"end":{"line":78,"column":3}}]},"22":{"loc":{"start":{"line":61,"column":9},"end":{"line":78,"column":3}},"type":"if","locations":[{"start":{"line":61,"column":9},"end":{"line":78,"column":3}},{"start":{"line":63,"column":9},"end":{"line":78,"column":3}}]},"23":{"loc":{"start":{"line":63,"column":9},"end":{"line":78,"column":3}},"type":"if","locations":[{"start":{"line":63,"column":9},"end":{"line":78,"column":3}},{"start":{"line":76,"column":9},"end":{"line":78,"column":3}}]},"24":{"loc":{"start":{"line":64,"column":4},"end":{"line":64,"column":53}},"type":"if","locations":[{"start":{"line":64,"column":4},"end":{"line":64,"column":53}}]},"25":{"loc":{"start":{"line":67,"column":31},"end":{"line":67,"column":80}},"type":"binary-expr","locations":[{"start":{"line":67,"column":31},"end":{"line":67,"column":46}},{"start":{"line":67,"column":50},"end":{"line":67,"column":80}}]},"26":{"loc":{"start":{"line":70,"column":6},"end":{"line":72,"column":7}},"type":"if","locations":[{"start":{"line":70,"column":6},"end":{"line":72,"column":7}}]},"27":{"loc":{"start":{"line":80,"column":2},"end":{"line":82,"column":3}},"type":"if","locations":[{"start":{"line":80,"column":2},"end":{"line":82,"column":3}}]}},"s":{"0":0,"1":0,"2":0,"3":0,"4":0,"5":0,"6":0,"7":0,"8":0,"9":0,"10":0,"11":0,"12":0,"13":0,"14":0,"15":0,"16":0,"17":0,"18":0,"19":0,"20":0,"21":0,"22":0,"23":0,"24":0,"25":0,"26":0,"27":0,"28":0,"29":0,"30":0,"31":0,"32":0,"33":0,"34":0,"35":0,"36":0,"37":0,"38":0,"39":0,"40":0,"41":0,"42":0,"43":0,"44":0,"45":0,"46":0,"47":0,"48":0,"49":0,"50":0,"51":0,"52":0,"53":0,"54":0,"55":0,"56":0,"57":0,"58":0,"59":0,"60":0,"61":0},"f":{"0":0,"1":0,"2":0,"3":0,"4":0},"b":{"0":[0],"1":[0,0],"2":[0],"3":[0,0],"4":[0,0],"5":[0],"6":[0],"7":[0,0],"8":[0,0],"9":[0,0],"10":[0],"11":[0],"12":[0,0],"13":[0],"14":[0],"15":[0],"16":[0,0],"17":[0,0],"18":[0],"19":[0],"20":[0],"21":[0,0],"22":[0,0],"23":[0,0],"24":[0],"25":[0,0],"26":[0],"27":[0]}}
,"/Users/msigler/Code/CodePipeline-MCP/src/utils/logger.ts": {"path":"/Users/msigler/Code/CodePipeline-MCP/src/utils/logger.ts","statementMap":{"0":{"start":{"line":1,"column":0},"end":{"line":1,"column":24}},"1":{"start":{"line":2,"column":0},"end":{"line":2,"column":33}},"2":{"start":{"line":3,"column":0},"end":{"line":3,"column":20}},"3":{"start":{"line":4,"column":0},"end":{"line":4,"column":24}},"4":{"start":{"line":6,"column":15},"end":{"line":6,"column":44}},"5":{"start":{"line":7,"column":0},"end":{"line":9,"column":1}},"6":{"start":{"line":8,"column":2},"end":{"line":8,"column":23}},"7":{"start":{"line":11,"column":15},"end":{"line":22,"column":null}},"8":{"start":{"line":25,"column":13},"end":{"line":25,"column":47}},"9":{"start":{"line":26,"column":0},"end":{"line":26,"column":22}}},"fnMap":{},"branchMap":{"0":{"loc":{"start":{"line":6,"column":15},"end":{"line":6,"column":44}},"type":"binary-expr","locations":[{"start":{"line":6,"column":15},"end":{"line":6,"column":34}},{"start":{"line":6,"column":38},"end":{"line":6,"column":44}}]},"1":{"loc":{"start":{"line":7,"column":0},"end":{"line":9,"column":1}},"type":"if","locations":[{"start":{"line":7,"column":0},"end":{"line":9,"column":1}}]},"2":{"loc":{"start":{"line":12,"column":9},"end":{"line":12,"column":40}},"type":"binary-expr","locations":[{"start":{"line":12,"column":9},"end":{"line":12,"column":30}},{"start":{"line":12,"column":34},"end":{"line":12,"column":40}}]},"3":{"loc":{"start":{"line":13,"column":13},"end":{"line":16,"column":15}},"type":"cond-expr","locations":[{"start":{"line":13,"column":54},"end":{"line":16,"column":4}},{"start":{"line":16,"column":6},"end":{"line":16,"column":15}}]}},"s":{"0":0,"1":0,"2":0,"3":0,"4":0,"5":0,"6":0,"7":0,"8":0,"9":0},"f":{},"b":{"0":[0,0],"1":[0],"2":[0,0],"3":[0,0]}}
,"/Users/msigler/Code/CodePipeline-MCP/src/utils/observability.ts": {"path":"/Users/msigler/Code/CodePipeline-MCP/src/utils/observability.ts","statementMap":{"0":{"start":{"line":22,"column":0},"end":{"line":22,"column":16}},"1":{"start":{"line":33,"column":0},"end":{"line":33,"column":16}},"2":{"start":{"line":2,"column":0},"end":{"line":2,"column":50}},"3":{"start":{"line":3,"column":0},"end":{"line":3,"column":88}},"4":{"start":{"line":4,"column":0},"end":{"line":4,"column":80}},"5":{"start":{"line":5,"column":0},"end":{"line":5,"column":72}},"6":{"start":{"line":7,"column":12},"end":{"line":10,"column":2}},"7":{"start":{"line":12,"column":0},"end":{"line":12,"column":12}},"8":{"start":{"line":15,"column":0},"end":{"line":15,"column":33}},"9":{"start":{"line":16,"column":13},"end":{"line":20,"column":3}},"10":{"start":{"line":23,"column":2},"end":{"line":29,"column":5}},"11":{"start":{"line":24,"column":4},"end":{"line":28,"column":7}},"12":{"start":{"line":30,"column":2},"end":{"line":30,"column":9}},"13":{"start":{"line":34,"column":2},"end":{"line":37,"column":5}},"14":{"start":{"line":35,"column":4},"end":{"line":35,"column":57}},"15":{"start":{"line":36,"column":4},"end":{"line":36,"column":45}}},"fnMap":{"0":{"name":"metricsMiddleware","decl":{"start":{"line":22,"column":16},"end":{"line":22,"column":33}},"loc":{"start":{"line":22,"column":48},"end":{"line":31,"column":1}}},"1":{"name":"(anonymous_2)","decl":{"start":{"line":23,"column":19},"end":{"line":23,"column":22}},"loc":{"start":{"line":23,"column":24},"end":{"line":29,"column":3}}},"2":{"name":"exposePrometheusMetrics","decl":{"start":{"line":33,"column":16},"end":{"line":33,"column":39}},"loc":{"start":{"line":33,"column":43},"end":{"line":38,"column":1}}},"3":{"name":"(anonymous_4)","decl":{"start":{"line":34,"column":22},"end":{"line":34,"column":27}},"loc":{"start":{"line":34,"column":42},"end":{"line":37,"column":3}}}},"branchMap":{"0":{"loc":{"start":{"line":26,"column":13},"end":{"line":26,"column":50}},"type":"cond-expr","locations":[{"start":{"line":26,"column":25},"end":{"line":26,"column":39}},{"start":{"line":26,"column":42},"end":{"line":26,"column":50}}]}},"s":{"0":0,"1":0,"2":0,"3":0,"4":0,"5":0,"6":0,"7":0,"8":0,"9":0,"10":0,"11":0,"12":0,"13":0,"14":0,"15":0},"f":{"0":0,"1":0,"2":0,"3":0},"b":{"0":[0,0]}}
,"/Users/msigler/Code/CodePipeline-MCP/src/utils/openapi-to-mcp.ts": {"path":"/Users/msigler/Code/CodePipeline-MCP/src/utils/openapi-to-mcp.ts","statementMap":{"0":{"start":{"line":9,"column":0},"end":{"line":9,"column":16}},"1":{"start":{"line":19,"column":0},"end":{"line":19,"column":16}},"2":{"start":{"line":36,"column":0},"end":{"line":36,"column":16}},"3":{"start":{"line":85,"column":0},"end":{"line":85,"column":16}},"4":{"start":{"line":1,"column":0},"end":{"line":1,"column":20}},"5":{"start":{"line":2,"column":0},"end":{"line":2,"column":24}},"6":{"start":{"line":3,"column":0},"end":{"line":3,"column":52}},"7":{"start":{"line":10,"column":19},"end":{"line":10,"column":44}},"8":{"start":{"line":11,"column":14},"end":{"line":11,"column":48}},"9":{"start":{"line":12,"column":2},"end":{"line":12,"column":25}},"10":{"start":{"line":20,"column":2},"end":{"line":20,"column":78}},"11":{"start":{"line":20,"column":45},"end":{"line":20,"column":78}},"12":{"start":{"line":21,"column":2},"end":{"line":29,"column":3}},"13":{"start":{"line":22,"column":18},"end":{"line":27,"column":17}},"14":{"start":{"line":24,"column":25},"end":{"line":24,"column":85}},"15":{"start":{"line":25,"column":8},"end":{"line":25,"column":66}},"16":{"start":{"line":28,"column":4},"end":{"line":28,"column":57}},"17":{"start":{"line":30,"column":2},"end":{"line":32,"column":3}},"18":{"start":{"line":31,"column":4},"end":{"line":31,"column":71}},"19":{"start":{"line":33,"column":2},"end":{"line":33,"column":35}},"20":{"start":{"line":37,"column":2},"end":{"line":37,"column":28}},"21":{"start":{"line":37,"column":15},"end":{"line":37,"column":28}},"22":{"start":{"line":38,"column":2},"end":{"line":38,"column":48}},"23":{"start":{"line":38,"column":32},"end":{"line":38,"column":48}},"24":{"start":{"line":39,"column":2},"end":{"line":39,"column":77}},"25":{"start":{"line":39,"column":61},"end":{"line":39,"column":77}},"26":{"start":{"line":40,"column":2},"end":{"line":40,"column":50}},"27":{"start":{"line":40,"column":33},"end":{"line":40,"column":50}},"28":{"start":{"line":41,"column":2},"end":{"line":41,"column":78}},"29":{"start":{"line":41,"column":31},"end":{"line":41,"column":78}},"30":{"start":{"line":42,"column":2},"end":{"line":46,"column":3}},"31":{"start":{"line":43,"column":4},"end":{"line":45,"column":22}},"32":{"start":{"line":44,"column":38},"end":{"line":44,"column":70}},"33":{"start":{"line":47,"column":2},"end":{"line":47,"column":15}},"34":{"start":{"line":55,"column":93},"end":{"line":59,"column":4}},"35":{"start":{"line":60,"column":2},"end":{"line":65,"column":3}},"36":{"start":{"line":61,"column":4},"end":{"line":64,"column":5}},"37":{"start":{"line":62,"column":6},"end":{"line":62,"column":78}},"38":{"start":{"line":63,"column":6},"end":{"line":63,"column":64}},"39":{"start":{"line":63,"column":26},"end":{"line":63,"column":64}},"40":{"start":{"line":66,"column":2},"end":{"line":70,"column":3}},"41":{"start":{"line":67,"column":23},"end":{"line":67,"column":72}},"42":{"start":{"line":68,"column":4},"end":{"line":68,"column":48}},"43":{"start":{"line":69,"column":4},"end":{"line":69,"column":38}},"44":{"start":{"line":71,"column":2},"end":{"line":71,"column":21}},"45":{"start":{"line":75,"column":21},"end":{"line":75,"column":23}},"46":{"start":{"line":76,"column":2},"end":{"line":81,"column":3}},"47":{"start":{"line":77,"column":17},"end":{"line":77,"column":59}},"48":{"start":{"line":78,"column":4},"end":{"line":80,"column":5}},"49":{"start":{"line":79,"column":6},"end":{"line":79,"column":61}},"50":{"start":{"line":82,"column":2},"end":{"line":82,"column":22}},"51":{"start":{"line":86,"column":16},"end":{"line":86,"column":18}},"52":{"start":{"line":87,"column":2},"end":{"line":101,"column":3}},"53":{"start":{"line":88,"column":21},"end":{"line":88,"column":55}},"54":{"start":{"line":89,"column":4},"end":{"line":100,"column":5}},"55":{"start":{"line":90,"column":17},"end":{"line":90,"column":33}},"56":{"start":{"line":91,"column":19},"end":{"line":91,"column":83}},"57":{"start":{"line":92,"column":26},"end":{"line":92,"column":60}},"58":{"start":{"line":93,"column":26},"end":{"line":93,"column":46}},"59":{"start":{"line":94,"column":27},"end":{"line":94,"column":48}},"60":{"start":{"line":95,"column":24},"end":{"line":95,"column":79}},"61":{"start":{"line":96,"column":25},"end":{"line":96,"column":82}},"62":{"start":{"line":97,"column":23},"end":{"line":97,"column":51}},"63":{"start":{"line":98,"column":24},"end":{"line":98,"column":53}},"64":{"start":{"line":99,"column":6},"end":{"line":99,"column":111}},"65":{"start":{"line":102,"column":2},"end":{"line":102,"column":15}}},"fnMap":{"0":{"name":"loadOpenApiSpec","decl":{"start":{"line":9,"column":16},"end":{"line":9,"column":31}},"loc":{"start":{"line":9,"column":51},"end":{"line":13,"column":1}}},"1":{"name":"jsonSchemaToTypeScriptType","decl":{"start":{"line":19,"column":16},"end":{"line":19,"column":42}},"loc":{"start":{"line":19,"column":72},"end":{"line":34,"column":1}}},"2":{"name":"(anonymous_3)","decl":{"start":{"line":23,"column":11},"end":{"line":23,"column":12}},"loc":{"start":{"line":23,"column":41},"end":{"line":26,"column":7}}},"3":{"name":"jsonSchemaTypeToTs","decl":{"start":{"line":36,"column":16},"end":{"line":36,"column":34}},"loc":{"start":{"line":36,"column":46},"end":{"line":48,"column":1}}},"4":{"name":"(anonymous_5)","decl":{"start":{"line":44,"column":11},"end":{"line":44,"column":12}},"loc":{"start":{"line":44,"column":38},"end":{"line":44,"column":70}}},"5":{"name":"buildInputSchema","decl":{"start":{"line":54,"column":9},"end":{"line":54,"column":25}},"loc":{"start":{"line":54,"column":33},"end":{"line":72,"column":1}}},"6":{"name":"buildOutputSchema","decl":{"start":{"line":74,"column":9},"end":{"line":74,"column":26}},"loc":{"start":{"line":74,"column":34},"end":{"line":83,"column":1}}},"7":{"name":"extractMcpToolsFromOpenApi","decl":{"start":{"line":85,"column":16},"end":{"line":85,"column":42}},"loc":{"start":{"line":85,"column":55},"end":{"line":103,"column":1}}}},"branchMap":{"0":{"loc":{"start":{"line":20,"column":2},"end":{"line":20,"column":78}},"type":"if","locations":[{"start":{"line":20,"column":2},"end":{"line":20,"column":78}}]},"1":{"loc":{"start":{"line":20,"column":6},"end":{"line":20,"column":43}},"type":"binary-expr","locations":[{"start":{"line":20,"column":6},"end":{"line":20,"column":13}},{"start":{"line":20,"column":17},"end":{"line":20,"column":43}}]},"2":{"loc":{"start":{"line":21,"column":2},"end":{"line":29,"column":3}},"type":"if","locations":[{"start":{"line":21,"column":2},"end":{"line":29,"column":3}}]},"3":{"loc":{"start":{"line":21,"column":6},"end":{"line":21,"column":51}},"type":"binary-expr","locations":[{"start":{"line":21,"column":6},"end":{"line":21,"column":30}},{"start":{"line":21,"column":34},"end":{"line":21,"column":51}}]},"4":{"loc":{"start":{"line":24,"column":25},"end":{"line":24,"column":85}},"type":"cond-expr","locations":[{"start":{"line":24,"column":77},"end":{"line":24,"column":80}},{"start":{"line":24,"column":83},"end":{"line":24,"column":85}}]},"5":{"loc":{"start":{"line":24,"column":25},"end":{"line":24,"column":74}},"type":"binary-expr","locations":[{"start":{"line":24,"column":25},"end":{"line":24,"column":40}},{"start":{"line":24,"column":44},"end":{"line":24,"column":74}}]},"6":{"loc":{"start":{"line":30,"column":2},"end":{"line":32,"column":3}},"type":"if","locations":[{"start":{"line":30,"column":2},"end":{"line":32,"column":3}}]},"7":{"loc":{"start":{"line":37,"column":2},"end":{"line":37,"column":28}},"type":"if","locations":[{"start":{"line":37,"column":2},"end":{"line":37,"column":28}}]},"8":{"loc":{"start":{"line":38,"column":2},"end":{"line":38,"column":48}},"type":"if","locations":[{"start":{"line":38,"column":2},"end":{"line":38,"column":48}}]},"9":{"loc":{"start":{"line":39,"column":2},"end":{"line":39,"column":77}},"type":"if","locations":[{"start":{"line":39,"column":2},"end":{"line":39,"column":77}}]},"10":{"loc":{"start":{"line":39,"column":6},"end":{"line":39,"column":59}},"type":"binary-expr","locations":[{"start":{"line":39,"column":6},"end":{"line":39,"column":30}},{"start":{"line":39,"column":34},"end":{"line":39,"column":59}}]},"11":{"loc":{"start":{"line":40,"column":2},"end":{"line":40,"column":50}},"type":"if","locations":[{"start":{"line":40,"column":2},"end":{"line":40,"column":50}}]},"12":{"loc":{"start":{"line":41,"column":2},"end":{"line":41,"column":78}},"type":"if","locations":[{"start":{"line":41,"column":2},"end":{"line":41,"column":78}}]},"13":{"loc":{"start":{"line":42,"column":2},"end":{"line":46,"column":3}},"type":"if","locations":[{"start":{"line":42,"column":2},"end":{"line":46,"column":3}}]},"14":{"loc":{"start":{"line":42,"column":6},"end":{"line":42,"column":51}},"type":"binary-expr","locations":[{"start":{"line":42,"column":6},"end":{"line":42,"column":30}},{"start":{"line":42,"column":34},"end":{"line":42,"column":51}}]},"15":{"loc":{"start":{"line":60,"column":2},"end":{"line":65,"column":3}},"type":"if","locations":[{"start":{"line":60,"column":2},"end":{"line":65,"column":3}}]},"16":{"loc":{"start":{"line":62,"column":43},"end":{"line":62,"column":77}},"type":"binary-expr","locations":[{"start":{"line":62,"column":43},"end":{"line":62,"column":55}},{"start":{"line":62,"column":59},"end":{"line":62,"column":77}}]},"17":{"loc":{"start":{"line":63,"column":6},"end":{"line":63,"column":64}},"type":"if","locations":[{"start":{"line":63,"column":6},"end":{"line":63,"column":64}}]},"18":{"loc":{"start":{"line":66,"column":2},"end":{"line":70,"column":3}},"type":"if","locations":[{"start":{"line":66,"column":2},"end":{"line":70,"column":3}}]},"19":{"loc":{"start":{"line":66,"column":6},"end":{"line":66,"column":92}},"type":"binary-expr","locations":[{"start":{"line":66,"column":6},"end":{"line":66,"column":20}},{"start":{"line":66,"column":24},"end":{"line":66,"column":46}},{"start":{"line":66,"column":50},"end":{"line":66,"column":92}}]},"20":{"loc":{"start":{"line":76,"column":2},"end":{"line":81,"column":3}},"type":"if","locations":[{"start":{"line":76,"column":2},"end":{"line":81,"column":3}}]},"21":{"loc":{"start":{"line":76,"column":6},"end":{"line":76,"column":66}},"type":"binary-expr","locations":[{"start":{"line":76,"column":6},"end":{"line":76,"column":18}},{"start":{"line":76,"column":23},"end":{"line":76,"column":42}},{"start":{"line":76,"column":46},"end":{"line":76,"column":65}}]},"22":{"loc":{"start":{"line":77,"column":17},"end":{"line":77,"column":59}},"type":"binary-expr","locations":[{"start":{"line":77,"column":17},"end":{"line":77,"column":36}},{"start":{"line":77,"column":40},"end":{"line":77,"column":59}}]},"23":{"loc":{"start":{"line":78,"column":4},"end":{"line":80,"column":5}},"type":"if","locations":[{"start":{"line":78,"column":4},"end":{"line":80,"column":5}}]},"24":{"loc":{"start":{"line":78,"column":8},"end":{"line":78,"column":56}},"type":"binary-expr","locations":[{"start":{"line":78,"column":8},"end":{"line":78,"column":20}},{"start":{"line":78,"column":24},"end":{"line":78,"column":56}}]},"25":{"loc":{"start":{"line":91,"column":19},"end":{"line":91,"column":83}},"type":"binary-expr","locations":[{"start":{"line":91,"column":19},"end":{"line":91,"column":33}},{"start":{"line":91,"column":37},"end":{"line":91,"column":83}}]},"26":{"loc":{"start":{"line":92,"column":26},"end":{"line":92,"column":60}},"type":"binary-expr","locations":[{"start":{"line":92,"column":26},"end":{"line":92,"column":40}},{"start":{"line":92,"column":44},"end":{"line":92,"column":54}},{"start":{"line":92,"column":58},"end":{"line":92,"column":60}}]}},"s":{"0":0,"1":0,"2":0,"3":0,"4":0,"5":0,"6":0,"7":0,"8":0,"9":0,"10":0,"11":0,"12":0,"13":0,"14":0,"15":0,"16":0,"17":0,"18":0,"19":0,"20":0,"21":0,"22":0,"23":0,"24":0,"25":0,"26":0,"27":0,"28":0,"29":0,"30":0,"31":0,"32":0,"33":0,"34":0,"35":0,"36":0,"37":0,"38":0,"39":0,"40":0,"41":0,"42":0,"43":0,"44":0,"45":0,"46":0,"47":0,"48":0,"49":0,"50":0,"51":0,"52":0,"53":0,"54":0,"55":0,"56":0,"57":0,"58":0,"59":0,"60":0,"61":0,"62":0,"63":0,"64":0,"65":0},"f":{"0":0,"1":0,"2":0,"3":0,"4":0,"5":0,"6":0,"7":0},"b":{"0":[0],"1":[0,0],"2":[0],"3":[0,0],"4":[0,0],"5":[0,0],"6":[0],"7":[0],"8":[0],"9":[0],"10":[0,0],"11":[0],"12":[0],"13":[0],"14":[0,0],"15":[0],"16":[0,0],"17":[0],"18":[0],"19":[0,0,0],"20":[0],"21":[0,0,0],"22":[0,0],"23":[0],"24":[0,0],"25":[0,0],"26":[0,0,0]}}
,"/Users/msigler/Code/CodePipeline-MCP/src/utils/sanitizeOutput.ts": {"path":"/Users/msigler/Code/CodePipeline-MCP/src/utils/sanitizeOutput.ts","statementMap":{"0":{"start":{"line":10,"column":0},"end":{"line":10,"column":16}},"1":{"start":{"line":6,"column":23},"end":{"line":6,"column":82}},"2":{"start":{"line":7,"column":23},"end":{"line":7,"column":64}},"3":{"start":{"line":8,"column":18},"end":{"line":8,"column":20}},"4":{"start":{"line":11,"column":2},"end":{"line":11,"column":43}},"5":{"start":{"line":11,"column":26},"end":{"line":11,"column":43}},"6":{"start":{"line":12,"column":2},"end":{"line":14,"column":3}},"7":{"start":{"line":13,"column":4},"end":{"line":13,"column":60}},"8":{"start":{"line":13,"column":27},"end":{"line":13,"column":58}},"9":{"start":{"line":15,"column":2},"end":{"line":29,"column":3}},"10":{"start":{"line":16,"column":39},"end":{"line":16,"column":41}},"11":{"start":{"line":17,"column":4},"end":{"line":25,"column":5}},"12":{"start":{"line":18,"column":23},"end":{"line":18,"column":38}},"13":{"start":{"line":19,"column":6},"end":{"line":19,"column":67}},"14":{"start":{"line":19,"column":35},"end":{"line":19,"column":55}},"15":{"start":{"line":19,"column":58},"end":{"line":19,"column":67}},"16":{"start":{"line":20,"column":6},"end":{"line":20,"column":47}},"17":{"start":{"line":20,"column":38},"end":{"line":20,"column":47}},"18":{"start":{"line":21,"column":24},"end":{"line":21,"column":52}},"19":{"start":{"line":22,"column":6},"end":{"line":24,"column":7}},"20":{"start":{"line":23,"column":8},"end":{"line":23,"column":29}},"21":{"start":{"line":27,"column":4},"end":{"line":27,"column":73}},"22":{"start":{"line":27,"column":56},"end":{"line":27,"column":73}},"23":{"start":{"line":28,"column":4},"end":{"line":28,"column":17}},"24":{"start":{"line":30,"column":2},"end":{"line":39,"column":3}},"25":{"start":{"line":31,"column":4},"end":{"line":38,"column":16}},"26":{"start":{"line":31,"column":42},"end":{"line":38,"column":13}},"27":{"start":{"line":40,"column":2},"end":{"line":40,"column":13}}},"fnMap":{"0":{"name":"sanitizeOutput","decl":{"start":{"line":10,"column":16},"end":{"line":10,"column":30}},"loc":{"start":{"line":10,"column":50},"end":{"line":41,"column":1}}},"1":{"name":"(anonymous_1)","decl":{"start":{"line":13,"column":19},"end":{"line":13,"column":23}},"loc":{"start":{"line":13,"column":27},"end":{"line":13,"column":58}}},"2":{"name":"(anonymous_2)","decl":{"start":{"line":19,"column":30},"end":{"line":19,"column":31}},"loc":{"start":{"line":19,"column":35},"end":{"line":19,"column":55}}},"3":{"name":"(anonymous_3)","decl":{"start":{"line":31,"column":36},"end":{"line":31,"column":37}},"loc":{"start":{"line":31,"column":42},"end":{"line":38,"column":13}}}},"branchMap":{"0":{"loc":{"start":{"line":10,"column":41},"end":{"line":10,"column":50}},"type":"default-arg","locations":[{"start":{"line":10,"column":49},"end":{"line":10,"column":50}}]},"1":{"loc":{"start":{"line":11,"column":2},"end":{"line":11,"column":43}},"type":"if","locations":[{"start":{"line":11,"column":2},"end":{"line":11,"column":43}}]},"2":{"loc":{"start":{"line":12,"column":2},"end":{"line":14,"column":3}},"type":"if","locations":[{"start":{"line":12,"column":2},"end":{"line":14,"column":3}}]},"3":{"loc":{"start":{"line":15,"column":2},"end":{"line":29,"column":3}},"type":"if","locations":[{"start":{"line":15,"column":2},"end":{"line":29,"column":3}}]},"4":{"loc":{"start":{"line":15,"column":6},"end":{"line":15,"column":36}},"type":"binary-expr","locations":[{"start":{"line":15,"column":6},"end":{"line":15,"column":9}},{"start":{"line":15,"column":13},"end":{"line":15,"column":36}}]},"5":{"loc":{"start":{"line":19,"column":6},"end":{"line":19,"column":67}},"type":"if","locations":[{"start":{"line":19,"column":6},"end":{"line":19,"column":67}}]},"6":{"loc":{"start":{"line":20,"column":6},"end":{"line":20,"column":47}},"type":"if","locations":[{"start":{"line":20,"column":6},"end":{"line":20,"column":47}}]},"7":{"loc":{"start":{"line":22,"column":6},"end":{"line":24,"column":7}},"type":"if","locations":[{"start":{"line":22,"column":6},"end":{"line":24,"column":7}}]},"8":{"loc":{"start":{"line":27,"column":4},"end":{"line":27,"column":73}},"type":"if","locations":[{"start":{"line":27,"column":4},"end":{"line":27,"column":73}}]},"9":{"loc":{"start":{"line":27,"column":8},"end":{"line":27,"column":54}},"type":"binary-expr","locations":[{"start":{"line":27,"column":8},"end":{"line":27,"column":39}},{"start":{"line":27,"column":43},"end":{"line":27,"column":54}}]},"10":{"loc":{"start":{"line":30,"column":2},"end":{"line":39,"column":3}},"type":"if","locations":[{"start":{"line":30,"column":2},"end":{"line":39,"column":3}}]},"11":{"loc":{"start":{"line":31,"column":42},"end":{"line":38,"column":13}},"type":"binary-expr","locations":[{"start":{"line":31,"column":42},"end":{"line":38,"column":8}},{"start":{"line":38,"column":12},"end":{"line":38,"column":13}}]}},"s":{"0":0,"1":0,"2":0,"3":0,"4":0,"5":0,"6":0,"7":0,"8":0,"9":0,"10":0,"11":0,"12":0,"13":0,"14":0,"15":0,"16":0,"17":0,"18":0,"19":0,"20":0,"21":0,"22":0,"23":0,"24":0,"25":0,"26":0,"27":0},"f":{"0":0,"1":0,"2":0,"3":0},"b":{"0":[0],"1":[0],"2":[0],"3":[0],"4":[0,0],"5":[0],"6":[0],"7":[0],"8":[0],"9":[0,0],"10":[0],"11":[0,0]}}
,"/Users/msigler/Code/CodePipeline-MCP/src/utils/streamStateStore.ts": {"path":"/Users/msigler/Code/CodePipeline-MCP/src/utils/streamStateStore.ts","statementMap":{"0":{"start":{"line":15,"column":0},"end":{"line":15,"column":16}},"1":{"start":{"line":19,"column":0},"end":{"line":19,"column":16}},"2":{"start":{"line":23,"column":0},"end":{"line":23,"column":16}},"3":{"start":{"line":29,"column":0},"end":{"line":29,"column":16}},"4":{"start":{"line":13,"column":49},"end":{"line":13,"column":51}},"5":{"start":{"line":16,"column":2},"end":{"line":16,"column":33}},"6":{"start":{"line":20,"column":2},"end":{"line":20,"column":32}},"7":{"start":{"line":24,"column":2},"end":{"line":26,"column":3}},"8":{"start":{"line":25,"column":4},"end":{"line":25,"column":50}},"9":{"start":{"line":30,"column":2},"end":{"line":30,"column":32}}},"fnMap":{"0":{"name":"createStreamState","decl":{"start":{"line":15,"column":16},"end":{"line":15,"column":33}},"loc":{"start":{"line":15,"column":71},"end":{"line":17,"column":1}}},"1":{"name":"getStreamState","decl":{"start":{"line":19,"column":16},"end":{"line":19,"column":30}},"loc":{"start":{"line":19,"column":48},"end":{"line":21,"column":1}}},"2":{"name":"updateStreamState","decl":{"start":{"line":23,"column":16},"end":{"line":23,"column":33}},"loc":{"start":{"line":23,"column":81},"end":{"line":27,"column":1}}},"3":{"name":"deleteStreamState","decl":{"start":{"line":29,"column":16},"end":{"line":29,"column":33}},"loc":{"start":{"line":29,"column":51},"end":{"line":31,"column":1}}}},"branchMap":{"0":{"loc":{"start":{"line":24,"column":2},"end":{"line":26,"column":3}},"type":"if","locations":[{"start":{"line":24,"column":2},"end":{"line":26,"column":3}}]}},"s":{"0":0,"1":0,"2":0,"3":0,"4":0,"5":0,"6":0,"7":0,"8":0,"9":0},"f":{"0":0,"1":0,"2":0,"3":0},"b":{"0":[0]}}
}
