TN:
SF:src/index.ts
FN:13,createApp
FN:21,(anonymous_2)
FN:51,(anonymous_3)
FN:67,(anonymous_4)
FNF:4
FNH:0
FNDA:0,createApp
FNDA:0,(anonymous_2)
FNDA:0,(anonymous_3)
FNDA:0,(anonymous_4)
DA:1,0
DA:2,0
DA:3,0
DA:4,0
DA:5,0
DA:6,0
DA:7,0
DA:8,0
DA:9,0
DA:10,0
DA:11,0
DA:13,0
DA:14,0
DA:15,0
DA:16,0
DA:17,0
DA:18,0
DA:21,0
DA:23,0
DA:24,0
DA:27,0
DA:28,0
DA:32,0
DA:33,0
DA:36,0
DA:39,0
DA:40,0
DA:41,0
DA:43,0
DA:46,0
DA:47,0
DA:48,0
DA:51,0
DA:52,0
DA:53,0
DA:54,0
DA:56,0
DA:58,0
DA:62,0
DA:64,0
DA:65,0
DA:66,0
DA:67,0
DA:69,0
LF:44
LH:0
BRDA:27,0,0,0
BRDA:64,1,0,0
BRDA:66,2,0,0
BRDA:66,2,1,0
BRF:4
BRH:0
end_of_record
TN:
SF:src/handlers/mcpHandlers.ts
FN:7,toolsListHandler
FN:8,(anonymous_1)
FN:29,toolsCallHandler
FN:30,(anonymous_3)
FN:32,(anonymous_4)
FN:89,streamToolResult
FN:97,(anonymous_6)
FN:117,(anonymous_7)
FN:122,notificationsListChangedHandler
FN:123,(anonymous_9)
FNF:10
FNH:0
FNDA:0,toolsListHandler
FNDA:0,(anonymous_1)
FNDA:0,toolsCallHandler
FNDA:0,(anonymous_3)
FNDA:0,(anonymous_4)
FNDA:0,streamToolResult
FNDA:0,(anonymous_6)
FNDA:0,(anonymous_7)
FNDA:0,notificationsListChangedHandler
FNDA:0,(anonymous_9)
DA:2,0
DA:3,0
DA:4,0
DA:7,0
DA:8,0
DA:10,0
DA:11,0
DA:13,0
DA:14,0
DA:15,0
DA:16,0
DA:17,0
DA:18,0
DA:29,0
DA:30,0
DA:31,0
DA:32,0
DA:33,0
DA:34,0
DA:35,0
DA:38,0
DA:39,0
DA:40,0
DA:41,0
DA:43,0
DA:44,0
DA:45,0
DA:46,0
DA:48,0
DA:49,0
DA:51,0
DA:52,0
DA:53,0
DA:54,0
DA:55,0
DA:58,0
DA:66,0
DA:69,0
DA:71,0
DA:80,0
DA:82,0
DA:83,0
DA:84,0
DA:94,0
DA:95,0
DA:96,0
DA:97,0
DA:99,0
DA:103,0
DA:104,0
DA:105,0
DA:106,0
DA:108,0
DA:109,0
DA:110,0
DA:112,0
DA:113,0
DA:114,0
DA:115,0
DA:117,0
DA:118,0
DA:122,0
DA:123,0
DA:125,0
LF:64
LH:0
BRDA:10,0,0,0
BRDA:10,0,1,0
BRDA:11,1,0,0
BRDA:11,1,1,0
BRDA:13,2,0,0
BRDA:13,3,0,0
BRDA:13,3,1,0
BRDA:14,4,0,0
BRDA:14,5,0,0
BRDA:14,5,1,0
BRDA:32,6,0,0
BRDA:32,6,1,0
BRDA:33,7,0,0
BRDA:38,8,0,0
BRDA:38,8,1,0
BRDA:38,8,2,0
BRDA:39,9,0,0
BRDA:44,10,0,0
BRDA:49,11,0,0
BRDA:49,11,1,0
BRDA:51,12,0,0
BRDA:51,12,1,0
BRDA:53,13,0,0
BRDA:53,14,0,0
BRDA:53,14,1,0
BRDA:69,15,0,0
BRDA:96,16,0,0
BRDA:101,17,0,0
BRDA:101,17,1,0
BRDA:103,18,0,0
BRDA:103,18,1,0
BRDA:105,19,0,0
BRDA:110,20,0,0
BRDA:118,21,0,0
BRF:34
BRH:0
end_of_record
TN:
SF:src/middleware/auth.ts
FN:7,authenticateJWT
FNF:1
FNH:0
FNDA:0,authenticateJWT
DA:2,0
DA:4,0
DA:5,0
DA:7,0
DA:8,0
DA:9,0
DA:10,0
DA:12,0
DA:13,0
DA:14,0
DA:15,0
DA:16,0
DA:18,0
DA:19,0
DA:21,0
LF:15
LH:0
BRDA:4,0,0,0
BRDA:4,0,1,0
BRDA:5,1,0,0
BRDA:5,1,1,0
BRDA:9,2,0,0
BRDA:18,3,0,0
BRF:6
BRH:0
end_of_record
TN:
SF:src/middleware/errorHandler.ts
FN:4,errorHandler
FNF:1
FNH:0
FNDA:0,errorHandler
DA:2,0
DA:4,0
DA:5,0
DA:14,0
DA:15,0
DA:18,0
DA:19,0
DA:20,0
DA:22,0
LF:9
LH:0
BRDA:9,0,0,0
BRDA:9,0,1,0
BRDA:10,1,0,0
BRDA:10,1,1,0
BRDA:14,2,0,0
BRDA:19,3,0,0
BRDA:19,3,1,0
BRDA:23,4,0,0
BRDA:23,4,1,0
BRDA:24,5,0,0
BRDA:24,5,1,0
BRDA:25,6,0,0
BRDA:25,6,1,0
BRDA:25,7,0,0
BRDA:25,7,1,0
BRDA:26,8,0,0
BRDA:26,8,1,0
BRF:17
BRH:0
end_of_record
TN:
SF:src/middleware/rateLimit.ts
FN:11,createRateLimiter
FN:18,(anonymous_1)
FN:29,(anonymous_2)
FN:36,mcpRateLimiter
FNF:4
FNH:3
FNDA:6,createRateLimiter
FNDA:0,(anonymous_1)
FNDA:2,(anonymous_2)
FNDA:7,mcpRateLimiter
DA:5,1
DA:12,6
DA:19,0
DA:20,0
DA:21,0
DA:22,0
DA:28,1
DA:29,1
DA:30,2
DA:31,2
DA:33,1
DA:34,1
DA:36,1
DA:37,7
DA:39,7
DA:40,7
DA:41,2
DA:43,7
DA:44,7
LF:19
LH:15
BRDA:19,0,0,0
BRDA:19,0,1,0
BRDA:40,1,0,2
BRDA:40,2,0,7
BRDA:40,2,1,6
BRDA:40,2,2,5
BRDA:40,2,3,4
BRDA:43,3,0,7
BRDA:43,3,1,2
BRF:9
BRH:7
end_of_record
TN:
SF:src/middleware/requestLogger.ts
FN:4,requestLogger
FN:6,(anonymous_2)
FNF:2
FNH:0
FNDA:0,requestLogger
FNDA:0,(anonymous_2)
DA:2,0
DA:4,0
DA:5,0
DA:6,0
DA:7,0
DA:16,0
LF:6
LH:0
BRDA:12,0,0,0
BRDA:12,0,1,0
BRDA:13,1,0,0
BRDA:13,1,1,0
BRF:4
BRH:0
end_of_record
TN:
SF:src/middleware/session.ts
FN:4,sessionMiddleware
FNF:1
FNH:0
FNDA:0,sessionMiddleware
DA:2,0
DA:4,0
DA:5,0
DA:6,0
DA:8,0
DA:9,0
DA:10,0
DA:12,0
DA:13,0
LF:9
LH:0
BRDA:6,0,0,0
BRDA:8,1,0,0
BRDA:8,1,1,0
BRF:3
BRH:0
end_of_record
TN:
SF:src/middleware/validate.ts
FN:3,validateBody
FN:4,(anonymous_1)
FNF:2
FNH:0
FNDA:0,validateBody
FNDA:0,(anonymous_1)
DA:3,0
DA:4,0
DA:5,0
DA:6,0
DA:7,0
DA:9,0
DA:10,0
LF:7
LH:0
BRDA:6,0,0,0
BRF:1
BRH:0
end_of_record
TN:
SF:src/types/toolZodSchemas.ts
FN:10,(anonymous_1)
FNF:1
FNH:0
FNDA:0,(anonymous_1)
DA:1,0
DA:2,0
DA:5,0
DA:6,0
DA:7,0
DA:10,0
DA:11,0
DA:15,0
LF:8
LH:0
BRF:0
BRH:0
end_of_record
TN:
SF:src/utils/jsonSchemaToZod.ts
FN:9,jsonSchemaToZod
FN:14,(anonymous_1)
FN:19,(anonymous_2)
FN:30,(anonymous_3)
FN:40,(anonymous_4)
FNF:5
FNH:0
FNDA:0,jsonSchemaToZod
FNDA:0,(anonymous_1)
FNDA:0,(anonymous_2)
FNDA:0,(anonymous_3)
FNDA:0,(anonymous_4)
DA:1,0
DA:9,0
DA:10,0
DA:13,0
DA:14,0
DA:16,0
DA:19,0
DA:24,0
DA:25,0
DA:29,0
DA:30,0
DA:31,0
DA:35,0
DA:36,0
DA:37,0
DA:38,0
DA:39,0
DA:40,0
DA:42,0
DA:43,0
DA:47,0
DA:48,0
DA:49,0
DA:50,0
DA:51,0
DA:52,0
DA:53,0
DA:54,0
DA:55,0
DA:56,0
DA:57,0
DA:58,0
DA:59,0
DA:60,0
DA:61,0
DA:62,0
DA:63,0
DA:64,0
DA:65,0
DA:67,0
DA:68,0
DA:69,0
DA:70,0
DA:71,0
DA:73,0
DA:75,0
DA:77,0
DA:80,0
DA:81,0
DA:83,0
LF:50
LH:0
BRDA:10,0,0,0
BRDA:10,1,0,0
BRDA:10,1,1,0
BRDA:13,2,0,0
BRDA:13,3,0,0
BRDA:13,3,1,0
BRDA:14,4,0,0
BRDA:14,4,1,0
BRDA:24,5,0,0
BRDA:29,6,0,0
BRDA:29,7,0,0
BRDA:29,7,1,0
BRDA:30,8,0,0
BRDA:30,8,1,0
BRDA:37,9,0,0
BRDA:37,9,1,0
BRDA:38,10,0,0
BRDA:42,11,0,0
BRDA:47,12,0,0
BRDA:47,12,1,0
BRDA:49,13,0,0
BRDA:50,14,0,0
BRDA:51,15,0,0
BRDA:53,16,0,0
BRDA:53,16,1,0
BRDA:53,17,0,0
BRDA:53,17,1,0
BRDA:55,18,0,0
BRDA:56,19,0,0
BRDA:57,20,0,0
BRDA:59,21,0,0
BRDA:59,21,1,0
BRDA:61,22,0,0
BRDA:61,22,1,0
BRDA:63,23,0,0
BRDA:63,23,1,0
BRDA:64,24,0,0
BRDA:67,25,0,0
BRDA:67,25,1,0
BRDA:70,26,0,0
BRDA:80,27,0,0
BRF:41
BRH:0
end_of_record
TN:
SF:src/utils/logger.ts
FNF:0
FNH:0
DA:1,0
DA:2,0
DA:3,0
DA:4,0
DA:6,0
DA:7,0
DA:8,0
DA:11,0
DA:25,0
DA:26,0
LF:10
LH:0
BRDA:6,0,0,0
BRDA:6,0,1,0
BRDA:7,1,0,0
BRDA:12,2,0,0
BRDA:12,2,1,0
BRDA:13,3,0,0
BRDA:13,3,1,0
BRF:7
BRH:0
end_of_record
TN:
SF:src/utils/observability.ts
FN:22,metricsMiddleware
FN:23,(anonymous_2)
FN:33,exposePrometheusMetrics
FN:34,(anonymous_4)
FNF:4
FNH:0
FNDA:0,metricsMiddleware
FNDA:0,(anonymous_2)
FNDA:0,exposePrometheusMetrics
FNDA:0,(anonymous_4)
DA:2,0
DA:3,0
DA:4,0
DA:5,0
DA:7,0
DA:12,0
DA:15,0
DA:16,0
DA:22,0
DA:23,0
DA:24,0
DA:30,0
DA:33,0
DA:34,0
DA:35,0
DA:36,0
LF:16
LH:0
BRDA:26,0,0,0
BRDA:26,0,1,0
BRF:2
BRH:0
end_of_record
TN:
SF:src/utils/openapi-to-mcp.ts
FN:9,loadOpenApiSpec
FN:19,jsonSchemaToTypeScriptType
FN:23,(anonymous_3)
FN:36,jsonSchemaTypeToTs
FN:44,(anonymous_5)
FN:54,buildInputSchema
FN:74,buildOutputSchema
FN:85,extractMcpToolsFromOpenApi
FNF:8
FNH:0
FNDA:0,loadOpenApiSpec
FNDA:0,jsonSchemaToTypeScriptType
FNDA:0,(anonymous_3)
FNDA:0,jsonSchemaTypeToTs
FNDA:0,(anonymous_5)
FNDA:0,buildInputSchema
FNDA:0,buildOutputSchema
FNDA:0,extractMcpToolsFromOpenApi
DA:1,0
DA:2,0
DA:3,0
DA:9,0
DA:10,0
DA:11,0
DA:12,0
DA:19,0
DA:20,0
DA:21,0
DA:22,0
DA:24,0
DA:25,0
DA:28,0
DA:30,0
DA:31,0
DA:33,0
DA:36,0
DA:37,0
DA:38,0
DA:39,0
DA:40,0
DA:41,0
DA:42,0
DA:43,0
DA:44,0
DA:47,0
DA:55,0
DA:60,0
DA:61,0
DA:62,0
DA:63,0
DA:66,0
DA:67,0
DA:68,0
DA:69,0
DA:71,0
DA:75,0
DA:76,0
DA:77,0
DA:78,0
DA:79,0
DA:82,0
DA:85,0
DA:86,0
DA:87,0
DA:88,0
DA:89,0
DA:90,0
DA:91,0
DA:92,0
DA:93,0
DA:94,0
DA:95,0
DA:96,0
DA:97,0
DA:98,0
DA:99,0
DA:102,0
LF:59
LH:0
BRDA:20,0,0,0
BRDA:20,1,0,0
BRDA:20,1,1,0
BRDA:21,2,0,0
BRDA:21,3,0,0
BRDA:21,3,1,0
BRDA:24,4,0,0
BRDA:24,4,1,0
BRDA:24,5,0,0
BRDA:24,5,1,0
BRDA:30,6,0,0
BRDA:37,7,0,0
BRDA:38,8,0,0
BRDA:39,9,0,0
BRDA:39,10,0,0
BRDA:39,10,1,0
BRDA:40,11,0,0
BRDA:41,12,0,0
BRDA:42,13,0,0
BRDA:42,14,0,0
BRDA:42,14,1,0
BRDA:60,15,0,0
BRDA:62,16,0,0
BRDA:62,16,1,0
BRDA:63,17,0,0
BRDA:66,18,0,0
BRDA:66,19,0,0
BRDA:66,19,1,0
BRDA:66,19,2,0
BRDA:76,20,0,0
BRDA:76,21,0,0
BRDA:76,21,1,0
BRDA:76,21,2,0
BRDA:77,22,0,0
BRDA:77,22,1,0
BRDA:78,23,0,0
BRDA:78,24,0,0
BRDA:78,24,1,0
BRDA:91,25,0,0
BRDA:91,25,1,0
BRDA:92,26,0,0
BRDA:92,26,1,0
BRDA:92,26,2,0
BRF:43
BRH:0
end_of_record
TN:
SF:src/utils/sanitizeOutput.ts
FN:10,sanitizeOutput
FN:13,(anonymous_1)
FN:19,(anonymous_2)
FN:31,(anonymous_3)
FNF:4
FNH:0
FNDA:0,sanitizeOutput
FNDA:0,(anonymous_1)
FNDA:0,(anonymous_2)
FNDA:0,(anonymous_3)
DA:6,0
DA:7,0
DA:8,0
DA:10,0
DA:11,0
DA:12,0
DA:13,0
DA:15,0
DA:16,0
DA:17,0
DA:18,0
DA:19,0
DA:20,0
DA:21,0
DA:22,0
DA:23,0
DA:27,0
DA:28,0
DA:30,0
DA:31,0
DA:40,0
LF:21
LH:0
BRDA:10,0,0,0
BRDA:11,1,0,0
BRDA:12,2,0,0
BRDA:15,3,0,0
BRDA:15,4,0,0
BRDA:15,4,1,0
BRDA:19,5,0,0
BRDA:20,6,0,0
BRDA:22,7,0,0
BRDA:27,8,0,0
BRDA:27,9,0,0
BRDA:27,9,1,0
BRDA:30,10,0,0
BRDA:31,11,0,0
BRDA:31,11,1,0
BRF:15
BRH:0
end_of_record
TN:
SF:src/utils/streamStateStore.ts
FN:15,createStreamState
FN:19,getStreamState
FN:23,updateStreamState
FN:29,deleteStreamState
FNF:4
FNH:0
FNDA:0,createStreamState
FNDA:0,getStreamState
FNDA:0,updateStreamState
FNDA:0,deleteStreamState
DA:13,0
DA:15,0
DA:16,0
DA:19,0
DA:20,0
DA:23,0
DA:24,0
DA:25,0
DA:29,0
DA:30,0
LF:10
LH:0
BRDA:24,0,0,0
BRF:1
BRH:0
end_of_record
