<?xml version="1.0" encoding="UTF-8"?>
<coverage generated="1751640802356" clover="3.2.0">
  <project timestamp="1751640802356" name="All files">
    <metrics statements="274" coveredstatements="271" conditionals="152" coveredconditionals="144" methods="39" coveredmethods="38" elements="465" coveredelements="453" complexity="0" loc="274" ncloc="274" packages="5" files="13" classes="13"/>
    <package name="src">
      <metrics statements="31" coveredstatements="28" conditionals="3" coveredconditionals="0" methods="2" coveredmethods="1"/>
      <file name="index.ts" path="/Users/msigler/Code/CodePipeline-MCP/src/index.ts">
        <metrics statements="31" coveredstatements="28" conditionals="3" coveredconditionals="0" methods="2" coveredmethods="1"/>
        <line num="1" count="4" type="stmt"/>
        <line num="2" count="4" type="stmt"/>
        <line num="3" count="4" type="stmt"/>
        <line num="4" count="4" type="stmt"/>
        <line num="5" count="4" type="stmt"/>
        <line num="6" count="4" type="stmt"/>
        <line num="7" count="4" type="stmt"/>
        <line num="8" count="4" type="stmt"/>
        <line num="9" count="4" type="stmt"/>
        <line num="10" count="4" type="stmt"/>
        <line num="11" count="4" type="stmt"/>
        <line num="13" count="4" type="stmt"/>
        <line num="14" count="4" type="stmt"/>
        <line num="15" count="4" type="stmt"/>
        <line num="16" count="4" type="stmt"/>
        <line num="17" count="4" type="stmt"/>
        <line num="20" count="4" type="stmt"/>
        <line num="22" count="4" type="stmt"/>
        <line num="23" count="4" type="stmt"/>
        <line num="24" count="4" type="stmt"/>
        <line num="27" count="4" type="stmt"/>
        <line num="28" count="4" type="stmt"/>
        <line num="31" count="4" type="stmt"/>
        <line num="32" count="4" type="stmt"/>
        <line num="33" count="4" type="stmt"/>
        <line num="36" count="4" type="stmt"/>
        <line num="38" count="4" type="stmt"/>
        <line num="40" count="4" type="cond" truecount="0" falsecount="1"/>
        <line num="41" count="0" type="cond" truecount="0" falsecount="2"/>
        <line num="42" count="0" type="stmt"/>
        <line num="44" count="0" type="stmt"/>
      </file>
    </package>
    <package name="src.handlers">
      <metrics statements="57" coveredstatements="57" conditionals="21" coveredconditionals="21" methods="10" coveredmethods="10"/>
      <file name="mcpHandlers.ts" path="/Users/msigler/Code/CodePipeline-MCP/src/handlers/mcpHandlers.ts">
        <metrics statements="57" coveredstatements="57" conditionals="21" coveredconditionals="21" methods="10" coveredmethods="10"/>
        <line num="2" count="5" type="stmt"/>
        <line num="3" count="5" type="stmt"/>
        <line num="4" count="5" type="stmt"/>
        <line num="7" count="5" type="stmt"/>
        <line num="8" count="6" type="stmt"/>
        <line num="10" count="5" type="cond" truecount="2" falsecount="0"/>
        <line num="11" count="5" type="cond" truecount="2" falsecount="0"/>
        <line num="12" count="5" type="stmt"/>
        <line num="13" count="5" type="stmt"/>
        <line num="14" count="5" type="stmt"/>
        <line num="15" count="5" type="stmt"/>
        <line num="26" count="5" type="stmt"/>
        <line num="27" count="14" type="stmt"/>
        <line num="28" count="20" type="stmt"/>
        <line num="29" count="38" type="stmt"/>
        <line num="30" count="20" type="cond" truecount="1" falsecount="0"/>
        <line num="31" count="3" type="stmt"/>
        <line num="32" count="3" type="stmt"/>
        <line num="35" count="17" type="stmt"/>
        <line num="36" count="17" type="cond" truecount="1" falsecount="0"/>
        <line num="37" count="2" type="stmt"/>
        <line num="38" count="2" type="stmt"/>
        <line num="40" count="15" type="stmt"/>
        <line num="41" count="15" type="cond" truecount="1" falsecount="0"/>
        <line num="42" count="3" type="stmt"/>
        <line num="43" count="3" type="stmt"/>
        <line num="46" count="12" type="stmt"/>
        <line num="47" count="12" type="cond" truecount="2" falsecount="0"/>
        <line num="49" count="12" type="cond" truecount="2" falsecount="0"/>
        <line num="50" count="6" type="stmt"/>
        <line num="51" count="6" type="cond" truecount="3" falsecount="0"/>
        <line num="52" count="6" type="stmt"/>
        <line num="53" count="6" type="stmt"/>
        <line num="56" count="6" type="stmt"/>
        <line num="64" count="6" type="stmt"/>
        <line num="66" count="6" type="stmt"/>
        <line num="67" count="6" type="stmt"/>
        <line num="68" count="6" type="stmt"/>
        <line num="78" count="6" type="stmt"/>
        <line num="79" count="30" type="stmt"/>
        <line num="80" count="30" type="stmt"/>
        <line num="84" count="30" type="cond" truecount="2" falsecount="0"/>
        <line num="85" count="30" type="stmt"/>
        <line num="86" count="30" type="cond" truecount="1" falsecount="0"/>
        <line num="87" count="6" type="stmt"/>
        <line num="89" count="30" type="stmt"/>
        <line num="90" count="30" type="stmt"/>
        <line num="91" count="30" type="cond" truecount="1" falsecount="0"/>
        <line num="93" count="6" type="stmt"/>
        <line num="94" count="6" type="stmt"/>
        <line num="95" count="6" type="stmt"/>
        <line num="96" count="6" type="stmt"/>
        <line num="98" count="6" type="stmt"/>
        <line num="99" count="6" type="cond" truecount="1" falsecount="0"/>
        <line num="103" count="5" type="stmt"/>
        <line num="104" count="5" type="stmt"/>
        <line num="106" count="2" type="stmt"/>
      </file>
    </package>
    <package name="src.middleware">
      <metrics statements="40" coveredstatements="40" conditionals="29" coveredconditionals="27" methods="5" coveredmethods="5"/>
      <file name="auth.ts" path="/Users/msigler/Code/CodePipeline-MCP/src/middleware/auth.ts">
        <metrics statements="14" coveredstatements="14" conditionals="5" coveredconditionals="5" methods="1" coveredmethods="1"/>
        <line num="2" count="4" type="stmt"/>
        <line num="4" count="4" type="cond" truecount="2" falsecount="0"/>
        <line num="5" count="4" type="cond" truecount="2" falsecount="0"/>
        <line num="7" count="4" type="stmt"/>
        <line num="8" count="19" type="stmt"/>
        <line num="9" count="19" type="cond" truecount="1" falsecount="0"/>
        <line num="10" count="1" type="stmt"/>
        <line num="12" count="18" type="stmt"/>
        <line num="13" count="18" type="stmt"/>
        <line num="14" count="18" type="stmt"/>
        <line num="15" count="17" type="stmt"/>
        <line num="16" count="17" type="stmt"/>
        <line num="18" count="1" type="stmt"/>
        <line num="19" count="1" type="stmt"/>
      </file>
      <file name="errorHandler.ts" path="/Users/msigler/Code/CodePipeline-MCP/src/middleware/errorHandler.ts">
        <metrics statements="9" coveredstatements="9" conditionals="17" coveredconditionals="15" methods="1" coveredmethods="1"/>
        <line num="2" count="5" type="stmt"/>
        <line num="4" count="5" type="stmt"/>
        <line num="5" count="8" type="stmt"/>
        <line num="14" count="8" type="cond" truecount="1" falsecount="0"/>
        <line num="15" count="1" type="stmt"/>
        <line num="18" count="7" type="stmt"/>
        <line num="19" count="7" type="cond" truecount="2" falsecount="0"/>
        <line num="20" count="7" type="stmt"/>
        <line num="22" count="7" type="stmt"/>
      </file>
      <file name="rateLimit.ts" path="/Users/msigler/Code/CodePipeline-MCP/src/middleware/rateLimit.ts">
        <metrics statements="2" coveredstatements="2" conditionals="0" coveredconditionals="0" methods="0" coveredmethods="0"/>
        <line num="1" count="4" type="stmt"/>
        <line num="3" count="4" type="stmt"/>
      </file>
      <file name="requestLogger.ts" path="/Users/msigler/Code/CodePipeline-MCP/src/middleware/requestLogger.ts">
        <metrics statements="6" coveredstatements="6" conditionals="4" coveredconditionals="4" methods="2" coveredmethods="2"/>
        <line num="2" count="4" type="stmt"/>
        <line num="4" count="4" type="stmt"/>
        <line num="5" count="22" type="stmt"/>
        <line num="6" count="22" type="stmt"/>
        <line num="7" count="22" type="stmt"/>
        <line num="16" count="22" type="stmt"/>
      </file>
      <file name="session.ts" path="/Users/msigler/Code/CodePipeline-MCP/src/middleware/session.ts">
        <metrics statements="9" coveredstatements="9" conditionals="3" coveredconditionals="3" methods="1" coveredmethods="1"/>
        <line num="2" count="5" type="stmt"/>
        <line num="4" count="5" type="stmt"/>
        <line num="5" count="20" type="stmt"/>
        <line num="6" count="20" type="cond" truecount="1" falsecount="0"/>
        <line num="8" count="19" type="cond" truecount="2" falsecount="0"/>
        <line num="9" count="19" type="stmt"/>
        <line num="10" count="19" type="stmt"/>
        <line num="12" count="20" type="stmt"/>
        <line num="13" count="20" type="stmt"/>
      </file>
    </package>
    <package name="src.types">
      <metrics statements="8" coveredstatements="8" conditionals="0" coveredconditionals="0" methods="1" coveredmethods="1"/>
      <file name="toolZodSchemas.ts" path="/Users/msigler/Code/CodePipeline-MCP/src/types/toolZodSchemas.ts">
        <metrics statements="8" coveredstatements="8" conditionals="0" coveredconditionals="0" methods="1" coveredmethods="1"/>
        <line num="1" count="5" type="stmt"/>
        <line num="2" count="5" type="stmt"/>
        <line num="5" count="5" type="stmt"/>
        <line num="6" count="5" type="stmt"/>
        <line num="7" count="5" type="stmt"/>
        <line num="10" count="5" type="stmt"/>
        <line num="11" count="75" type="stmt"/>
        <line num="15" count="75" type="stmt"/>
      </file>
    </package>
    <package name="src.utils">
      <metrics statements="138" coveredstatements="138" conditionals="99" coveredconditionals="96" methods="21" coveredmethods="21"/>
      <file name="jsonSchemaToZod.ts" path="/Users/msigler/Code/CodePipeline-MCP/src/utils/jsonSchemaToZod.ts">
        <metrics statements="49" coveredstatements="49" conditionals="40" coveredconditionals="39" methods="5" coveredmethods="5"/>
        <line num="1" count="8" type="stmt"/>
        <line num="9" count="8" type="stmt"/>
        <line num="10" count="624" type="cond" truecount="3" falsecount="0"/>
        <line num="13" count="623" type="cond" truecount="3" falsecount="0"/>
        <line num="14" count="41" type="cond" truecount="2" falsecount="0"/>
        <line num="16" count="10" type="stmt"/>
        <line num="19" count="3" type="stmt"/>
        <line num="24" count="612" type="cond" truecount="1" falsecount="0"/>
        <line num="25" count="2" type="stmt"/>
        <line num="29" count="610" type="cond" truecount="3" falsecount="0"/>
        <line num="30" count="4" type="cond" truecount="2" falsecount="0"/>
        <line num="31" count="2" type="stmt"/>
        <line num="35" count="608" type="stmt"/>
        <line num="36" count="608" type="stmt"/>
        <line num="37" count="608" type="cond" truecount="2" falsecount="0"/>
        <line num="38" count="1" type="cond" truecount="1" falsecount="0"/>
        <line num="39" count="1" type="stmt"/>
        <line num="40" count="2" type="stmt"/>
        <line num="42" count="607" type="cond" truecount="1" falsecount="0"/>
        <line num="43" count="1" type="stmt"/>
        <line num="47" count="608" type="cond" truecount="2" falsecount="0"/>
        <line num="48" count="261" type="stmt"/>
        <line num="49" count="261" type="cond" truecount="1" falsecount="0"/>
        <line num="50" count="261" type="cond" truecount="1" falsecount="0"/>
        <line num="51" count="261" type="cond" truecount="0" falsecount="1"/>
        <line num="52" count="261" type="stmt"/>
        <line num="53" count="347" type="cond" truecount="4" falsecount="0"/>
        <line num="54" count="5" type="stmt"/>
        <line num="55" count="5" type="cond" truecount="1" falsecount="0"/>
        <line num="56" count="5" type="cond" truecount="1" falsecount="0"/>
        <line num="57" count="5" type="stmt"/>
        <line num="58" count="342" type="cond" truecount="2" falsecount="0"/>
        <line num="59" count="2" type="stmt"/>
        <line num="60" count="340" type="cond" truecount="2" falsecount="0"/>
        <line num="61" count="1" type="stmt"/>
        <line num="62" count="339" type="cond" truecount="2" falsecount="0"/>
        <line num="63" count="140" type="cond" truecount="1" falsecount="0"/>
        <line num="64" count="139" type="stmt"/>
        <line num="66" count="139" type="cond" truecount="2" falsecount="0"/>
        <line num="67" count="139" type="stmt"/>
        <line num="68" count="328" type="stmt"/>
        <line num="69" count="328" type="cond" truecount="1" falsecount="0"/>
        <line num="70" count="47" type="stmt"/>
        <line num="72" count="328" type="stmt"/>
        <line num="74" count="139" type="stmt"/>
        <line num="76" count="199" type="stmt"/>
        <line num="79" count="607" type="cond" truecount="1" falsecount="0"/>
        <line num="80" count="2" type="stmt"/>
        <line num="82" count="605" type="stmt"/>
      </file>
      <file name="logger.ts" path="/Users/msigler/Code/CodePipeline-MCP/src/utils/logger.ts">
        <metrics statements="3" coveredstatements="3" conditionals="4" coveredconditionals="4" methods="0" coveredmethods="0"/>
        <line num="1" count="6" type="stmt"/>
        <line num="3" count="6" type="stmt"/>
        <line num="11" count="6" type="stmt"/>
      </file>
      <file name="openapi-to-mcp.ts" path="/Users/msigler/Code/CodePipeline-MCP/src/utils/openapi-to-mcp.ts">
        <metrics statements="59" coveredstatements="59" conditionals="43" coveredconditionals="42" methods="8" coveredmethods="8"/>
        <line num="1" count="7" type="stmt"/>
        <line num="2" count="7" type="stmt"/>
        <line num="3" count="7" type="stmt"/>
        <line num="9" count="7" type="stmt"/>
        <line num="10" count="9" type="stmt"/>
        <line num="11" count="9" type="stmt"/>
        <line num="12" count="9" type="stmt"/>
        <line num="19" count="7" type="stmt"/>
        <line num="20" count="278" type="cond" truecount="3" falsecount="0"/>
        <line num="21" count="276" type="cond" truecount="3" falsecount="0"/>
        <line num="22" count="138" type="stmt"/>
        <line num="24" count="327" type="cond" truecount="4" falsecount="0"/>
        <line num="25" count="327" type="stmt"/>
        <line num="28" count="138" type="stmt"/>
        <line num="30" count="138" type="cond" truecount="1" falsecount="0"/>
        <line num="31" count="1" type="stmt"/>
        <line num="33" count="137" type="stmt"/>
        <line num="36" count="7" type="stmt"/>
        <line num="37" count="341" type="cond" truecount="1" falsecount="0"/>
        <line num="38" count="340" type="cond" truecount="1" falsecount="0"/>
        <line num="39" count="73" type="cond" truecount="3" falsecount="0"/>
        <line num="40" count="68" type="cond" truecount="1" falsecount="0"/>
        <line num="41" count="67" type="cond" truecount="1" falsecount="0"/>
        <line num="42" count="65" type="cond" truecount="3" falsecount="0"/>
        <line num="43" count="1" type="stmt"/>
        <line num="44" count="2" type="stmt"/>
        <line num="47" count="64" type="stmt"/>
        <line num="55" count="137" type="stmt"/>
        <line num="60" count="137" type="cond" truecount="1" falsecount="0"/>
        <line num="61" count="137" type="stmt"/>
        <line num="62" count="262" type="cond" truecount="1" falsecount="1"/>
        <line num="63" count="262" type="cond" truecount="1" falsecount="0"/>
        <line num="66" count="137" type="cond" truecount="4" falsecount="0"/>
        <line num="67" count="63" type="stmt"/>
        <line num="68" count="63" type="stmt"/>
        <line num="69" count="63" type="stmt"/>
        <line num="71" count="137" type="stmt"/>
        <line num="75" count="137" type="stmt"/>
        <line num="76" count="137" type="cond" truecount="4" falsecount="0"/>
        <line num="77" count="137" type="cond" truecount="2" falsecount="0"/>
        <line num="78" count="137" type="cond" truecount="3" falsecount="0"/>
        <line num="79" count="137" type="stmt"/>
        <line num="82" count="137" type="stmt"/>
        <line num="85" count="7" type="stmt"/>
        <line num="86" count="11" type="stmt"/>
        <line num="87" count="11" type="stmt"/>
        <line num="88" count="119" type="stmt"/>
        <line num="89" count="119" type="stmt"/>
        <line num="90" count="137" type="stmt"/>
        <line num="91" count="137" type="cond" truecount="2" falsecount="0"/>
        <line num="92" count="137" type="cond" truecount="3" falsecount="0"/>
        <line num="93" count="137" type="stmt"/>
        <line num="94" count="137" type="stmt"/>
        <line num="95" count="137" type="stmt"/>
        <line num="96" count="137" type="stmt"/>
        <line num="97" count="137" type="stmt"/>
        <line num="98" count="137" type="stmt"/>
        <line num="99" count="137" type="stmt"/>
        <line num="102" count="11" type="stmt"/>
      </file>
      <file name="sanitizeOutput.ts" path="/Users/msigler/Code/CodePipeline-MCP/src/utils/sanitizeOutput.ts">
        <metrics statements="17" coveredstatements="17" conditionals="11" coveredconditionals="10" methods="4" coveredmethods="4"/>
        <line num="6" count="6" type="stmt"/>
        <line num="7" count="6" type="stmt"/>
        <line num="8" count="6" type="stmt"/>
        <line num="10" count="6" type="cond" truecount="1" falsecount="0"/>
        <line num="11" count="74" type="cond" truecount="1" falsecount="0"/>
        <line num="12" count="72" type="cond" truecount="1" falsecount="0"/>
        <line num="13" count="71" type="cond" truecount="3" falsecount="0"/>
        <line num="14" count="36" type="stmt"/>
        <line num="15" count="36" type="stmt"/>
        <line num="16" count="71" type="stmt"/>
        <line num="17" count="401" type="cond" truecount="1" falsecount="0"/>
        <line num="18" count="62" type="cond" truecount="1" falsecount="0"/>
        <line num="19" count="60" type="stmt"/>
        <line num="21" count="36" type="stmt"/>
        <line num="23" count="35" type="cond" truecount="1" falsecount="0"/>
        <line num="25" count="12" type="cond" truecount="1" falsecount="1"/>
        <line num="34" count="23" type="stmt"/>
      </file>
      <file name="streamStateStore.ts" path="/Users/msigler/Code/CodePipeline-MCP/src/utils/streamStateStore.ts">
        <metrics statements="10" coveredstatements="10" conditionals="1" coveredconditionals="1" methods="4" coveredmethods="4"/>
        <line num="13" count="6" type="stmt"/>
        <line num="15" count="6" type="stmt"/>
        <line num="16" count="6" type="stmt"/>
        <line num="19" count="6" type="stmt"/>
        <line num="20" count="5" type="stmt"/>
        <line num="23" count="6" type="stmt"/>
        <line num="24" count="16" type="cond" truecount="1" falsecount="0"/>
        <line num="25" count="16" type="stmt"/>
        <line num="29" count="6" type="stmt"/>
        <line num="30" count="4" type="stmt"/>
      </file>
    </package>
  </project>
</coverage>
