{"/Users/msigler/Code/CodePipeline-MCP/src/index.ts": {"path":"/Users/msigler/Code/CodePipeline-MCP/src/index.ts","statementMap":{"0":{"start":{"line":1,"column":0},"end":{"line":1,"column":30}},"1":{"start":{"line":2,"column":0},"end":{"line":2,"column":24}},"2":{"start":{"line":3,"column":0},"end":{"line":3,"column":28}},"3":{"start":{"line":4,"column":0},"end":{"line":4,"column":35}},"4":{"start":{"line":5,"column":0},"end":{"line":5,"column":85}},"5":{"start":{"line":6,"column":0},"end":{"line":6,"column":109}},"6":{"start":{"line":7,"column":0},"end":{"line":7,"column":52}},"7":{"start":{"line":8,"column":0},"end":{"line":8,"column":56}},"8":{"start":{"line":9,"column":0},"end":{"line":9,"column":57}},"9":{"start":{"line":10,"column":0},"end":{"line":10,"column":57}},"10":{"start":{"line":11,"column":0},"end":{"line":11,"column":59}},"11":{"start":{"line":13,"column":12},"end":{"line":13,"column":21}},"12":{"start":{"line":14,"column":0},"end":{"line":14,"column":32}},"13":{"start":{"line":15,"column":0},"end":{"line":15,"column":16}},"14":{"start":{"line":16,"column":0},"end":{"line":16,"column":18}},"15":{"start":{"line":17,"column":0},"end":{"line":17,"column":23}},"16":{"start":{"line":20,"column":0},"end":{"line":20,"column":75}},"17":{"start":{"line":20,"column":35},"end":{"line":20,"column":73}},"18":{"start":{"line":22,"column":0},"end":{"line":22,"column":25}},"19":{"start":{"line":23,"column":0},"end":{"line":23,"column":27}},"20":{"start":{"line":24,"column":0},"end":{"line":24,"column":24}},"21":{"start":{"line":27,"column":16},"end":{"line":27,"column":54}},"22":{"start":{"line":28,"column":17},"end":{"line":28,"column":52}},"23":{"start":{"line":31,"column":0},"end":{"line":31,"column":56}},"24":{"start":{"line":32,"column":0},"end":{"line":32,"column":65}},"25":{"start":{"line":33,"column":0},"end":{"line":33,"column":84}},"26":{"start":{"line":36,"column":0},"end":{"line":36,"column":22}},"27":{"start":{"line":38,"column":0},"end":{"line":38,"column":19}},"28":{"start":{"line":40,"column":0},"end":{"line":46,"column":1}},"29":{"start":{"line":41,"column":15},"end":{"line":41,"column":39}},"30":{"start":{"line":42,"column":2},"end":{"line":45,"column":5}},"31":{"start":{"line":44,"column":4},"end":{"line":44,"column":56}}},"fnMap":{"0":{"name":"(anonymous_1)","decl":{"start":{"line":20,"column":20},"end":{"line":20,"column":21}},"loc":{"start":{"line":20,"column":35},"end":{"line":20,"column":73}}},"1":{"name":"(anonymous_2)","decl":{"start":{"line":42,"column":19},"end":{"line":42,"column":22}},"loc":{"start":{"line":42,"column":24},"end":{"line":45,"column":3}}}},"branchMap":{"0":{"loc":{"start":{"line":40,"column":0},"end":{"line":46,"column":1}},"type":"if","locations":[{"start":{"line":40,"column":0},"end":{"line":46,"column":1}}]},"1":{"loc":{"start":{"line":41,"column":15},"end":{"line":41,"column":39}},"type":"binary-expr","locations":[{"start":{"line":41,"column":15},"end":{"line":41,"column":31}},{"start":{"line":41,"column":35},"end":{"line":41,"column":39}}]}},"s":{"0":4,"1":4,"2":4,"3":4,"4":4,"5":4,"6":4,"7":4,"8":4,"9":4,"10":4,"11":4,"12":4,"13":4,"14":4,"15":4,"16":4,"17":3,"18":4,"19":4,"20":4,"21":4,"22":4,"23":4,"24":4,"25":4,"26":4,"27":4,"28":4,"29":0,"30":0,"31":0},"f":{"0":3,"1":0},"b":{"0":[0],"1":[0,0]}}
,"/Users/msigler/Code/CodePipeline-MCP/src/handlers/mcpHandlers.ts": {"path":"/Users/msigler/Code/CodePipeline-MCP/src/handlers/mcpHandlers.ts","statementMap":{"0":{"start":{"line":7,"column":0},"end":{"line":7,"column":16}},"1":{"start":{"line":26,"column":0},"end":{"line":26,"column":16}},"2":{"start":{"line":103,"column":0},"end":{"line":103,"column":16}},"3":{"start":{"line":2,"column":0},"end":{"line":2,"column":57}},"4":{"start":{"line":3,"column":0},"end":{"line":3,"column":116}},"5":{"start":{"line":4,"column":0},"end":{"line":4,"column":57}},"6":{"start":{"line":8,"column":2},"end":{"line":22,"column":4}},"7":{"start":{"line":10,"column":17},"end":{"line":10,"column":65}},"8":{"start":{"line":11,"column":21},"end":{"line":11,"column":74}},"9":{"start":{"line":12,"column":18},"end":{"line":12,"column":39}},"10":{"start":{"line":13,"column":16},"end":{"line":13,"column":32}},"11":{"start":{"line":14,"column":27},"end":{"line":14,"column":53}},"12":{"start":{"line":15,"column":4},"end":{"line":21,"column":7}},"13":{"start":{"line":27,"column":2},"end":{"line":69,"column":4}},"14":{"start":{"line":28,"column":46},"end":{"line":28,"column":58}},"15":{"start":{"line":29,"column":18},"end":{"line":29,"column":55}},"16":{"start":{"line":29,"column":39},"end":{"line":29,"column":54}},"17":{"start":{"line":30,"column":4},"end":{"line":33,"column":5}},"18":{"start":{"line":31,"column":6},"end":{"line":31,"column":56}},"19":{"start":{"line":32,"column":6},"end":{"line":32,"column":13}},"20":{"start":{"line":35,"column":23},"end":{"line":35,"column":43}},"21":{"start":{"line":36,"column":4},"end":{"line":39,"column":5}},"22":{"start":{"line":37,"column":6},"end":{"line":37,"column":78}},"23":{"start":{"line":38,"column":6},"end":{"line":38,"column":13}},"24":{"start":{"line":40,"column":19},"end":{"line":40,"column":53}},"25":{"start":{"line":41,"column":4},"end":{"line":44,"column":5}},"26":{"start":{"line":42,"column":6},"end":{"line":42,"column":90}},"27":{"start":{"line":43,"column":6},"end":{"line":43,"column":13}},"28":{"start":{"line":46,"column":23},"end":{"line":46,"column":48}},"29":{"start":{"line":47,"column":20},"end":{"line":47,"column":55}},"30":{"start":{"line":49,"column":4},"end":{"line":65,"column":5}},"31":{"start":{"line":50,"column":6},"end":{"line":50,"column":52}},"32":{"start":{"line":51,"column":6},"end":{"line":54,"column":7}},"33":{"start":{"line":52,"column":8},"end":{"line":52,"column":88}},"34":{"start":{"line":53,"column":8},"end":{"line":53,"column":15}},"35":{"start":{"line":56,"column":6},"end":{"line":63,"column":8}},"36":{"start":{"line":64,"column":6},"end":{"line":64,"column":48}},"37":{"start":{"line":66,"column":4},"end":{"line":66,"column":54}},"38":{"start":{"line":67,"column":4},"end":{"line":67,"column":50}},"39":{"start":{"line":68,"column":4},"end":{"line":68,"column":56}},"40":{"start":{"line":78,"column":2},"end":{"line":92,"column":3}},"41":{"start":{"line":78,"column":15},"end":{"line":78,"column":35}},"42":{"start":{"line":79,"column":4},"end":{"line":79,"column":61}},"43":{"start":{"line":79,"column":35},"end":{"line":79,"column":59}},"44":{"start":{"line":80,"column":61},"end":{"line":83,"column":6}},"45":{"start":{"line":84,"column":4},"end":{"line":84,"column":61}},"46":{"start":{"line":85,"column":4},"end":{"line":85,"column":48}},"47":{"start":{"line":86,"column":4},"end":{"line":88,"column":5}},"48":{"start":{"line":87,"column":6},"end":{"line":87,"column":75}},"49":{"start":{"line":89,"column":4},"end":{"line":89,"column":29}},"50":{"start":{"line":90,"column":4},"end":{"line":90,"column":41}},"51":{"start":{"line":91,"column":4},"end":{"line":91,"column":103}},"52":{"start":{"line":91,"column":17},"end":{"line":91,"column":103}},"53":{"start":{"line":93,"column":2},"end":{"line":93,"column":31}},"54":{"start":{"line":94,"column":2},"end":{"line":94,"column":52}},"55":{"start":{"line":95,"column":2},"end":{"line":95,"column":30}},"56":{"start":{"line":96,"column":2},"end":{"line":96,"column":12}},"57":{"start":{"line":98,"column":18},"end":{"line":98,"column":71}},"58":{"start":{"line":98,"column":35},"end":{"line":98,"column":63}},"59":{"start":{"line":99,"column":2},"end":{"line":99,"column":59}},"60":{"start":{"line":99,"column":43},"end":{"line":99,"column":59}},"61":{"start":{"line":104,"column":2},"end":{"line":107,"column":4}},"62":{"start":{"line":106,"column":4},"end":{"line":106,"column":33}}},"fnMap":{"0":{"name":"toolsListHandler","decl":{"start":{"line":7,"column":16},"end":{"line":7,"column":32}},"loc":{"start":{"line":7,"column":48},"end":{"line":23,"column":1}}},"1":{"name":"(anonymous_1)","decl":{"start":{"line":8,"column":9},"end":{"line":8,"column":10}},"loc":{"start":{"line":8,"column":42},"end":{"line":22,"column":3}}},"2":{"name":"toolsCallHandler","decl":{"start":{"line":26,"column":16},"end":{"line":26,"column":32}},"loc":{"start":{"line":26,"column":63},"end":{"line":70,"column":1}}},"3":{"name":"(anonymous_3)","decl":{"start":{"line":27,"column":9},"end":{"line":27,"column":14}},"loc":{"start":{"line":27,"column":48},"end":{"line":69,"column":3}}},"4":{"name":"(anonymous_4)","decl":{"start":{"line":29,"column":32},"end":{"line":29,"column":33}},"loc":{"start":{"line":29,"column":39},"end":{"line":29,"column":54}}},"5":{"name":"streamToolResult","decl":{"start":{"line":73,"column":15},"end":{"line":73,"column":31}},"loc":{"start":{"line":76,"column":19},"end":{"line":100,"column":1}}},"6":{"name":"(anonymous_6)","decl":{"start":{"line":79,"column":22},"end":{"line":79,"column":23}},"loc":{"start":{"line":79,"column":35},"end":{"line":79,"column":59}}},"7":{"name":"(anonymous_7)","decl":{"start":{"line":98,"column":29},"end":{"line":98,"column":32}},"loc":{"start":{"line":98,"column":35},"end":{"line":98,"column":63}}},"8":{"name":"notificationsListChangedHandler","decl":{"start":{"line":103,"column":16},"end":{"line":103,"column":47}},"loc":{"start":{"line":103,"column":47},"end":{"line":108,"column":1}}},"9":{"name":"(anonymous_9)","decl":{"start":{"line":104,"column":9},"end":{"line":104,"column":10}},"loc":{"start":{"line":104,"column":42},"end":{"line":107,"column":3}}}},"branchMap":{"0":{"loc":{"start":{"line":10,"column":27},"end":{"line":10,"column":60}},"type":"binary-expr","locations":[{"start":{"line":10,"column":27},"end":{"line":10,"column":53}},{"start":{"line":10,"column":57},"end":{"line":10,"column":60}}]},"1":{"loc":{"start":{"line":11,"column":31},"end":{"line":11,"column":69}},"type":"binary-expr","locations":[{"start":{"line":11,"column":31},"end":{"line":11,"column":61}},{"start":{"line":11,"column":65},"end":{"line":11,"column":69}}]},"2":{"loc":{"start":{"line":30,"column":4},"end":{"line":33,"column":5}},"type":"if","locations":[{"start":{"line":30,"column":4},"end":{"line":33,"column":5}}]},"3":{"loc":{"start":{"line":36,"column":4},"end":{"line":39,"column":5}},"type":"if","locations":[{"start":{"line":36,"column":4},"end":{"line":39,"column":5}}]},"4":{"loc":{"start":{"line":41,"column":4},"end":{"line":44,"column":5}},"type":"if","locations":[{"start":{"line":41,"column":4},"end":{"line":44,"column":5}}]},"5":{"loc":{"start":{"line":47,"column":20},"end":{"line":47,"column":55}},"type":"binary-expr","locations":[{"start":{"line":47,"column":20},"end":{"line":47,"column":45}},{"start":{"line":47,"column":49},"end":{"line":47,"column":55}}]},"6":{"loc":{"start":{"line":49,"column":4},"end":{"line":65,"column":5}},"type":"if","locations":[{"start":{"line":49,"column":4},"end":{"line":65,"column":5}},{"start":{"line":55,"column":11},"end":{"line":65,"column":5}}]},"7":{"loc":{"start":{"line":51,"column":6},"end":{"line":54,"column":7}},"type":"if","locations":[{"start":{"line":51,"column":6},"end":{"line":54,"column":7}}]},"8":{"loc":{"start":{"line":51,"column":10},"end":{"line":51,"column":55}},"type":"binary-expr","locations":[{"start":{"line":51,"column":10},"end":{"line":51,"column":22}},{"start":{"line":51,"column":26},"end":{"line":51,"column":55}}]},"9":{"loc":{"start":{"line":82,"column":21},"end":{"line":82,"column":89}},"type":"cond-expr","locations":[{"start":{"line":82,"column":33},"end":{"line":82,"column":77}},{"start":{"line":82,"column":80},"end":{"line":82,"column":89}}]},"10":{"loc":{"start":{"line":84,"column":14},"end":{"line":84,"column":59}},"type":"cond-expr","locations":[{"start":{"line":84,"column":24},"end":{"line":84,"column":53}},{"start":{"line":84,"column":56},"end":{"line":84,"column":59}}]},"11":{"loc":{"start":{"line":86,"column":4},"end":{"line":88,"column":5}},"type":"if","locations":[{"start":{"line":86,"column":4},"end":{"line":88,"column":5}}]},"12":{"loc":{"start":{"line":91,"column":4},"end":{"line":91,"column":103}},"type":"if","locations":[{"start":{"line":91,"column":4},"end":{"line":91,"column":103}}]},"13":{"loc":{"start":{"line":99,"column":2},"end":{"line":99,"column":59}},"type":"if","locations":[{"start":{"line":99,"column":2},"end":{"line":99,"column":59}}]}},"s":{"0":5,"1":5,"2":5,"3":5,"4":5,"5":5,"6":6,"7":5,"8":5,"9":5,"10":5,"11":5,"12":5,"13":14,"14":20,"15":20,"16":38,"17":20,"18":3,"19":3,"20":17,"21":17,"22":2,"23":2,"24":15,"25":15,"26":3,"27":3,"28":12,"29":12,"30":12,"31":6,"32":6,"33":6,"34":6,"35":6,"36":6,"37":6,"38":6,"39":6,"40":6,"41":6,"42":30,"43":30,"44":30,"45":30,"46":30,"47":30,"48":6,"49":30,"50":30,"51":30,"52":24,"53":6,"54":6,"55":6,"56":6,"57":6,"58":1,"59":6,"60":6,"61":5,"62":2},"f":{"0":6,"1":5,"2":14,"3":20,"4":38,"5":6,"6":30,"7":1,"8":5,"9":2},"b":{"0":[5,3],"1":[5,3],"2":[3],"3":[2],"4":[3],"5":[12,3],"6":[6,6],"7":[6],"8":[6,2],"9":[6,24],"10":[6,24],"11":[6],"12":[24],"13":[6]}}
,"/Users/msigler/Code/CodePipeline-MCP/src/middleware/auth.ts": {"path":"/Users/msigler/Code/CodePipeline-MCP/src/middleware/auth.ts","statementMap":{"0":{"start":{"line":7,"column":0},"end":{"line":7,"column":16}},"1":{"start":{"line":2,"column":0},"end":{"line":2,"column":31}},"2":{"start":{"line":4,"column":19},"end":{"line":4,"column":55}},"3":{"start":{"line":5,"column":19},"end":{"line":5,"column":70}},"4":{"start":{"line":8,"column":21},"end":{"line":8,"column":49}},"5":{"start":{"line":9,"column":2},"end":{"line":11,"column":3}},"6":{"start":{"line":10,"column":4},"end":{"line":10,"column":86}},"7":{"start":{"line":12,"column":16},"end":{"line":12,"column":39}},"8":{"start":{"line":13,"column":2},"end":{"line":20,"column":3}},"9":{"start":{"line":14,"column":20},"end":{"line":14,"column":73}},"10":{"start":{"line":15,"column":5},"end":{"line":15,"column":32}},"11":{"start":{"line":16,"column":4},"end":{"line":16,"column":11}},"12":{"start":{"line":18,"column":4},"end":{"line":18,"column":52}},"13":{"start":{"line":19,"column":4},"end":{"line":19,"column":86}}},"fnMap":{"0":{"name":"authenticateJWT","decl":{"start":{"line":7,"column":16},"end":{"line":7,"column":31}},"loc":{"start":{"line":7,"column":79},"end":{"line":21,"column":1}}}},"branchMap":{"0":{"loc":{"start":{"line":4,"column":19},"end":{"line":4,"column":55}},"type":"binary-expr","locations":[{"start":{"line":4,"column":19},"end":{"line":4,"column":41}},{"start":{"line":4,"column":45},"end":{"line":4,"column":55}}]},"1":{"loc":{"start":{"line":5,"column":19},"end":{"line":5,"column":70}},"type":"binary-expr","locations":[{"start":{"line":5,"column":19},"end":{"line":5,"column":41}},{"start":{"line":5,"column":45},"end":{"line":5,"column":70}}]},"2":{"loc":{"start":{"line":9,"column":2},"end":{"line":11,"column":3}},"type":"if","locations":[{"start":{"line":9,"column":2},"end":{"line":11,"column":3}}]}},"s":{"0":4,"1":4,"2":4,"3":4,"4":19,"5":19,"6":1,"7":18,"8":18,"9":18,"10":17,"11":17,"12":1,"13":1},"f":{"0":19},"b":{"0":[4,4],"1":[4,4],"2":[1]}}
,"/Users/msigler/Code/CodePipeline-MCP/src/middleware/errorHandler.ts": {"path":"/Users/msigler/Code/CodePipeline-MCP/src/middleware/errorHandler.ts","statementMap":{"0":{"start":{"line":4,"column":0},"end":{"line":4,"column":16}},"1":{"start":{"line":2,"column":0},"end":{"line":2,"column":37}},"2":{"start":{"line":5,"column":2},"end":{"line":12,"column":23}},"3":{"start":{"line":14,"column":2},"end":{"line":16,"column":3}},"4":{"start":{"line":15,"column":4},"end":{"line":15,"column":21}},"5":{"start":{"line":18,"column":2},"end":{"line":18,"column":52}},"6":{"start":{"line":19,"column":17},"end":{"line":19,"column":34}},"7":{"start":{"line":20,"column":17},"end":{"line":20,"column":54}},"8":{"start":{"line":22,"column":2},"end":{"line":27,"column":5}}},"fnMap":{"0":{"name":"errorHandler","decl":{"start":{"line":4,"column":16},"end":{"line":4,"column":28}},"loc":{"start":{"line":4,"column":86},"end":{"line":28,"column":1}}}},"branchMap":{"0":{"loc":{"start":{"line":9,"column":11},"end":{"line":9,"column":42}},"type":"binary-expr","locations":[{"start":{"line":9,"column":11},"end":{"line":9,"column":32}},{"start":{"line":9,"column":36},"end":{"line":9,"column":42}}]},"1":{"loc":{"start":{"line":10,"column":16},"end":{"line":10,"column":45}},"type":"binary-expr","locations":[{"start":{"line":10,"column":16},"end":{"line":10,"column":37}},{"start":{"line":10,"column":41},"end":{"line":10,"column":45}}]},"2":{"loc":{"start":{"line":14,"column":2},"end":{"line":16,"column":3}},"type":"if","locations":[{"start":{"line":14,"column":2},"end":{"line":16,"column":3}}]},"3":{"loc":{"start":{"line":19,"column":17},"end":{"line":19,"column":34}},"type":"binary-expr","locations":[{"start":{"line":19,"column":17},"end":{"line":19,"column":27}},{"start":{"line":19,"column":31},"end":{"line":19,"column":34}}]},"4":{"loc":{"start":{"line":23,"column":11},"end":{"line":23,"column":49}},"type":"binary-expr","locations":[{"start":{"line":23,"column":11},"end":{"line":23,"column":22}},{"start":{"line":23,"column":26},"end":{"line":23,"column":49}}]},"5":{"loc":{"start":{"line":24,"column":10},"end":{"line":24,"column":36}},"type":"binary-expr","locations":[{"start":{"line":24,"column":10},"end":{"line":24,"column":18}},{"start":{"line":24,"column":22},"end":{"line":24,"column":36}}]},"6":{"loc":{"start":{"line":25,"column":8},"end":{"line":25,"column":62}},"type":"cond-expr","locations":[{"start":{"line":25,"column":33},"end":{"line":25,"column":57}},{"start":{"line":25,"column":60},"end":{"line":25,"column":62}}]},"7":{"loc":{"start":{"line":25,"column":8},"end":{"line":25,"column":30}},"type":"binary-expr","locations":[{"start":{"line":25,"column":8},"end":{"line":25,"column":19}},{"start":{"line":25,"column":23},"end":{"line":25,"column":30}}]},"8":{"loc":{"start":{"line":26,"column":8},"end":{"line":26,"column":42}},"type":"cond-expr","locations":[{"start":{"line":26,"column":17},"end":{"line":26,"column":19}},{"start":{"line":26,"column":22},"end":{"line":26,"column":42}}]}},"s":{"0":5,"1":5,"2":8,"3":8,"4":1,"5":7,"6":7,"7":7,"8":7},"f":{"0":8},"b":{"0":[8,0],"1":[8,0],"2":[1],"3":[7,1],"4":[7,1],"5":[7,2],"6":[1,6],"7":[7,3],"8":[2,5]}}
,"/Users/msigler/Code/CodePipeline-MCP/src/middleware/rateLimit.ts": {"path":"/Users/msigler/Code/CodePipeline-MCP/src/middleware/rateLimit.ts","statementMap":{"0":{"start":{"line":1,"column":0},"end":{"line":1,"column":43}},"1":{"start":{"line":3,"column":13},"end":{"line":9,"column":3}}},"fnMap":{},"branchMap":{},"s":{"0":4,"1":4},"f":{},"b":{}}
,"/Users/msigler/Code/CodePipeline-MCP/src/middleware/requestLogger.ts": {"path":"/Users/msigler/Code/CodePipeline-MCP/src/middleware/requestLogger.ts","statementMap":{"0":{"start":{"line":4,"column":0},"end":{"line":4,"column":16}},"1":{"start":{"line":2,"column":0},"end":{"line":2,"column":37}},"2":{"start":{"line":5,"column":16},"end":{"line":5,"column":26}},"3":{"start":{"line":6,"column":2},"end":{"line":15,"column":5}},"4":{"start":{"line":7,"column":4},"end":{"line":14,"column":28}},"5":{"start":{"line":16,"column":2},"end":{"line":16,"column":9}}},"fnMap":{"0":{"name":"requestLogger","decl":{"start":{"line":4,"column":16},"end":{"line":4,"column":29}},"loc":{"start":{"line":4,"column":77},"end":{"line":17,"column":1}}},"1":{"name":"(anonymous_2)","decl":{"start":{"line":6,"column":19},"end":{"line":6,"column":22}},"loc":{"start":{"line":6,"column":24},"end":{"line":15,"column":3}}}},"branchMap":{"0":{"loc":{"start":{"line":12,"column":13},"end":{"line":12,"column":44}},"type":"binary-expr","locations":[{"start":{"line":12,"column":13},"end":{"line":12,"column":34}},{"start":{"line":12,"column":38},"end":{"line":12,"column":44}}]},"1":{"loc":{"start":{"line":13,"column":18},"end":{"line":13,"column":47}},"type":"binary-expr","locations":[{"start":{"line":13,"column":18},"end":{"line":13,"column":39}},{"start":{"line":13,"column":43},"end":{"line":13,"column":47}}]}},"s":{"0":4,"1":4,"2":22,"3":22,"4":22,"5":22},"f":{"0":22,"1":22},"b":{"0":[22,6],"1":[22,5]}}
,"/Users/msigler/Code/CodePipeline-MCP/src/middleware/session.ts": {"path":"/Users/msigler/Code/CodePipeline-MCP/src/middleware/session.ts","statementMap":{"0":{"start":{"line":4,"column":0},"end":{"line":4,"column":16}},"1":{"start":{"line":2,"column":0},"end":{"line":2,"column":36}},"2":{"start":{"line":5,"column":18},"end":{"line":5,"column":67}},"3":{"start":{"line":6,"column":2},"end":{"line":11,"column":3}},"4":{"start":{"line":8,"column":20},"end":{"line":8,"column":51}},"5":{"start":{"line":9,"column":4},"end":{"line":9,"column":40}},"6":{"start":{"line":10,"column":4},"end":{"line":10,"column":45}},"7":{"start":{"line":12,"column":3},"end":{"line":12,"column":37}},"8":{"start":{"line":13,"column":2},"end":{"line":13,"column":9}}},"fnMap":{"0":{"name":"sessionMiddleware","decl":{"start":{"line":4,"column":16},"end":{"line":4,"column":33}},"loc":{"start":{"line":4,"column":81},"end":{"line":14,"column":1}}}},"branchMap":{"0":{"loc":{"start":{"line":6,"column":2},"end":{"line":11,"column":3}},"type":"if","locations":[{"start":{"line":6,"column":2},"end":{"line":11,"column":3}}]},"1":{"loc":{"start":{"line":8,"column":20},"end":{"line":8,"column":51}},"type":"binary-expr","locations":[{"start":{"line":8,"column":20},"end":{"line":8,"column":41}},{"start":{"line":8,"column":45},"end":{"line":8,"column":51}}]}},"s":{"0":5,"1":5,"2":20,"3":20,"4":19,"5":19,"6":19,"7":20,"8":20},"f":{"0":20},"b":{"0":[19],"1":[19,1]}}
,"/Users/msigler/Code/CodePipeline-MCP/src/types/toolZodSchemas.ts": {"path":"/Users/msigler/Code/CodePipeline-MCP/src/types/toolZodSchemas.ts","statementMap":{"0":{"start":{"line":1,"column":0},"end":{"line":1,"column":86}},"1":{"start":{"line":2,"column":0},"end":{"line":2,"column":24}},"2":{"start":{"line":5,"column":20},"end":{"line":5,"column":72}},"3":{"start":{"line":6,"column":16},"end":{"line":6,"column":44}},"4":{"start":{"line":7,"column":17},"end":{"line":7,"column":52}},"5":{"start":{"line":10,"column":13},"end":{"line":16,"column":54}},"6":{"start":{"line":11,"column":2},"end":{"line":14,"column":4}},"7":{"start":{"line":15,"column":2},"end":{"line":15,"column":13}}},"fnMap":{"0":{"name":"(anonymous_1)","decl":{"start":{"line":10,"column":46},"end":{"line":10,"column":47}},"loc":{"start":{"line":10,"column":60},"end":{"line":16,"column":1}}}},"branchMap":{},"s":{"0":5,"1":5,"2":5,"3":5,"4":5,"5":5,"6":75,"7":75},"f":{"0":75},"b":{}}
,"/Users/msigler/Code/CodePipeline-MCP/src/utils/jsonSchemaToZod.ts": {"path":"/Users/msigler/Code/CodePipeline-MCP/src/utils/jsonSchemaToZod.ts","statementMap":{"0":{"start":{"line":9,"column":0},"end":{"line":9,"column":16}},"1":{"start":{"line":1,"column":0},"end":{"line":1,"column":36}},"2":{"start":{"line":10,"column":2},"end":{"line":10,"column":60}},"3":{"start":{"line":10,"column":45},"end":{"line":10,"column":60}},"4":{"start":{"line":13,"column":2},"end":{"line":21,"column":3}},"5":{"start":{"line":14,"column":4},"end":{"line":20,"column":5}},"6":{"start":{"line":14,"column":38},"end":{"line":14,"column":59}},"7":{"start":{"line":16,"column":6},"end":{"line":16,"column":58}},"8":{"start":{"line":19,"column":6},"end":{"line":19,"column":64}},"9":{"start":{"line":19,"column":49},"end":{"line":19,"column":61}},"10":{"start":{"line":24,"column":2},"end":{"line":26,"column":3}},"11":{"start":{"line":25,"column":4},"end":{"line":25,"column":35}},"12":{"start":{"line":29,"column":2},"end":{"line":32,"column":3}},"13":{"start":{"line":30,"column":21},"end":{"line":30,"column":87}},"14":{"start":{"line":30,"column":68},"end":{"line":30,"column":86}},"15":{"start":{"line":31,"column":4},"end":{"line":31,"column":29}},"16":{"start":{"line":35,"column":13},"end":{"line":35,"column":24}},"17":{"start":{"line":36,"column":19},"end":{"line":36,"column":24}},"18":{"start":{"line":37,"column":2},"end":{"line":44,"column":3}},"19":{"start":{"line":38,"column":4},"end":{"line":41,"column":5}},"20":{"start":{"line":39,"column":6},"end":{"line":39,"column":24}},"21":{"start":{"line":40,"column":6},"end":{"line":40,"column":57}},"22":{"start":{"line":40,"column":40},"end":{"line":40,"column":52}},"23":{"start":{"line":42,"column":9},"end":{"line":44,"column":3}},"24":{"start":{"line":43,"column":4},"end":{"line":43,"column":22}},"25":{"start":{"line":47,"column":2},"end":{"line":77,"column":3}},"26":{"start":{"line":48,"column":14},"end":{"line":48,"column":24}},"27":{"start":{"line":49,"column":4},"end":{"line":49,"column":72}},"28":{"start":{"line":49,"column":40},"end":{"line":49,"column":72}},"29":{"start":{"line":50,"column":4},"end":{"line":50,"column":72}},"30":{"start":{"line":50,"column":40},"end":{"line":50,"column":72}},"31":{"start":{"line":51,"column":4},"end":{"line":51,"column":68}},"32":{"start":{"line":51,"column":24},"end":{"line":51,"column":68}},"33":{"start":{"line":52,"column":4},"end":{"line":52,"column":15}},"34":{"start":{"line":53,"column":9},"end":{"line":77,"column":3}},"35":{"start":{"line":54,"column":14},"end":{"line":54,"column":24}},"36":{"start":{"line":55,"column":4},"end":{"line":55,"column":68}},"37":{"start":{"line":55,"column":38},"end":{"line":55,"column":68}},"38":{"start":{"line":56,"column":4},"end":{"line":56,"column":68}},"39":{"start":{"line":56,"column":38},"end":{"line":56,"column":68}},"40":{"start":{"line":57,"column":4},"end":{"line":57,"column":15}},"41":{"start":{"line":58,"column":9},"end":{"line":77,"column":3}},"42":{"start":{"line":59,"column":4},"end":{"line":59,"column":23}},"43":{"start":{"line":60,"column":9},"end":{"line":77,"column":3}},"44":{"start":{"line":61,"column":4},"end":{"line":61,"column":50}},"45":{"start":{"line":62,"column":9},"end":{"line":77,"column":3}},"46":{"start":{"line":63,"column":4},"end":{"line":63,"column":53}},"47":{"start":{"line":63,"column":28},"end":{"line":63,"column":53}},"48":{"start":{"line":64,"column":46},"end":{"line":64,"column":48}},"49":{"start":{"line":66,"column":31},"end":{"line":66,"column":80}},"50":{"start":{"line":67,"column":4},"end":{"line":73,"column":5}},"51":{"start":{"line":68,"column":17},"end":{"line":68,"column":44}},"52":{"start":{"line":69,"column":6},"end":{"line":71,"column":7}},"53":{"start":{"line":70,"column":8},"end":{"line":70,"column":31}},"54":{"start":{"line":72,"column":6},"end":{"line":72,"column":24}},"55":{"start":{"line":74,"column":4},"end":{"line":74,"column":27}},"56":{"start":{"line":76,"column":4},"end":{"line":76,"column":19}},"57":{"start":{"line":79,"column":2},"end":{"line":81,"column":3}},"58":{"start":{"line":80,"column":4},"end":{"line":80,"column":27}},"59":{"start":{"line":82,"column":2},"end":{"line":82,"column":14}}},"fnMap":{"0":{"name":"jsonSchemaToZod","decl":{"start":{"line":9,"column":16},"end":{"line":9,"column":31}},"loc":{"start":{"line":9,"column":43},"end":{"line":83,"column":1}}},"1":{"name":"(anonymous_1)","decl":{"start":{"line":14,"column":26},"end":{"line":14,"column":27}},"loc":{"start":{"line":14,"column":38},"end":{"line":14,"column":59}}},"2":{"name":"(anonymous_2)","decl":{"start":{"line":19,"column":37},"end":{"line":19,"column":38}},"loc":{"start":{"line":19,"column":49},"end":{"line":19,"column":61}}},"3":{"name":"(anonymous_3)","decl":{"start":{"line":30,"column":56},"end":{"line":30,"column":57}},"loc":{"start":{"line":30,"column":68},"end":{"line":30,"column":86}}},"4":{"name":"(anonymous_4)","decl":{"start":{"line":40,"column":25},"end":{"line":40,"column":26}},"loc":{"start":{"line":40,"column":40},"end":{"line":40,"column":52}}}},"branchMap":{"0":{"loc":{"start":{"line":10,"column":2},"end":{"line":10,"column":60}},"type":"if","locations":[{"start":{"line":10,"column":2},"end":{"line":10,"column":60}}]},"1":{"loc":{"start":{"line":10,"column":6},"end":{"line":10,"column":43}},"type":"binary-expr","locations":[{"start":{"line":10,"column":6},"end":{"line":10,"column":13}},{"start":{"line":10,"column":17},"end":{"line":10,"column":43}}]},"2":{"loc":{"start":{"line":13,"column":2},"end":{"line":21,"column":3}},"type":"if","locations":[{"start":{"line":13,"column":2},"end":{"line":21,"column":3}}]},"3":{"loc":{"start":{"line":13,"column":6},"end":{"line":13,"column":58}},"type":"binary-expr","locations":[{"start":{"line":13,"column":6},"end":{"line":13,"column":32}},{"start":{"line":13,"column":36},"end":{"line":13,"column":58}}]},"4":{"loc":{"start":{"line":14,"column":4},"end":{"line":20,"column":5}},"type":"if","locations":[{"start":{"line":14,"column":4},"end":{"line":20,"column":5}},{"start":{"line":17,"column":11},"end":{"line":20,"column":5}}]},"5":{"loc":{"start":{"line":24,"column":2},"end":{"line":26,"column":3}},"type":"if","locations":[{"start":{"line":24,"column":2},"end":{"line":26,"column":3}}]},"6":{"loc":{"start":{"line":29,"column":2},"end":{"line":32,"column":3}},"type":"if","locations":[{"start":{"line":29,"column":2},"end":{"line":32,"column":3}}]},"7":{"loc":{"start":{"line":29,"column":6},"end":{"line":29,"column":34}},"type":"binary-expr","locations":[{"start":{"line":29,"column":6},"end":{"line":29,"column":18}},{"start":{"line":29,"column":22},"end":{"line":29,"column":34}}]},"8":{"loc":{"start":{"line":30,"column":22},"end":{"line":30,"column":50}},"type":"binary-expr","locations":[{"start":{"line":30,"column":22},"end":{"line":30,"column":34}},{"start":{"line":30,"column":38},"end":{"line":30,"column":50}}]},"9":{"loc":{"start":{"line":37,"column":2},"end":{"line":44,"column":3}},"type":"if","locations":[{"start":{"line":37,"column":2},"end":{"line":44,"column":3}},{"start":{"line":42,"column":9},"end":{"line":44,"column":3}}]},"10":{"loc":{"start":{"line":38,"column":4},"end":{"line":41,"column":5}},"type":"if","locations":[{"start":{"line":38,"column":4},"end":{"line":41,"column":5}}]},"11":{"loc":{"start":{"line":42,"column":9},"end":{"line":44,"column":3}},"type":"if","locations":[{"start":{"line":42,"column":9},"end":{"line":44,"column":3}}]},"12":{"loc":{"start":{"line":47,"column":2},"end":{"line":77,"column":3}},"type":"if","locations":[{"start":{"line":47,"column":2},"end":{"line":77,"column":3}},{"start":{"line":53,"column":9},"end":{"line":77,"column":3}}]},"13":{"loc":{"start":{"line":49,"column":4},"end":{"line":49,"column":72}},"type":"if","locations":[{"start":{"line":49,"column":4},"end":{"line":49,"column":72}}]},"14":{"loc":{"start":{"line":50,"column":4},"end":{"line":50,"column":72}},"type":"if","locations":[{"start":{"line":50,"column":4},"end":{"line":50,"column":72}}]},"15":{"loc":{"start":{"line":51,"column":4},"end":{"line":51,"column":68}},"type":"if","locations":[{"start":{"line":51,"column":4},"end":{"line":51,"column":68}}]},"16":{"loc":{"start":{"line":53,"column":9},"end":{"line":77,"column":3}},"type":"if","locations":[{"start":{"line":53,"column":9},"end":{"line":77,"column":3}},{"start":{"line":58,"column":9},"end":{"line":77,"column":3}}]},"17":{"loc":{"start":{"line":53,"column":13},"end":{"line":53,"column":52}},"type":"binary-expr","locations":[{"start":{"line":53,"column":13},"end":{"line":53,"column":30}},{"start":{"line":53,"column":34},"end":{"line":53,"column":52}}]},"18":{"loc":{"start":{"line":55,"column":4},"end":{"line":55,"column":68}},"type":"if","locations":[{"start":{"line":55,"column":4},"end":{"line":55,"column":68}}]},"19":{"loc":{"start":{"line":56,"column":4},"end":{"line":56,"column":68}},"type":"if","locations":[{"start":{"line":56,"column":4},"end":{"line":56,"column":68}}]},"20":{"loc":{"start":{"line":58,"column":9},"end":{"line":77,"column":3}},"type":"if","locations":[{"start":{"line":58,"column":9},"end":{"line":77,"column":3}},{"start":{"line":60,"column":9},"end":{"line":77,"column":3}}]},"21":{"loc":{"start":{"line":60,"column":9},"end":{"line":77,"column":3}},"type":"if","locations":[{"start":{"line":60,"column":9},"end":{"line":77,"column":3}},{"start":{"line":62,"column":9},"end":{"line":77,"column":3}}]},"22":{"loc":{"start":{"line":62,"column":9},"end":{"line":77,"column":3}},"type":"if","locations":[{"start":{"line":62,"column":9},"end":{"line":77,"column":3}},{"start":{"line":75,"column":9},"end":{"line":77,"column":3}}]},"23":{"loc":{"start":{"line":63,"column":4},"end":{"line":63,"column":53}},"type":"if","locations":[{"start":{"line":63,"column":4},"end":{"line":63,"column":53}}]},"24":{"loc":{"start":{"line":66,"column":31},"end":{"line":66,"column":80}},"type":"binary-expr","locations":[{"start":{"line":66,"column":31},"end":{"line":66,"column":46}},{"start":{"line":66,"column":50},"end":{"line":66,"column":80}}]},"25":{"loc":{"start":{"line":69,"column":6},"end":{"line":71,"column":7}},"type":"if","locations":[{"start":{"line":69,"column":6},"end":{"line":71,"column":7}}]},"26":{"loc":{"start":{"line":79,"column":2},"end":{"line":81,"column":3}},"type":"if","locations":[{"start":{"line":79,"column":2},"end":{"line":81,"column":3}}]}},"s":{"0":8,"1":8,"2":624,"3":1,"4":623,"5":11,"6":41,"7":10,"8":1,"9":3,"10":612,"11":2,"12":610,"13":2,"14":4,"15":2,"16":608,"17":608,"18":608,"19":1,"20":1,"21":1,"22":2,"23":607,"24":1,"25":608,"26":261,"27":261,"28":1,"29":261,"30":1,"31":261,"32":0,"33":261,"34":347,"35":5,"36":5,"37":2,"38":5,"39":2,"40":5,"41":342,"42":2,"43":340,"44":1,"45":339,"46":140,"47":1,"48":139,"49":139,"50":139,"51":328,"52":328,"53":47,"54":328,"55":139,"56":199,"57":607,"58":2,"59":605},"f":{"0":624,"1":41,"2":3,"3":4,"4":2},"b":{"0":[1],"1":[624,623],"2":[11],"3":[623,11],"4":[10,1],"5":[2],"6":[2],"7":[610,609],"8":[2,1],"9":[1,607],"10":[1],"11":[1],"12":[261,347],"13":[1],"14":[1],"15":[0],"16":[5,342],"17":[347,343],"18":[2],"19":[2],"20":[2,340],"21":[1,339],"22":[140,199],"23":[1],"24":[139,1],"25":[47],"26":[2]}}
,"/Users/msigler/Code/CodePipeline-MCP/src/utils/logger.ts": {"path":"/Users/msigler/Code/CodePipeline-MCP/src/utils/logger.ts","statementMap":{"0":{"start":{"line":1,"column":0},"end":{"line":1,"column":24}},"1":{"start":{"line":3,"column":15},"end":{"line":9,"column":2}},"2":{"start":{"line":11,"column":0},"end":{"line":11,"column":22}}},"fnMap":{},"branchMap":{"0":{"loc":{"start":{"line":4,"column":9},"end":{"line":4,"column":40}},"type":"binary-expr","locations":[{"start":{"line":4,"column":9},"end":{"line":4,"column":30}},{"start":{"line":4,"column":34},"end":{"line":4,"column":40}}]},"1":{"loc":{"start":{"line":5,"column":13},"end":{"line":8,"column":15}},"type":"cond-expr","locations":[{"start":{"line":5,"column":54},"end":{"line":8,"column":4}},{"start":{"line":8,"column":6},"end":{"line":8,"column":15}}]}},"s":{"0":6,"1":6,"2":6},"f":{},"b":{"0":[6,6],"1":[1,5]}}
,"/Users/msigler/Code/CodePipeline-MCP/src/utils/openapi-to-mcp.ts": {"path":"/Users/msigler/Code/CodePipeline-MCP/src/utils/openapi-to-mcp.ts","statementMap":{"0":{"start":{"line":9,"column":0},"end":{"line":9,"column":16}},"1":{"start":{"line":19,"column":0},"end":{"line":19,"column":16}},"2":{"start":{"line":36,"column":0},"end":{"line":36,"column":16}},"3":{"start":{"line":85,"column":0},"end":{"line":85,"column":16}},"4":{"start":{"line":1,"column":0},"end":{"line":1,"column":20}},"5":{"start":{"line":2,"column":0},"end":{"line":2,"column":24}},"6":{"start":{"line":3,"column":0},"end":{"line":3,"column":52}},"7":{"start":{"line":10,"column":19},"end":{"line":10,"column":44}},"8":{"start":{"line":11,"column":14},"end":{"line":11,"column":48}},"9":{"start":{"line":12,"column":2},"end":{"line":12,"column":25}},"10":{"start":{"line":20,"column":2},"end":{"line":20,"column":78}},"11":{"start":{"line":20,"column":45},"end":{"line":20,"column":78}},"12":{"start":{"line":21,"column":2},"end":{"line":29,"column":3}},"13":{"start":{"line":22,"column":18},"end":{"line":27,"column":17}},"14":{"start":{"line":24,"column":25},"end":{"line":24,"column":85}},"15":{"start":{"line":25,"column":8},"end":{"line":25,"column":66}},"16":{"start":{"line":28,"column":4},"end":{"line":28,"column":57}},"17":{"start":{"line":30,"column":2},"end":{"line":32,"column":3}},"18":{"start":{"line":31,"column":4},"end":{"line":31,"column":71}},"19":{"start":{"line":33,"column":2},"end":{"line":33,"column":35}},"20":{"start":{"line":37,"column":2},"end":{"line":37,"column":28}},"21":{"start":{"line":37,"column":15},"end":{"line":37,"column":28}},"22":{"start":{"line":38,"column":2},"end":{"line":38,"column":48}},"23":{"start":{"line":38,"column":32},"end":{"line":38,"column":48}},"24":{"start":{"line":39,"column":2},"end":{"line":39,"column":77}},"25":{"start":{"line":39,"column":61},"end":{"line":39,"column":77}},"26":{"start":{"line":40,"column":2},"end":{"line":40,"column":50}},"27":{"start":{"line":40,"column":33},"end":{"line":40,"column":50}},"28":{"start":{"line":41,"column":2},"end":{"line":41,"column":78}},"29":{"start":{"line":41,"column":31},"end":{"line":41,"column":78}},"30":{"start":{"line":42,"column":2},"end":{"line":46,"column":3}},"31":{"start":{"line":43,"column":4},"end":{"line":45,"column":22}},"32":{"start":{"line":44,"column":38},"end":{"line":44,"column":70}},"33":{"start":{"line":47,"column":2},"end":{"line":47,"column":15}},"34":{"start":{"line":55,"column":93},"end":{"line":59,"column":4}},"35":{"start":{"line":60,"column":2},"end":{"line":65,"column":3}},"36":{"start":{"line":61,"column":4},"end":{"line":64,"column":5}},"37":{"start":{"line":62,"column":6},"end":{"line":62,"column":78}},"38":{"start":{"line":63,"column":6},"end":{"line":63,"column":64}},"39":{"start":{"line":63,"column":26},"end":{"line":63,"column":64}},"40":{"start":{"line":66,"column":2},"end":{"line":70,"column":3}},"41":{"start":{"line":67,"column":23},"end":{"line":67,"column":72}},"42":{"start":{"line":68,"column":4},"end":{"line":68,"column":48}},"43":{"start":{"line":69,"column":4},"end":{"line":69,"column":38}},"44":{"start":{"line":71,"column":2},"end":{"line":71,"column":21}},"45":{"start":{"line":75,"column":21},"end":{"line":75,"column":23}},"46":{"start":{"line":76,"column":2},"end":{"line":81,"column":3}},"47":{"start":{"line":77,"column":17},"end":{"line":77,"column":59}},"48":{"start":{"line":78,"column":4},"end":{"line":80,"column":5}},"49":{"start":{"line":79,"column":6},"end":{"line":79,"column":61}},"50":{"start":{"line":82,"column":2},"end":{"line":82,"column":22}},"51":{"start":{"line":86,"column":16},"end":{"line":86,"column":18}},"52":{"start":{"line":87,"column":2},"end":{"line":101,"column":3}},"53":{"start":{"line":88,"column":21},"end":{"line":88,"column":55}},"54":{"start":{"line":89,"column":4},"end":{"line":100,"column":5}},"55":{"start":{"line":90,"column":17},"end":{"line":90,"column":33}},"56":{"start":{"line":91,"column":19},"end":{"line":91,"column":83}},"57":{"start":{"line":92,"column":26},"end":{"line":92,"column":60}},"58":{"start":{"line":93,"column":26},"end":{"line":93,"column":46}},"59":{"start":{"line":94,"column":27},"end":{"line":94,"column":48}},"60":{"start":{"line":95,"column":24},"end":{"line":95,"column":79}},"61":{"start":{"line":96,"column":25},"end":{"line":96,"column":82}},"62":{"start":{"line":97,"column":23},"end":{"line":97,"column":51}},"63":{"start":{"line":98,"column":24},"end":{"line":98,"column":53}},"64":{"start":{"line":99,"column":6},"end":{"line":99,"column":111}},"65":{"start":{"line":102,"column":2},"end":{"line":102,"column":15}}},"fnMap":{"0":{"name":"loadOpenApiSpec","decl":{"start":{"line":9,"column":16},"end":{"line":9,"column":31}},"loc":{"start":{"line":9,"column":51},"end":{"line":13,"column":1}}},"1":{"name":"jsonSchemaToTypeScriptType","decl":{"start":{"line":19,"column":16},"end":{"line":19,"column":42}},"loc":{"start":{"line":19,"column":72},"end":{"line":34,"column":1}}},"2":{"name":"(anonymous_3)","decl":{"start":{"line":23,"column":11},"end":{"line":23,"column":12}},"loc":{"start":{"line":23,"column":41},"end":{"line":26,"column":7}}},"3":{"name":"jsonSchemaTypeToTs","decl":{"start":{"line":36,"column":16},"end":{"line":36,"column":34}},"loc":{"start":{"line":36,"column":46},"end":{"line":48,"column":1}}},"4":{"name":"(anonymous_5)","decl":{"start":{"line":44,"column":11},"end":{"line":44,"column":12}},"loc":{"start":{"line":44,"column":38},"end":{"line":44,"column":70}}},"5":{"name":"buildInputSchema","decl":{"start":{"line":54,"column":9},"end":{"line":54,"column":25}},"loc":{"start":{"line":54,"column":33},"end":{"line":72,"column":1}}},"6":{"name":"buildOutputSchema","decl":{"start":{"line":74,"column":9},"end":{"line":74,"column":26}},"loc":{"start":{"line":74,"column":34},"end":{"line":83,"column":1}}},"7":{"name":"extractMcpToolsFromOpenApi","decl":{"start":{"line":85,"column":16},"end":{"line":85,"column":42}},"loc":{"start":{"line":85,"column":55},"end":{"line":103,"column":1}}}},"branchMap":{"0":{"loc":{"start":{"line":20,"column":2},"end":{"line":20,"column":78}},"type":"if","locations":[{"start":{"line":20,"column":2},"end":{"line":20,"column":78}}]},"1":{"loc":{"start":{"line":20,"column":6},"end":{"line":20,"column":43}},"type":"binary-expr","locations":[{"start":{"line":20,"column":6},"end":{"line":20,"column":13}},{"start":{"line":20,"column":17},"end":{"line":20,"column":43}}]},"2":{"loc":{"start":{"line":21,"column":2},"end":{"line":29,"column":3}},"type":"if","locations":[{"start":{"line":21,"column":2},"end":{"line":29,"column":3}}]},"3":{"loc":{"start":{"line":21,"column":6},"end":{"line":21,"column":51}},"type":"binary-expr","locations":[{"start":{"line":21,"column":6},"end":{"line":21,"column":30}},{"start":{"line":21,"column":34},"end":{"line":21,"column":51}}]},"4":{"loc":{"start":{"line":24,"column":25},"end":{"line":24,"column":85}},"type":"cond-expr","locations":[{"start":{"line":24,"column":77},"end":{"line":24,"column":80}},{"start":{"line":24,"column":83},"end":{"line":24,"column":85}}]},"5":{"loc":{"start":{"line":24,"column":25},"end":{"line":24,"column":74}},"type":"binary-expr","locations":[{"start":{"line":24,"column":25},"end":{"line":24,"column":40}},{"start":{"line":24,"column":44},"end":{"line":24,"column":74}}]},"6":{"loc":{"start":{"line":30,"column":2},"end":{"line":32,"column":3}},"type":"if","locations":[{"start":{"line":30,"column":2},"end":{"line":32,"column":3}}]},"7":{"loc":{"start":{"line":37,"column":2},"end":{"line":37,"column":28}},"type":"if","locations":[{"start":{"line":37,"column":2},"end":{"line":37,"column":28}}]},"8":{"loc":{"start":{"line":38,"column":2},"end":{"line":38,"column":48}},"type":"if","locations":[{"start":{"line":38,"column":2},"end":{"line":38,"column":48}}]},"9":{"loc":{"start":{"line":39,"column":2},"end":{"line":39,"column":77}},"type":"if","locations":[{"start":{"line":39,"column":2},"end":{"line":39,"column":77}}]},"10":{"loc":{"start":{"line":39,"column":6},"end":{"line":39,"column":59}},"type":"binary-expr","locations":[{"start":{"line":39,"column":6},"end":{"line":39,"column":30}},{"start":{"line":39,"column":34},"end":{"line":39,"column":59}}]},"11":{"loc":{"start":{"line":40,"column":2},"end":{"line":40,"column":50}},"type":"if","locations":[{"start":{"line":40,"column":2},"end":{"line":40,"column":50}}]},"12":{"loc":{"start":{"line":41,"column":2},"end":{"line":41,"column":78}},"type":"if","locations":[{"start":{"line":41,"column":2},"end":{"line":41,"column":78}}]},"13":{"loc":{"start":{"line":42,"column":2},"end":{"line":46,"column":3}},"type":"if","locations":[{"start":{"line":42,"column":2},"end":{"line":46,"column":3}}]},"14":{"loc":{"start":{"line":42,"column":6},"end":{"line":42,"column":51}},"type":"binary-expr","locations":[{"start":{"line":42,"column":6},"end":{"line":42,"column":30}},{"start":{"line":42,"column":34},"end":{"line":42,"column":51}}]},"15":{"loc":{"start":{"line":60,"column":2},"end":{"line":65,"column":3}},"type":"if","locations":[{"start":{"line":60,"column":2},"end":{"line":65,"column":3}}]},"16":{"loc":{"start":{"line":62,"column":43},"end":{"line":62,"column":77}},"type":"binary-expr","locations":[{"start":{"line":62,"column":43},"end":{"line":62,"column":55}},{"start":{"line":62,"column":59},"end":{"line":62,"column":77}}]},"17":{"loc":{"start":{"line":63,"column":6},"end":{"line":63,"column":64}},"type":"if","locations":[{"start":{"line":63,"column":6},"end":{"line":63,"column":64}}]},"18":{"loc":{"start":{"line":66,"column":2},"end":{"line":70,"column":3}},"type":"if","locations":[{"start":{"line":66,"column":2},"end":{"line":70,"column":3}}]},"19":{"loc":{"start":{"line":66,"column":6},"end":{"line":66,"column":92}},"type":"binary-expr","locations":[{"start":{"line":66,"column":6},"end":{"line":66,"column":20}},{"start":{"line":66,"column":24},"end":{"line":66,"column":46}},{"start":{"line":66,"column":50},"end":{"line":66,"column":92}}]},"20":{"loc":{"start":{"line":76,"column":2},"end":{"line":81,"column":3}},"type":"if","locations":[{"start":{"line":76,"column":2},"end":{"line":81,"column":3}}]},"21":{"loc":{"start":{"line":76,"column":6},"end":{"line":76,"column":66}},"type":"binary-expr","locations":[{"start":{"line":76,"column":6},"end":{"line":76,"column":18}},{"start":{"line":76,"column":23},"end":{"line":76,"column":42}},{"start":{"line":76,"column":46},"end":{"line":76,"column":65}}]},"22":{"loc":{"start":{"line":77,"column":17},"end":{"line":77,"column":59}},"type":"binary-expr","locations":[{"start":{"line":77,"column":17},"end":{"line":77,"column":36}},{"start":{"line":77,"column":40},"end":{"line":77,"column":59}}]},"23":{"loc":{"start":{"line":78,"column":4},"end":{"line":80,"column":5}},"type":"if","locations":[{"start":{"line":78,"column":4},"end":{"line":80,"column":5}}]},"24":{"loc":{"start":{"line":78,"column":8},"end":{"line":78,"column":56}},"type":"binary-expr","locations":[{"start":{"line":78,"column":8},"end":{"line":78,"column":20}},{"start":{"line":78,"column":24},"end":{"line":78,"column":56}}]},"25":{"loc":{"start":{"line":91,"column":19},"end":{"line":91,"column":83}},"type":"binary-expr","locations":[{"start":{"line":91,"column":19},"end":{"line":91,"column":33}},{"start":{"line":91,"column":37},"end":{"line":91,"column":83}}]},"26":{"loc":{"start":{"line":92,"column":26},"end":{"line":92,"column":60}},"type":"binary-expr","locations":[{"start":{"line":92,"column":26},"end":{"line":92,"column":40}},{"start":{"line":92,"column":44},"end":{"line":92,"column":54}},{"start":{"line":92,"column":58},"end":{"line":92,"column":60}}]}},"s":{"0":7,"1":7,"2":7,"3":7,"4":7,"5":7,"6":7,"7":9,"8":9,"9":9,"10":278,"11":2,"12":276,"13":138,"14":327,"15":327,"16":138,"17":138,"18":1,"19":137,"20":341,"21":1,"22":340,"23":267,"24":73,"25":5,"26":68,"27":1,"28":67,"29":2,"30":65,"31":1,"32":2,"33":64,"34":137,"35":137,"36":137,"37":262,"38":262,"39":216,"40":137,"41":63,"42":63,"43":63,"44":137,"45":137,"46":137,"47":137,"48":137,"49":137,"50":137,"51":11,"52":11,"53":119,"54":119,"55":137,"56":137,"57":137,"58":137,"59":137,"60":137,"61":137,"62":137,"63":137,"64":137,"65":11},"f":{"0":9,"1":278,"2":327,"3":341,"4":2,"5":137,"6":137,"7":11},"b":{"0":[2],"1":[278,277],"2":[138],"3":[276,138],"4":[47,280],"5":[327,327],"6":[1],"7":[1],"8":[267],"9":[5],"10":[73,69],"11":[1],"12":[2],"13":[1],"14":[65,1],"15":[137],"16":[262,0],"17":[216],"18":[63],"19":[137,63,63],"20":[137],"21":[137,137,18],"22":[137,18],"23":[137],"24":[137,137],"25":[137,135],"26":[137,2,2]}}
,"/Users/msigler/Code/CodePipeline-MCP/src/utils/sanitizeOutput.ts": {"path":"/Users/msigler/Code/CodePipeline-MCP/src/utils/sanitizeOutput.ts","statementMap":{"0":{"start":{"line":10,"column":0},"end":{"line":10,"column":16}},"1":{"start":{"line":6,"column":23},"end":{"line":6,"column":82}},"2":{"start":{"line":7,"column":23},"end":{"line":7,"column":64}},"3":{"start":{"line":8,"column":18},"end":{"line":8,"column":20}},"4":{"start":{"line":11,"column":2},"end":{"line":11,"column":42}},"5":{"start":{"line":11,"column":25},"end":{"line":11,"column":42}},"6":{"start":{"line":12,"column":2},"end":{"line":12,"column":82}},"7":{"start":{"line":12,"column":26},"end":{"line":12,"column":82}},"8":{"start":{"line":12,"column":49},"end":{"line":12,"column":80}},"9":{"start":{"line":13,"column":2},"end":{"line":22,"column":3}},"10":{"start":{"line":14,"column":39},"end":{"line":14,"column":41}},"11":{"start":{"line":15,"column":4},"end":{"line":20,"column":5}},"12":{"start":{"line":16,"column":23},"end":{"line":16,"column":38}},"13":{"start":{"line":17,"column":6},"end":{"line":17,"column":67}},"14":{"start":{"line":17,"column":35},"end":{"line":17,"column":55}},"15":{"start":{"line":17,"column":58},"end":{"line":17,"column":67}},"16":{"start":{"line":18,"column":6},"end":{"line":18,"column":47}},"17":{"start":{"line":18,"column":38},"end":{"line":18,"column":47}},"18":{"start":{"line":19,"column":6},"end":{"line":19,"column":46}},"19":{"start":{"line":21,"column":4},"end":{"line":21,"column":17}},"20":{"start":{"line":23,"column":2},"end":{"line":33,"column":3}},"21":{"start":{"line":25,"column":4},"end":{"line":32,"column":16}},"22":{"start":{"line":25,"column":42},"end":{"line":32,"column":13}},"23":{"start":{"line":34,"column":2},"end":{"line":34,"column":13}}},"fnMap":{"0":{"name":"sanitizeOutput","decl":{"start":{"line":10,"column":16},"end":{"line":10,"column":30}},"loc":{"start":{"line":10,"column":50},"end":{"line":35,"column":1}}},"1":{"name":"(anonymous_1)","decl":{"start":{"line":12,"column":41},"end":{"line":12,"column":45}},"loc":{"start":{"line":12,"column":49},"end":{"line":12,"column":80}}},"2":{"name":"(anonymous_2)","decl":{"start":{"line":17,"column":30},"end":{"line":17,"column":31}},"loc":{"start":{"line":17,"column":35},"end":{"line":17,"column":55}}},"3":{"name":"(anonymous_3)","decl":{"start":{"line":25,"column":36},"end":{"line":25,"column":37}},"loc":{"start":{"line":25,"column":42},"end":{"line":32,"column":13}}}},"branchMap":{"0":{"loc":{"start":{"line":10,"column":41},"end":{"line":10,"column":50}},"type":"default-arg","locations":[{"start":{"line":10,"column":49},"end":{"line":10,"column":50}}]},"1":{"loc":{"start":{"line":11,"column":2},"end":{"line":11,"column":42}},"type":"if","locations":[{"start":{"line":11,"column":2},"end":{"line":11,"column":42}}]},"2":{"loc":{"start":{"line":12,"column":2},"end":{"line":12,"column":82}},"type":"if","locations":[{"start":{"line":12,"column":2},"end":{"line":12,"column":82}}]},"3":{"loc":{"start":{"line":13,"column":2},"end":{"line":22,"column":3}},"type":"if","locations":[{"start":{"line":13,"column":2},"end":{"line":22,"column":3}}]},"4":{"loc":{"start":{"line":13,"column":6},"end":{"line":13,"column":36}},"type":"binary-expr","locations":[{"start":{"line":13,"column":6},"end":{"line":13,"column":9}},{"start":{"line":13,"column":13},"end":{"line":13,"column":36}}]},"5":{"loc":{"start":{"line":17,"column":6},"end":{"line":17,"column":67}},"type":"if","locations":[{"start":{"line":17,"column":6},"end":{"line":17,"column":67}}]},"6":{"loc":{"start":{"line":18,"column":6},"end":{"line":18,"column":47}},"type":"if","locations":[{"start":{"line":18,"column":6},"end":{"line":18,"column":47}}]},"7":{"loc":{"start":{"line":23,"column":2},"end":{"line":33,"column":3}},"type":"if","locations":[{"start":{"line":23,"column":2},"end":{"line":33,"column":3}}]},"8":{"loc":{"start":{"line":25,"column":42},"end":{"line":32,"column":13}},"type":"binary-expr","locations":[{"start":{"line":25,"column":42},"end":{"line":32,"column":8}},{"start":{"line":32,"column":12},"end":{"line":32,"column":13}}]}},"s":{"0":6,"1":6,"2":6,"3":6,"4":74,"5":2,"6":72,"7":1,"8":3,"9":71,"10":36,"11":36,"12":71,"13":71,"14":401,"15":9,"16":62,"17":2,"18":60,"19":36,"20":35,"21":12,"22":11,"23":23},"f":{"0":74,"1":3,"2":401,"3":11},"b":{"0":[11],"1":[2],"2":[1],"3":[36],"4":[71,70],"5":[9],"6":[2],"7":[12],"8":[11,0]}}
,"/Users/msigler/Code/CodePipeline-MCP/src/utils/streamStateStore.ts": {"path":"/Users/msigler/Code/CodePipeline-MCP/src/utils/streamStateStore.ts","statementMap":{"0":{"start":{"line":15,"column":0},"end":{"line":15,"column":16}},"1":{"start":{"line":19,"column":0},"end":{"line":19,"column":16}},"2":{"start":{"line":23,"column":0},"end":{"line":23,"column":16}},"3":{"start":{"line":29,"column":0},"end":{"line":29,"column":16}},"4":{"start":{"line":13,"column":49},"end":{"line":13,"column":51}},"5":{"start":{"line":16,"column":2},"end":{"line":16,"column":33}},"6":{"start":{"line":20,"column":2},"end":{"line":20,"column":32}},"7":{"start":{"line":24,"column":2},"end":{"line":26,"column":3}},"8":{"start":{"line":25,"column":4},"end":{"line":25,"column":50}},"9":{"start":{"line":30,"column":2},"end":{"line":30,"column":32}}},"fnMap":{"0":{"name":"createStreamState","decl":{"start":{"line":15,"column":16},"end":{"line":15,"column":33}},"loc":{"start":{"line":15,"column":71},"end":{"line":17,"column":1}}},"1":{"name":"getStreamState","decl":{"start":{"line":19,"column":16},"end":{"line":19,"column":30}},"loc":{"start":{"line":19,"column":48},"end":{"line":21,"column":1}}},"2":{"name":"updateStreamState","decl":{"start":{"line":23,"column":16},"end":{"line":23,"column":33}},"loc":{"start":{"line":23,"column":81},"end":{"line":27,"column":1}}},"3":{"name":"deleteStreamState","decl":{"start":{"line":29,"column":16},"end":{"line":29,"column":33}},"loc":{"start":{"line":29,"column":51},"end":{"line":31,"column":1}}}},"branchMap":{"0":{"loc":{"start":{"line":24,"column":2},"end":{"line":26,"column":3}},"type":"if","locations":[{"start":{"line":24,"column":2},"end":{"line":26,"column":3}}]}},"s":{"0":6,"1":6,"2":6,"3":6,"4":6,"5":6,"6":5,"7":16,"8":16,"9":4},"f":{"0":6,"1":5,"2":16,"3":4},"b":{"0":[16]}}
}
