{"/Users/msigler/Code/CodePipeline-MCP/src/index.ts": {"path":"/Users/msigler/Code/CodePipeline-MCP/src/index.ts","statementMap":{"0":{"start":{"line":27,"column":0},"end":{"line":27,"column":16}},"1":{"start":{"line":85,"column":0},"end":{"line":85,"column":16}},"2":{"start":{"line":1,"column":0},"end":{"line":1,"column":24}},"3":{"start":{"line":2,"column":0},"end":{"line":2,"column":null}},"4":{"start":{"line":10,"column":0},"end":{"line":10,"column":28}},"5":{"start":{"line":12,"column":0},"end":{"line":12,"column":null}},"6":{"start":{"line":17,"column":0},"end":{"line":17,"column":52}},"7":{"start":{"line":18,"column":0},"end":{"line":18,"column":57}},"8":{"start":{"line":19,"column":0},"end":{"line":19,"column":56}},"9":{"start":{"line":20,"column":0},"end":{"line":20,"column":59}},"10":{"start":{"line":21,"column":0},"end":{"line":21,"column":57}},"11":{"start":{"line":22,"column":0},"end":{"line":22,"column":null}},"12":{"start":{"line":28,"column":14},"end":{"line":28,"column":23}},"13":{"start":{"line":29,"column":2},"end":{"line":29,"column":34}},"14":{"start":{"line":30,"column":2},"end":{"line":30,"column":18}},"15":{"start":{"line":31,"column":2},"end":{"line":31,"column":20}},"16":{"start":{"line":32,"column":2},"end":{"line":32,"column":25}},"17":{"start":{"line":35,"column":2},"end":{"line":37,"column":5}},"18":{"start":{"line":36,"column":4},"end":{"line":36,"column":43}},"19":{"start":{"line":39,"column":2},"end":{"line":39,"column":27}},"20":{"start":{"line":40,"column":2},"end":{"line":40,"column":29}},"21":{"start":{"line":43,"column":2},"end":{"line":45,"column":3}},"22":{"start":{"line":44,"column":4},"end":{"line":44,"column":28}},"23":{"start":{"line":48,"column":18},"end":{"line":48,"column":56}},"24":{"start":{"line":49,"column":19},"end":{"line":50,"column":null}},"25":{"start":{"line":54,"column":13},"end":{"line":54,"column":21}},"26":{"start":{"line":57,"column":2},"end":{"line":57,"column":57}},"27":{"start":{"line":58,"column":2},"end":{"line":58,"column":66}},"28":{"start":{"line":59,"column":2},"end":{"line":62,"column":4}},"29":{"start":{"line":64,"column":2},"end":{"line":64,"column":21}},"30":{"start":{"line":67,"column":2},"end":{"line":67,"column":58}},"31":{"start":{"line":68,"column":2},"end":{"line":68,"column":67}},"32":{"start":{"line":69,"column":2},"end":{"line":72,"column":4}},"33":{"start":{"line":75,"column":2},"end":{"line":79,"column":5}},"34":{"start":{"line":76,"column":16},"end":{"line":76,"column":69}},"35":{"start":{"line":77,"column":4},"end":{"line":77,"column":21}},"36":{"start":{"line":78,"column":4},"end":{"line":78,"column":14}},"37":{"start":{"line":80,"column":2},"end":{"line":80,"column":24}},"38":{"start":{"line":82,"column":2},"end":{"line":82,"column":13}},"39":{"start":{"line":86,"column":14},"end":{"line":86,"column":25}},"40":{"start":{"line":87,"column":15},"end":{"line":87,"column":39}},"41":{"start":{"line":88,"column":2},"end":{"line":90,"column":5}},"42":{"start":{"line":89,"column":4},"end":{"line":89,"column":56}},"43":{"start":{"line":94,"column":21},"end":{"line":94,"column":78}},"44":{"start":{"line":95,"column":0},"end":{"line":98,"column":1}},"45":{"start":{"line":97,"column":2},"end":{"line":97,"column":59}},"46":{"start":{"line":97,"column":2},"end":{"line":97,"column":26}},"47":{"start":{"line":97,"column":40},"end":{"line":97,"column":57}}},"fnMap":{"0":{"name":"createApp","decl":{"start":{"line":27,"column":16},"end":{"line":27,"column":25}},"loc":{"start":{"line":27,"column":25},"end":{"line":83,"column":1}}},"1":{"name":"(anonymous_11)","decl":{"start":{"line":35,"column":22},"end":{"line":35,"column":23}},"loc":{"start":{"line":35,"column":61},"end":{"line":37,"column":3}}},"2":{"name":"(anonymous_12)","decl":{"start":{"line":75,"column":10},"end":{"line":75,"column":11}},"loc":{"start":{"line":75,"column":70},"end":{"line":79,"column":3}}},"3":{"name":"startServer","decl":{"start":{"line":85,"column":16},"end":{"line":85,"column":27}},"loc":{"start":{"line":85,"column":27},"end":{"line":91,"column":1}}},"4":{"name":"(anonymous_14)","decl":{"start":{"line":88,"column":19},"end":{"line":88,"column":22}},"loc":{"start":{"line":88,"column":24},"end":{"line":90,"column":3}}},"5":{"name":"(anonymous_15)","decl":{"start":{"line":97,"column":2},"end":{"line":97,"column":9}},"loc":{"start":{"line":97,"column":2},"end":{"line":97,"column":26}}},"6":{"name":"(anonymous_16)","decl":{"start":{"line":97,"column":31},"end":{"line":97,"column":32}},"loc":{"start":{"line":97,"column":40},"end":{"line":97,"column":57}}}},"branchMap":{"0":{"loc":{"start":{"line":43,"column":2},"end":{"line":45,"column":3}},"type":"if","locations":[{"start":{"line":43,"column":2},"end":{"line":45,"column":3}}]},"1":{"loc":{"start":{"line":87,"column":15},"end":{"line":87,"column":39}},"type":"binary-expr","locations":[{"start":{"line":87,"column":15},"end":{"line":87,"column":31}},{"start":{"line":87,"column":35},"end":{"line":87,"column":39}}]},"2":{"loc":{"start":{"line":94,"column":21},"end":{"line":94,"column":78}},"type":"binary-expr","locations":[{"start":{"line":94,"column":21},"end":{"line":94,"column":51}},{"start":{"line":94,"column":55},"end":{"line":94,"column":78}}]},"3":{"loc":{"start":{"line":95,"column":0},"end":{"line":98,"column":1}},"type":"if","locations":[{"start":{"line":95,"column":0},"end":{"line":98,"column":1}}]}},"s":{"0":15,"1":15,"2":15,"3":15,"4":15,"5":15,"6":15,"7":15,"8":15,"9":15,"10":15,"11":15,"12":12,"13":12,"14":12,"15":12,"16":12,"17":12,"18":73,"19":12,"20":12,"21":12,"22":1,"23":12,"24":12,"25":12,"26":12,"27":12,"28":12,"29":12,"30":12,"31":12,"32":12,"33":12,"34":2,"35":2,"36":2,"37":12,"38":12,"39":0,"40":0,"41":0,"42":0,"43":15,"44":15,"45":0,"46":0,"47":0},"f":{"0":12,"1":73,"2":2,"3":0,"4":0,"5":0,"6":0},"b":{"0":[1],"1":[0,0],"2":[15,15],"3":[0]}}
,"/Users/msigler/Code/CodePipeline-MCP/src/startServer.ts": {"path":"/Users/msigler/Code/CodePipeline-MCP/src/startServer.ts","statementMap":{"0":{"start":{"line":3,"column":0},"end":{"line":3,"column":16}},"1":{"start":{"line":1,"column":0},"end":{"line":1,"column":36}},"2":{"start":{"line":5,"column":2},"end":{"line":10,"column":3}},"3":{"start":{"line":6,"column":4},"end":{"line":6,"column":22}},"4":{"start":{"line":8,"column":4},"end":{"line":8,"column":48}},"5":{"start":{"line":9,"column":4},"end":{"line":9,"column":11}},"6":{"start":{"line":11,"column":15},"end":{"line":11,"column":39}},"7":{"start":{"line":12,"column":2},"end":{"line":18,"column":3}},"8":{"start":{"line":13,"column":4},"end":{"line":15,"column":7}},"9":{"start":{"line":14,"column":6},"end":{"line":14,"column":58}},"10":{"start":{"line":17,"column":4},"end":{"line":17,"column":50}}},"fnMap":{"0":{"name":"startServer","decl":{"start":{"line":3,"column":16},"end":{"line":3,"column":27}},"loc":{"start":{"line":3,"column":27},"end":{"line":19,"column":1}}},"1":{"name":"(anonymous_1)","decl":{"start":{"line":13,"column":21},"end":{"line":13,"column":24}},"loc":{"start":{"line":13,"column":26},"end":{"line":15,"column":5}}}},"branchMap":{"0":{"loc":{"start":{"line":11,"column":15},"end":{"line":11,"column":39}},"type":"binary-expr","locations":[{"start":{"line":11,"column":15},"end":{"line":11,"column":31}},{"start":{"line":11,"column":35},"end":{"line":11,"column":39}}]}},"s":{"0":6,"1":6,"2":6,"3":6,"4":1,"5":1,"6":5,"7":5,"8":5,"9":4,"10":1},"f":{"0":6,"1":4},"b":{"0":[5,2]}}
,"/Users/msigler/Code/CodePipeline-MCP/src/handlers/mcpHandlers.ts": {"path":"/Users/msigler/Code/CodePipeline-MCP/src/handlers/mcpHandlers.ts","statementMap":{"0":{"start":{"line":17,"column":0},"end":{"line":17,"column":16}},"1":{"start":{"line":45,"column":0},"end":{"line":45,"column":16}},"2":{"start":{"line":179,"column":0},"end":{"line":179,"column":16}},"3":{"start":{"line":6,"column":0},"end":{"line":6,"column":57}},"4":{"start":{"line":7,"column":0},"end":{"line":7,"column":57}},"5":{"start":{"line":8,"column":0},"end":{"line":8,"column":null}},"6":{"start":{"line":20,"column":2},"end":{"line":41,"column":4}},"7":{"start":{"line":22,"column":15},"end":{"line":22,"column":63}},"8":{"start":{"line":23,"column":19},"end":{"line":23,"column":72}},"9":{"start":{"line":25,"column":4},"end":{"line":27,"column":5}},"10":{"start":{"line":26,"column":6},"end":{"line":26,"column":15}},"11":{"start":{"line":28,"column":4},"end":{"line":30,"column":5}},"12":{"start":{"line":29,"column":6},"end":{"line":29,"column":20}},"13":{"start":{"line":31,"column":18},"end":{"line":31,"column":39}},"14":{"start":{"line":32,"column":16},"end":{"line":32,"column":32}},"15":{"start":{"line":33,"column":27},"end":{"line":33,"column":53}},"16":{"start":{"line":34,"column":4},"end":{"line":40,"column":7}},"17":{"start":{"line":49,"column":2},"end":{"line":127,"column":4}},"18":{"start":{"line":50,"column":46},"end":{"line":50,"column":59}},"19":{"start":{"line":54,"column":21},"end":{"line":54,"column":39}},"20":{"start":{"line":55,"column":18},"end":{"line":55,"column":72}},"21":{"start":{"line":55,"column":39},"end":{"line":55,"column":71}},"22":{"start":{"line":56,"column":4},"end":{"line":59,"column":5}},"23":{"start":{"line":57,"column":6},"end":{"line":57,"column":57}},"24":{"start":{"line":58,"column":6},"end":{"line":58,"column":13}},"25":{"start":{"line":62,"column":6},"end":{"line":64,"column":55}},"26":{"start":{"line":66,"column":21},"end":{"line":66,"column":78}},"27":{"start":{"line":67,"column":4},"end":{"line":70,"column":5}},"28":{"start":{"line":68,"column":6},"end":{"line":68,"column":79}},"29":{"start":{"line":69,"column":6},"end":{"line":69,"column":13}},"30":{"start":{"line":71,"column":19},"end":{"line":71,"column":45}},"31":{"start":{"line":72,"column":4},"end":{"line":77,"column":5}},"32":{"start":{"line":73,"column":6},"end":{"line":75,"column":77}},"33":{"start":{"line":76,"column":6},"end":{"line":76,"column":13}},"34":{"start":{"line":78,"column":23},"end":{"line":78,"column":68}},"35":{"start":{"line":80,"column":7},"end":{"line":80,"column":67}},"36":{"start":{"line":90,"column":4},"end":{"line":109,"column":5}},"37":{"start":{"line":91,"column":25},"end":{"line":91,"column":56}},"38":{"start":{"line":92,"column":6},"end":{"line":97,"column":7}},"39":{"start":{"line":93,"column":8},"end":{"line":95,"column":75}},"40":{"start":{"line":96,"column":8},"end":{"line":96,"column":15}},"41":{"start":{"line":98,"column":6},"end":{"line":98,"column":31}},"42":{"start":{"line":100,"column":6},"end":{"line":107,"column":8}},"43":{"start":{"line":108,"column":6},"end":{"line":108,"column":54}},"44":{"start":{"line":111,"column":4},"end":{"line":123,"column":5}},"45":{"start":{"line":113,"column":6},"end":{"line":121,"column":9}},"46":{"start":{"line":122,"column":6},"end":{"line":122,"column":13}},"47":{"start":{"line":124,"column":4},"end":{"line":124,"column":55}},"48":{"start":{"line":125,"column":4},"end":{"line":125,"column":51}},"49":{"start":{"line":126,"column":4},"end":{"line":126,"column":63}},"50":{"start":{"line":143,"column":17},"end":{"line":143,"column":48}},"51":{"start":{"line":144,"column":2},"end":{"line":166,"column":3}},"52":{"start":{"line":144,"column":15},"end":{"line":144,"column":35}},"53":{"start":{"line":145,"column":4},"end":{"line":147,"column":5}},"54":{"start":{"line":146,"column":6},"end":{"line":146,"column":63}},"55":{"start":{"line":146,"column":37},"end":{"line":146,"column":61}},"56":{"start":{"line":148,"column":65},"end":{"line":152,"column":6}},"57":{"start":{"line":153,"column":4},"end":{"line":153,"column":61}},"58":{"start":{"line":154,"column":4},"end":{"line":154,"column":48}},"59":{"start":{"line":155,"column":4},"end":{"line":157,"column":5}},"60":{"start":{"line":156,"column":6},"end":{"line":156,"column":75}},"61":{"start":{"line":158,"column":4},"end":{"line":158,"column":29}},"62":{"start":{"line":159,"column":4},"end":{"line":159,"column":41}},"63":{"start":{"line":160,"column":4},"end":{"line":165,"column":5}},"64":{"start":{"line":161,"column":6},"end":{"line":164,"column":9}},"65":{"start":{"line":167,"column":2},"end":{"line":167,"column":31}},"66":{"start":{"line":168,"column":2},"end":{"line":168,"column":52}},"67":{"start":{"line":169,"column":2},"end":{"line":169,"column":30}},"68":{"start":{"line":170,"column":2},"end":{"line":170,"column":12}},"69":{"start":{"line":172,"column":18},"end":{"line":172,"column":71}},"70":{"start":{"line":172,"column":35},"end":{"line":172,"column":63}},"71":{"start":{"line":173,"column":2},"end":{"line":175,"column":3}},"72":{"start":{"line":174,"column":4},"end":{"line":174,"column":20}},"73":{"start":{"line":183,"column":2},"end":{"line":186,"column":4}},"74":{"start":{"line":185,"column":4},"end":{"line":185,"column":33}}},"fnMap":{"0":{"name":"toolsListHandler","decl":{"start":{"line":17,"column":16},"end":{"line":17,"column":32}},"loc":{"start":{"line":18,"column":21},"end":{"line":42,"column":1}}},"1":{"name":"(anonymous_1)","decl":{"start":{"line":20,"column":9},"end":{"line":20,"column":10}},"loc":{"start":{"line":20,"column":49},"end":{"line":41,"column":3}}},"2":{"name":"toolsCallHandler","decl":{"start":{"line":45,"column":16},"end":{"line":45,"column":32}},"loc":{"start":{"line":47,"column":19},"end":{"line":128,"column":1}}},"3":{"name":"(anonymous_3)","decl":{"start":{"line":49,"column":9},"end":{"line":49,"column":14}},"loc":{"start":{"line":49,"column":64},"end":{"line":127,"column":3}}},"4":{"name":"(anonymous_4)","decl":{"start":{"line":55,"column":32},"end":{"line":55,"column":33}},"loc":{"start":{"line":55,"column":39},"end":{"line":55,"column":71}}},"5":{"name":"streamToolResult","decl":{"start":{"line":131,"column":15},"end":{"line":131,"column":31}},"loc":{"start":{"line":141,"column":19},"end":{"line":176,"column":1}}},"6":{"name":"(anonymous_6)","decl":{"start":{"line":146,"column":24},"end":{"line":146,"column":25}},"loc":{"start":{"line":146,"column":37},"end":{"line":146,"column":61}}},"7":{"name":"(anonymous_7)","decl":{"start":{"line":172,"column":29},"end":{"line":172,"column":32}},"loc":{"start":{"line":172,"column":35},"end":{"line":172,"column":63}}},"8":{"name":"notificationsListChangedHandler","decl":{"start":{"line":179,"column":16},"end":{"line":179,"column":47}},"loc":{"start":{"line":179,"column":47},"end":{"line":187,"column":1}}},"9":{"name":"(anonymous_9)","decl":{"start":{"line":183,"column":9},"end":{"line":183,"column":10}},"loc":{"start":{"line":183,"column":48},"end":{"line":186,"column":3}}}},"branchMap":{"0":{"loc":{"start":{"line":22,"column":25},"end":{"line":22,"column":58}},"type":"binary-expr","locations":[{"start":{"line":22,"column":25},"end":{"line":22,"column":51}},{"start":{"line":22,"column":55},"end":{"line":22,"column":58}}]},"1":{"loc":{"start":{"line":23,"column":29},"end":{"line":23,"column":67}},"type":"binary-expr","locations":[{"start":{"line":23,"column":29},"end":{"line":23,"column":59}},{"start":{"line":23,"column":63},"end":{"line":23,"column":67}}]},"2":{"loc":{"start":{"line":25,"column":4},"end":{"line":27,"column":5}},"type":"if","locations":[{"start":{"line":25,"column":4},"end":{"line":27,"column":5}}]},"3":{"loc":{"start":{"line":25,"column":8},"end":{"line":25,"column":31}},"type":"binary-expr","locations":[{"start":{"line":25,"column":8},"end":{"line":25,"column":19}},{"start":{"line":25,"column":23},"end":{"line":25,"column":31}}]},"4":{"loc":{"start":{"line":28,"column":4},"end":{"line":30,"column":5}},"type":"if","locations":[{"start":{"line":28,"column":4},"end":{"line":30,"column":5}}]},"5":{"loc":{"start":{"line":28,"column":8},"end":{"line":28,"column":39}},"type":"binary-expr","locations":[{"start":{"line":28,"column":8},"end":{"line":28,"column":23}},{"start":{"line":28,"column":27},"end":{"line":28,"column":39}}]},"6":{"loc":{"start":{"line":55,"column":39},"end":{"line":55,"column":71}},"type":"binary-expr","locations":[{"start":{"line":55,"column":39},"end":{"line":55,"column":54}},{"start":{"line":55,"column":58},"end":{"line":55,"column":71}}]},"7":{"loc":{"start":{"line":56,"column":4},"end":{"line":59,"column":5}},"type":"if","locations":[{"start":{"line":56,"column":4},"end":{"line":59,"column":5}}]},"8":{"loc":{"start":{"line":62,"column":6},"end":{"line":64,"column":55}},"type":"binary-expr","locations":[{"start":{"line":62,"column":6},"end":{"line":62,"column":26}},{"start":{"line":63,"column":6},"end":{"line":63,"column":32}},{"start":{"line":64,"column":7},"end":{"line":64,"column":54}}]},"9":{"loc":{"start":{"line":64,"column":7},"end":{"line":64,"column":54}},"type":"cond-expr","locations":[{"start":{"line":64,"column":18},"end":{"line":64,"column":42}},{"start":{"line":64,"column":45},"end":{"line":64,"column":54}}]},"10":{"loc":{"start":{"line":67,"column":4},"end":{"line":70,"column":5}},"type":"if","locations":[{"start":{"line":67,"column":4},"end":{"line":70,"column":5}}]},"11":{"loc":{"start":{"line":67,"column":8},"end":{"line":67,"column":61}},"type":"binary-expr","locations":[{"start":{"line":67,"column":8},"end":{"line":67,"column":17}},{"start":{"line":67,"column":21},"end":{"line":67,"column":61}}]},"12":{"loc":{"start":{"line":72,"column":4},"end":{"line":77,"column":5}},"type":"if","locations":[{"start":{"line":72,"column":4},"end":{"line":77,"column":5}}]},"13":{"loc":{"start":{"line":80,"column":7},"end":{"line":80,"column":67}},"type":"binary-expr","locations":[{"start":{"line":80,"column":7},"end":{"line":80,"column":57}},{"start":{"line":80,"column":61},"end":{"line":80,"column":67}}]},"14":{"loc":{"start":{"line":90,"column":4},"end":{"line":109,"column":5}},"type":"if","locations":[{"start":{"line":90,"column":4},"end":{"line":109,"column":5}},{"start":{"line":99,"column":11},"end":{"line":109,"column":5}}]},"15":{"loc":{"start":{"line":92,"column":6},"end":{"line":97,"column":7}},"type":"if","locations":[{"start":{"line":92,"column":6},"end":{"line":97,"column":7}}]},"16":{"loc":{"start":{"line":92,"column":10},"end":{"line":92,"column":53}},"type":"binary-expr","locations":[{"start":{"line":92,"column":10},"end":{"line":92,"column":21}},{"start":{"line":92,"column":25},"end":{"line":92,"column":53}}]},"17":{"loc":{"start":{"line":108,"column":24},"end":{"line":108,"column":39}},"type":"binary-expr","locations":[{"start":{"line":108,"column":24},"end":{"line":108,"column":33}},{"start":{"line":108,"column":37},"end":{"line":108,"column":39}}]},"18":{"loc":{"start":{"line":111,"column":4},"end":{"line":123,"column":5}},"type":"if","locations":[{"start":{"line":111,"column":4},"end":{"line":123,"column":5}}]},"19":{"loc":{"start":{"line":126,"column":46},"end":{"line":126,"column":61}},"type":"binary-expr","locations":[{"start":{"line":126,"column":46},"end":{"line":126,"column":55}},{"start":{"line":126,"column":59},"end":{"line":126,"column":61}}]},"20":{"loc":{"start":{"line":145,"column":4},"end":{"line":147,"column":5}},"type":"if","locations":[{"start":{"line":145,"column":4},"end":{"line":147,"column":5}}]},"21":{"loc":{"start":{"line":151,"column":8},"end":{"line":151,"column":76}},"type":"cond-expr","locations":[{"start":{"line":151,"column":20},"end":{"line":151,"column":64}},{"start":{"line":151,"column":67},"end":{"line":151,"column":76}}]},"22":{"loc":{"start":{"line":153,"column":14},"end":{"line":153,"column":59}},"type":"cond-expr","locations":[{"start":{"line":153,"column":24},"end":{"line":153,"column":53}},{"start":{"line":153,"column":56},"end":{"line":153,"column":59}}]},"23":{"loc":{"start":{"line":155,"column":4},"end":{"line":157,"column":5}},"type":"if","locations":[{"start":{"line":155,"column":4},"end":{"line":157,"column":5}}]},"24":{"loc":{"start":{"line":160,"column":4},"end":{"line":165,"column":5}},"type":"if","locations":[{"start":{"line":160,"column":4},"end":{"line":165,"column":5}}]},"25":{"loc":{"start":{"line":173,"column":2},"end":{"line":175,"column":3}},"type":"if","locations":[{"start":{"line":173,"column":2},"end":{"line":175,"column":3}}]}},"s":{"0":14,"1":14,"2":14,"3":14,"4":14,"5":14,"6":31,"7":11,"8":11,"9":11,"10":4,"11":11,"12":4,"13":11,"14":11,"15":11,"16":11,"17":46,"18":28,"19":28,"20":28,"21":31,"22":28,"23":3,"24":3,"25":25,"26":25,"27":25,"28":3,"29":3,"30":22,"31":22,"32":2,"33":2,"34":20,"35":20,"36":20,"37":4,"38":4,"39":4,"40":4,"41":0,"42":16,"43":16,"44":16,"45":2,"46":2,"47":14,"48":13,"49":13,"50":13,"51":13,"52":13,"53":61,"54":61,"55":61,"56":61,"57":61,"58":60,"59":60,"60":12,"61":60,"62":60,"63":60,"64":48,"65":12,"66":12,"67":12,"68":12,"69":11,"70":6,"71":11,"72":11,"73":23,"74":2},"f":{"0":31,"1":11,"2":46,"3":28,"4":31,"5":13,"6":61,"7":6,"8":23,"9":2},"b":{"0":[11,4],"1":[11,4],"2":[4],"3":[11,10],"4":[4],"5":[11,10],"6":[31,11],"7":[3],"8":[25,4,3],"9":[2,1],"10":[3],"11":[25,22],"12":[2],"13":[20,6],"14":[4,16],"15":[4],"16":[4,2],"17":[16,2],"18":[2],"19":[13,2],"20":[61],"21":[12,49],"22":[13,48],"23":[12],"24":[48],"25":[11]}}
,"/Users/msigler/Code/CodePipeline-MCP/src/middleware/auth.ts": {"path":"/Users/msigler/Code/CodePipeline-MCP/src/middleware/auth.ts","statementMap":{"0":{"start":{"line":8,"column":0},"end":{"line":8,"column":16}},"1":{"start":{"line":2,"column":0},"end":{"line":2,"column":38}},"2":{"start":{"line":3,"column":0},"end":{"line":3,"column":37}},"3":{"start":{"line":5,"column":19},"end":{"line":5,"column":55}},"4":{"start":{"line":6,"column":19},"end":{"line":6,"column":70}},"5":{"start":{"line":13,"column":21},"end":{"line":13,"column":49}},"6":{"start":{"line":14,"column":2},"end":{"line":17,"column":3}},"7":{"start":{"line":15,"column":4},"end":{"line":15,"column":79}},"8":{"start":{"line":16,"column":4},"end":{"line":16,"column":11}},"9":{"start":{"line":18,"column":16},"end":{"line":18,"column":39}},"10":{"start":{"line":19,"column":2},"end":{"line":28,"column":3}},"11":{"start":{"line":20,"column":20},"end":{"line":20,"column":79}},"12":{"start":{"line":21,"column":5},"end":{"line":21,"column":47}},"13":{"start":{"line":22,"column":4},"end":{"line":22,"column":11}},"14":{"start":{"line":24,"column":4},"end":{"line":26,"column":5}},"15":{"start":{"line":25,"column":6},"end":{"line":25,"column":52}},"16":{"start":{"line":27,"column":4},"end":{"line":27,"column":79}}},"fnMap":{"0":{"name":"authenticateJWT","decl":{"start":{"line":8,"column":16},"end":{"line":8,"column":31}},"loc":{"start":{"line":11,"column":20},"end":{"line":29,"column":1}}}},"branchMap":{"0":{"loc":{"start":{"line":5,"column":19},"end":{"line":5,"column":55}},"type":"binary-expr","locations":[{"start":{"line":5,"column":19},"end":{"line":5,"column":41}},{"start":{"line":5,"column":45},"end":{"line":5,"column":55}}]},"1":{"loc":{"start":{"line":6,"column":19},"end":{"line":6,"column":70}},"type":"binary-expr","locations":[{"start":{"line":6,"column":19},"end":{"line":6,"column":41}},{"start":{"line":6,"column":45},"end":{"line":6,"column":70}}]},"2":{"loc":{"start":{"line":14,"column":2},"end":{"line":17,"column":3}},"type":"if","locations":[{"start":{"line":14,"column":2},"end":{"line":17,"column":3}}]},"3":{"loc":{"start":{"line":24,"column":4},"end":{"line":26,"column":5}},"type":"if","locations":[{"start":{"line":24,"column":4},"end":{"line":26,"column":5}}]}},"s":{"0":10,"1":10,"2":10,"3":10,"4":10,"5":13,"6":13,"7":7,"8":7,"9":6,"10":6,"11":6,"12":2,"13":2,"14":4,"15":1,"16":4},"f":{"0":13},"b":{"0":[10,10],"1":[10,10],"2":[7],"3":[1]}}
,"/Users/msigler/Code/CodePipeline-MCP/src/middleware/errorHandler.ts": {"path":"/Users/msigler/Code/CodePipeline-MCP/src/middleware/errorHandler.ts","statementMap":{"0":{"start":{"line":5,"column":0},"end":{"line":5,"column":16}},"1":{"start":{"line":3,"column":0},"end":{"line":3,"column":37}},"2":{"start":{"line":11,"column":2},"end":{"line":21,"column":4}},"3":{"start":{"line":23,"column":2},"end":{"line":25,"column":3}},"4":{"start":{"line":24,"column":4},"end":{"line":24,"column":21}},"5":{"start":{"line":27,"column":2},"end":{"line":27,"column":52}},"6":{"start":{"line":28,"column":17},"end":{"line":28,"column":34}},"7":{"start":{"line":29,"column":17},"end":{"line":29,"column":54}},"8":{"start":{"line":31,"column":2},"end":{"line":36,"column":5}}},"fnMap":{"0":{"name":"errorHandler","decl":{"start":{"line":5,"column":16},"end":{"line":5,"column":28}},"loc":{"start":{"line":9,"column":20},"end":{"line":37,"column":1}}}},"branchMap":{"0":{"loc":{"start":{"line":16,"column":13},"end":{"line":16,"column":68}},"type":"binary-expr","locations":[{"start":{"line":16,"column":13},"end":{"line":16,"column":58}},{"start":{"line":16,"column":62},"end":{"line":16,"column":68}}]},"1":{"loc":{"start":{"line":17,"column":18},"end":{"line":17,"column":66}},"type":"binary-expr","locations":[{"start":{"line":17,"column":18},"end":{"line":17,"column":58}},{"start":{"line":17,"column":62},"end":{"line":17,"column":66}}]},"2":{"loc":{"start":{"line":23,"column":2},"end":{"line":25,"column":3}},"type":"if","locations":[{"start":{"line":23,"column":2},"end":{"line":25,"column":3}}]},"3":{"loc":{"start":{"line":28,"column":17},"end":{"line":28,"column":34}},"type":"binary-expr","locations":[{"start":{"line":28,"column":17},"end":{"line":28,"column":27}},{"start":{"line":28,"column":31},"end":{"line":28,"column":34}}]},"4":{"loc":{"start":{"line":32,"column":11},"end":{"line":32,"column":49}},"type":"binary-expr","locations":[{"start":{"line":32,"column":11},"end":{"line":32,"column":22}},{"start":{"line":32,"column":26},"end":{"line":32,"column":49}}]},"5":{"loc":{"start":{"line":33,"column":10},"end":{"line":33,"column":36}},"type":"binary-expr","locations":[{"start":{"line":33,"column":10},"end":{"line":33,"column":18}},{"start":{"line":33,"column":22},"end":{"line":33,"column":36}}]},"6":{"loc":{"start":{"line":34,"column":8},"end":{"line":34,"column":62}},"type":"cond-expr","locations":[{"start":{"line":34,"column":33},"end":{"line":34,"column":57}},{"start":{"line":34,"column":60},"end":{"line":34,"column":62}}]},"7":{"loc":{"start":{"line":34,"column":8},"end":{"line":34,"column":30}},"type":"binary-expr","locations":[{"start":{"line":34,"column":8},"end":{"line":34,"column":19}},{"start":{"line":34,"column":23},"end":{"line":34,"column":30}}]},"8":{"loc":{"start":{"line":35,"column":8},"end":{"line":35,"column":42}},"type":"cond-expr","locations":[{"start":{"line":35,"column":17},"end":{"line":35,"column":19}},{"start":{"line":35,"column":22},"end":{"line":35,"column":42}}]}},"s":{"0":16,"1":16,"2":15,"3":15,"4":2,"5":13,"6":13,"7":13,"8":13},"f":{"0":15},"b":{"0":[15,7],"1":[15,5],"2":[2],"3":[13,5],"4":[13,2],"5":[13,6],"6":[2,11],"7":[13,5],"8":[3,10]}}
,"/Users/msigler/Code/CodePipeline-MCP/src/middleware/rateLimit.ts": {"path":"/Users/msigler/Code/CodePipeline-MCP/src/middleware/rateLimit.ts","statementMap":{"0":{"start":{"line":47,"column":0},"end":{"line":47,"column":16}},"1":{"start":{"line":2,"column":0},"end":{"line":2,"column":null}},"2":{"start":{"line":9,"column":60},"end":{"line":12,"column":2}},"3":{"start":{"line":15,"column":2},"end":{"line":35,"column":5}},"4":{"start":{"line":27,"column":6},"end":{"line":27,"column":72}},"5":{"start":{"line":28,"column":6},"end":{"line":28,"column":49}},"6":{"start":{"line":29,"column":6},"end":{"line":32,"column":8}},"7":{"start":{"line":33,"column":6},"end":{"line":33,"column":49}},"8":{"start":{"line":39,"column":58},"end":{"line":39,"column":60}},"9":{"start":{"line":40,"column":0},"end":{"line":43,"column":3}},"10":{"start":{"line":41,"column":2},"end":{"line":41,"column":53}},"11":{"start":{"line":42,"column":2},"end":{"line":42,"column":55}},"12":{"start":{"line":44,"column":0},"end":{"line":44,"column":49}},"13":{"start":{"line":45,"column":0},"end":{"line":45,"column":52}},"14":{"start":{"line":52,"column":14},"end":{"line":52,"column":36}},"15":{"start":{"line":54,"column":13},"end":{"line":54,"column":19}},"16":{"start":{"line":55,"column":2},"end":{"line":62,"column":3}},"17":{"start":{"line":61,"column":4},"end":{"line":61,"column":19}},"18":{"start":{"line":63,"column":18},"end":{"line":63,"column":75}},"19":{"start":{"line":64,"column":2},"end":{"line":64,"column":33}}},"fnMap":{"0":{"name":"createRateLimiter","decl":{"start":{"line":14,"column":9},"end":{"line":14,"column":26}},"loc":{"start":{"line":14,"column":38},"end":{"line":36,"column":1}}},"1":{"name":"(anonymous_1)","decl":{"start":{"line":21,"column":13},"end":{"line":21,"column":null}},"loc":{"start":{"line":26,"column":8},"end":{"line":34,"column":5}}},"2":{"name":"(anonymous_2)","decl":{"start":{"line":40,"column":43},"end":{"line":40,"column":44}},"loc":{"start":{"line":40,"column":64},"end":{"line":43,"column":1}}},"3":{"name":"mcpRateLimiter","decl":{"start":{"line":47,"column":16},"end":{"line":47,"column":30}},"loc":{"start":{"line":50,"column":20},"end":{"line":65,"column":1}}}},"branchMap":{"0":{"loc":{"start":{"line":27,"column":41},"end":{"line":27,"column":58}},"type":"binary-expr","locations":[{"start":{"line":27,"column":41},"end":{"line":27,"column":52}},{"start":{"line":27,"column":56},"end":{"line":27,"column":58}}]},"1":{"loc":{"start":{"line":55,"column":2},"end":{"line":62,"column":3}},"type":"if","locations":[{"start":{"line":55,"column":2},"end":{"line":62,"column":3}}]},"2":{"loc":{"start":{"line":56,"column":4},"end":{"line":59,"column":29}},"type":"binary-expr","locations":[{"start":{"line":56,"column":4},"end":{"line":56,"column":32}},{"start":{"line":57,"column":4},"end":{"line":57,"column":21}},{"start":{"line":58,"column":4},"end":{"line":58,"column":22}},{"start":{"line":59,"column":4},"end":{"line":59,"column":29}}]},"3":{"loc":{"start":{"line":63,"column":18},"end":{"line":63,"column":75}},"type":"binary-expr","locations":[{"start":{"line":63,"column":18},"end":{"line":63,"column":44}},{"start":{"line":63,"column":48},"end":{"line":63,"column":75}}]}},"s":{"0":16,"1":16,"2":16,"3":96,"4":184,"5":184,"6":184,"7":184,"8":16,"9":16,"10":32,"11":32,"12":16,"13":16,"14":291,"15":291,"16":291,"17":42,"18":291,"19":291},"f":{"0":96,"1":184,"2":32,"3":291},"b":{"0":[184,0],"1":[42],"2":[291,167,105,44],"3":[291,286]}}
,"/Users/msigler/Code/CodePipeline-MCP/src/middleware/requestLogger.ts": {"path":"/Users/msigler/Code/CodePipeline-MCP/src/middleware/requestLogger.ts","statementMap":{"0":{"start":{"line":5,"column":0},"end":{"line":5,"column":16}},"1":{"start":{"line":3,"column":0},"end":{"line":3,"column":37}},"2":{"start":{"line":10,"column":16},"end":{"line":10,"column":26}},"3":{"start":{"line":11,"column":2},"end":{"line":23,"column":5}},"4":{"start":{"line":12,"column":4},"end":{"line":22,"column":6}},"5":{"start":{"line":24,"column":2},"end":{"line":24,"column":9}}},"fnMap":{"0":{"name":"requestLogger","decl":{"start":{"line":5,"column":16},"end":{"line":5,"column":29}},"loc":{"start":{"line":8,"column":20},"end":{"line":25,"column":1}}},"1":{"name":"(anonymous_2)","decl":{"start":{"line":11,"column":19},"end":{"line":11,"column":22}},"loc":{"start":{"line":11,"column":24},"end":{"line":23,"column":3}}}},"branchMap":{"0":{"loc":{"start":{"line":18,"column":15},"end":{"line":18,"column":70}},"type":"binary-expr","locations":[{"start":{"line":18,"column":15},"end":{"line":18,"column":60}},{"start":{"line":18,"column":64},"end":{"line":18,"column":70}}]},"1":{"loc":{"start":{"line":19,"column":20},"end":{"line":19,"column":68}},"type":"binary-expr","locations":[{"start":{"line":19,"column":20},"end":{"line":19,"column":60}},{"start":{"line":19,"column":64},"end":{"line":19,"column":68}}]}},"s":{"0":15,"1":15,"2":86,"3":86,"4":86,"5":86},"f":{"0":86,"1":86},"b":{"0":[86,84],"1":[86,76]}}
,"/Users/msigler/Code/CodePipeline-MCP/src/middleware/session.ts": {"path":"/Users/msigler/Code/CodePipeline-MCP/src/middleware/session.ts","statementMap":{"0":{"start":{"line":4,"column":0},"end":{"line":4,"column":16}},"1":{"start":{"line":2,"column":0},"end":{"line":2,"column":36}},"2":{"start":{"line":9,"column":18},"end":{"line":9,"column":67}},"3":{"start":{"line":10,"column":2},"end":{"line":15,"column":3}},"4":{"start":{"line":12,"column":20},"end":{"line":12,"column":75}},"5":{"start":{"line":13,"column":4},"end":{"line":13,"column":40}},"6":{"start":{"line":14,"column":4},"end":{"line":14,"column":45}},"7":{"start":{"line":16,"column":3},"end":{"line":16,"column":56}},"8":{"start":{"line":17,"column":2},"end":{"line":17,"column":9}}},"fnMap":{"0":{"name":"sessionMiddleware","decl":{"start":{"line":4,"column":16},"end":{"line":4,"column":33}},"loc":{"start":{"line":7,"column":20},"end":{"line":18,"column":1}}}},"branchMap":{"0":{"loc":{"start":{"line":10,"column":2},"end":{"line":15,"column":3}},"type":"if","locations":[{"start":{"line":10,"column":2},"end":{"line":15,"column":3}}]},"1":{"loc":{"start":{"line":12,"column":20},"end":{"line":12,"column":75}},"type":"binary-expr","locations":[{"start":{"line":12,"column":20},"end":{"line":12,"column":65}},{"start":{"line":12,"column":69},"end":{"line":12,"column":75}}]}},"s":{"0":15,"1":15,"2":11,"3":11,"4":10,"5":10,"6":10,"7":11,"8":11},"f":{"0":11},"b":{"0":[10],"1":[10,9]}}
,"/Users/msigler/Code/CodePipeline-MCP/src/middleware/validate.ts": {"path":"/Users/msigler/Code/CodePipeline-MCP/src/middleware/validate.ts","statementMap":{"0":{"start":{"line":5,"column":0},"end":{"line":5,"column":16}},"1":{"start":{"line":8,"column":2},"end":{"line":18,"column":4}},"2":{"start":{"line":9,"column":19},"end":{"line":9,"column":45}},"3":{"start":{"line":10,"column":4},"end":{"line":15,"column":5}},"4":{"start":{"line":11,"column":6},"end":{"line":13,"column":79}},"5":{"start":{"line":14,"column":6},"end":{"line":14,"column":13}},"6":{"start":{"line":16,"column":4},"end":{"line":16,"column":27}},"7":{"start":{"line":17,"column":4},"end":{"line":17,"column":11}}},"fnMap":{"0":{"name":"validateBody","decl":{"start":{"line":5,"column":16},"end":{"line":5,"column":28}},"loc":{"start":{"line":6,"column":20},"end":{"line":19,"column":1}}},"1":{"name":"(anonymous_1)","decl":{"start":{"line":8,"column":9},"end":{"line":8,"column":10}},"loc":{"start":{"line":8,"column":67},"end":{"line":18,"column":3}}}},"branchMap":{"0":{"loc":{"start":{"line":10,"column":4},"end":{"line":15,"column":5}},"type":"if","locations":[{"start":{"line":10,"column":4},"end":{"line":15,"column":5}}]}},"s":{"0":1,"1":4,"2":4,"3":4,"4":2,"5":2,"6":2,"7":2},"f":{"0":4,"1":4},"b":{"0":[2]}}
,"/Users/msigler/Code/CodePipeline-MCP/src/types/toolZodSchemas.ts": {"path":"/Users/msigler/Code/CodePipeline-MCP/src/types/toolZodSchemas.ts","statementMap":{"0":{"start":{"line":1,"column":0},"end":{"line":1,"column":24}},"1":{"start":{"line":3,"column":0},"end":{"line":3,"column":null}},"2":{"start":{"line":9,"column":20},"end":{"line":9,"column":72}},"3":{"start":{"line":10,"column":16},"end":{"line":10,"column":44}},"4":{"start":{"line":11,"column":17},"end":{"line":11,"column":79}},"5":{"start":{"line":14,"column":13},"end":{"line":23,"column":2}},"6":{"start":{"line":16,"column":4},"end":{"line":19,"column":6}},"7":{"start":{"line":20,"column":4},"end":{"line":20,"column":15}}},"fnMap":{"0":{"name":"(anonymous_1)","decl":{"start":{"line":15,"column":2},"end":{"line":15,"column":3}},"loc":{"start":{"line":15,"column":16},"end":{"line":21,"column":3}}}},"branchMap":{},"s":{"0":14,"1":14,"2":14,"3":14,"4":14,"5":14,"6":192,"7":192},"f":{"0":192},"b":{}}
,"/Users/msigler/Code/CodePipeline-MCP/src/utils/jsonSchemaToZod.ts": {"path":"/Users/msigler/Code/CodePipeline-MCP/src/utils/jsonSchemaToZod.ts","statementMap":{"0":{"start":{"line":9,"column":0},"end":{"line":9,"column":16}},"1":{"start":{"line":1,"column":0},"end":{"line":1,"column":36}},"2":{"start":{"line":10,"column":2},"end":{"line":12,"column":3}},"3":{"start":{"line":11,"column":4},"end":{"line":11,"column":19}},"4":{"start":{"line":13,"column":12},"end":{"line":13,"column":45}},"5":{"start":{"line":16,"column":2},"end":{"line":38,"column":3}},"6":{"start":{"line":17,"column":20},"end":{"line":17,"column":26}},"7":{"start":{"line":18,"column":4},"end":{"line":37,"column":5}},"8":{"start":{"line":18,"column":29},"end":{"line":18,"column":50}},"9":{"start":{"line":20,"column":6},"end":{"line":20,"column":54}},"10":{"start":{"line":23,"column":6},"end":{"line":36,"column":7}},"11":{"start":{"line":25,"column":8},"end":{"line":31,"column":10}},"12":{"start":{"line":26,"column":29},"end":{"line":26,"column":41}},"13":{"start":{"line":32,"column":13},"end":{"line":36,"column":7}},"14":{"start":{"line":33,"column":8},"end":{"line":33,"column":37}},"15":{"start":{"line":35,"column":8},"end":{"line":35,"column":23}},"16":{"start":{"line":41,"column":2},"end":{"line":53,"column":3}},"17":{"start":{"line":42,"column":21},"end":{"line":42,"column":28}},"18":{"start":{"line":43,"column":4},"end":{"line":52,"column":5}},"19":{"start":{"line":49,"column":6},"end":{"line":49,"column":33}},"20":{"start":{"line":51,"column":6},"end":{"line":51,"column":21}},"21":{"start":{"line":57,"column":4},"end":{"line":61,"column":19}},"22":{"start":{"line":62,"column":2},"end":{"line":74,"column":3}},"23":{"start":{"line":63,"column":4},"end":{"line":73,"column":5}},"24":{"start":{"line":64,"column":6},"end":{"line":70,"column":8}},"25":{"start":{"line":65,"column":23},"end":{"line":65,"column":41}},"26":{"start":{"line":71,"column":11},"end":{"line":73,"column":5}},"27":{"start":{"line":72,"column":6},"end":{"line":72,"column":37}},"28":{"start":{"line":77,"column":13},"end":{"line":77,"column":19}},"29":{"start":{"line":78,"column":19},"end":{"line":78,"column":24}},"30":{"start":{"line":79,"column":2},"end":{"line":86,"column":3}},"31":{"start":{"line":80,"column":4},"end":{"line":83,"column":5}},"32":{"start":{"line":81,"column":6},"end":{"line":81,"column":24}},"33":{"start":{"line":82,"column":6},"end":{"line":82,"column":57}},"34":{"start":{"line":82,"column":40},"end":{"line":82,"column":52}},"35":{"start":{"line":84,"column":9},"end":{"line":86,"column":3}},"36":{"start":{"line":85,"column":4},"end":{"line":85,"column":22}},"37":{"start":{"line":89,"column":2},"end":{"line":140,"column":3}},"38":{"start":{"line":90,"column":14},"end":{"line":90,"column":24}},"39":{"start":{"line":91,"column":4},"end":{"line":93,"column":5}},"40":{"start":{"line":92,"column":6},"end":{"line":92,"column":33}},"41":{"start":{"line":94,"column":4},"end":{"line":96,"column":5}},"42":{"start":{"line":95,"column":6},"end":{"line":95,"column":33}},"43":{"start":{"line":97,"column":4},"end":{"line":99,"column":5}},"44":{"start":{"line":98,"column":6},"end":{"line":98,"column":45}},"45":{"start":{"line":100,"column":4},"end":{"line":100,"column":15}},"46":{"start":{"line":101,"column":9},"end":{"line":140,"column":3}},"47":{"start":{"line":102,"column":14},"end":{"line":102,"column":24}},"48":{"start":{"line":103,"column":4},"end":{"line":105,"column":5}},"49":{"start":{"line":104,"column":6},"end":{"line":104,"column":31}},"50":{"start":{"line":106,"column":4},"end":{"line":108,"column":5}},"51":{"start":{"line":107,"column":6},"end":{"line":107,"column":31}},"52":{"start":{"line":109,"column":4},"end":{"line":111,"column":5}},"53":{"start":{"line":110,"column":6},"end":{"line":110,"column":22}},"54":{"start":{"line":112,"column":4},"end":{"line":112,"column":15}},"55":{"start":{"line":113,"column":9},"end":{"line":140,"column":3}},"56":{"start":{"line":114,"column":4},"end":{"line":114,"column":23}},"57":{"start":{"line":115,"column":9},"end":{"line":140,"column":3}},"58":{"start":{"line":116,"column":4},"end":{"line":116,"column":45}},"59":{"start":{"line":117,"column":9},"end":{"line":140,"column":3}},"60":{"start":{"line":118,"column":4},"end":{"line":124,"column":5}},"61":{"start":{"line":123,"column":6},"end":{"line":123,"column":31}},"62":{"start":{"line":125,"column":46},"end":{"line":125,"column":48}},"63":{"start":{"line":127,"column":31},"end":{"line":129,"column":33}},"64":{"start":{"line":130,"column":4},"end":{"line":136,"column":5}},"65":{"start":{"line":131,"column":17},"end":{"line":131,"column":44}},"66":{"start":{"line":132,"column":6},"end":{"line":134,"column":7}},"67":{"start":{"line":133,"column":8},"end":{"line":133,"column":31}},"68":{"start":{"line":135,"column":6},"end":{"line":135,"column":24}},"69":{"start":{"line":137,"column":4},"end":{"line":137,"column":27}},"70":{"start":{"line":139,"column":4},"end":{"line":139,"column":19}},"71":{"start":{"line":142,"column":2},"end":{"line":144,"column":3}},"72":{"start":{"line":143,"column":4},"end":{"line":143,"column":27}},"73":{"start":{"line":145,"column":2},"end":{"line":145,"column":14}}},"fnMap":{"0":{"name":"jsonSchemaToZod","decl":{"start":{"line":9,"column":16},"end":{"line":9,"column":31}},"loc":{"start":{"line":9,"column":47},"end":{"line":146,"column":1}}},"1":{"name":"(anonymous_1)","decl":{"start":{"line":18,"column":22},"end":{"line":18,"column":23}},"loc":{"start":{"line":18,"column":29},"end":{"line":18,"column":50}}},"2":{"name":"(anonymous_2)","decl":{"start":{"line":26,"column":22},"end":{"line":26,"column":23}},"loc":{"start":{"line":26,"column":29},"end":{"line":26,"column":41}}},"3":{"name":"(anonymous_3)","decl":{"start":{"line":65,"column":16},"end":{"line":65,"column":17}},"loc":{"start":{"line":65,"column":23},"end":{"line":65,"column":41}}},"4":{"name":"(anonymous_4)","decl":{"start":{"line":82,"column":25},"end":{"line":82,"column":26}},"loc":{"start":{"line":82,"column":40},"end":{"line":82,"column":52}}}},"branchMap":{"0":{"loc":{"start":{"line":10,"column":2},"end":{"line":12,"column":3}},"type":"if","locations":[{"start":{"line":10,"column":2},"end":{"line":12,"column":3}}]},"1":{"loc":{"start":{"line":10,"column":6},"end":{"line":10,"column":43}},"type":"binary-expr","locations":[{"start":{"line":10,"column":6},"end":{"line":10,"column":13}},{"start":{"line":10,"column":17},"end":{"line":10,"column":43}}]},"2":{"loc":{"start":{"line":16,"column":2},"end":{"line":38,"column":3}},"type":"if","locations":[{"start":{"line":16,"column":2},"end":{"line":38,"column":3}}]},"3":{"loc":{"start":{"line":16,"column":6},"end":{"line":16,"column":48}},"type":"binary-expr","locations":[{"start":{"line":16,"column":6},"end":{"line":16,"column":27}},{"start":{"line":16,"column":31},"end":{"line":16,"column":48}}]},"4":{"loc":{"start":{"line":18,"column":4},"end":{"line":37,"column":5}},"type":"if","locations":[{"start":{"line":18,"column":4},"end":{"line":37,"column":5}},{"start":{"line":21,"column":11},"end":{"line":37,"column":5}}]},"5":{"loc":{"start":{"line":23,"column":6},"end":{"line":36,"column":7}},"type":"if","locations":[{"start":{"line":23,"column":6},"end":{"line":36,"column":7}},{"start":{"line":32,"column":13},"end":{"line":36,"column":7}}]},"6":{"loc":{"start":{"line":32,"column":13},"end":{"line":36,"column":7}},"type":"if","locations":[{"start":{"line":32,"column":13},"end":{"line":36,"column":7}},{"start":{"line":34,"column":13},"end":{"line":36,"column":7}}]},"7":{"loc":{"start":{"line":41,"column":2},"end":{"line":53,"column":3}},"type":"if","locations":[{"start":{"line":41,"column":2},"end":{"line":53,"column":3}}]},"8":{"loc":{"start":{"line":41,"column":6},"end":{"line":41,"column":43}},"type":"binary-expr","locations":[{"start":{"line":41,"column":6},"end":{"line":41,"column":18}},{"start":{"line":41,"column":22},"end":{"line":41,"column":43}}]},"9":{"loc":{"start":{"line":43,"column":4},"end":{"line":52,"column":5}},"type":"if","locations":[{"start":{"line":43,"column":4},"end":{"line":52,"column":5}},{"start":{"line":50,"column":11},"end":{"line":52,"column":5}}]},"10":{"loc":{"start":{"line":44,"column":6},"end":{"line":47,"column":23}},"type":"binary-expr","locations":[{"start":{"line":44,"column":6},"end":{"line":44,"column":34}},{"start":{"line":45,"column":6},"end":{"line":45,"column":34}},{"start":{"line":46,"column":6},"end":{"line":46,"column":35}},{"start":{"line":47,"column":6},"end":{"line":47,"column":23}}]},"11":{"loc":{"start":{"line":57,"column":4},"end":{"line":61,"column":19}},"type":"cond-expr","locations":[{"start":{"line":58,"column":8},"end":{"line":58,"column":15}},{"start":{"line":59,"column":8},"end":{"line":61,"column":19}}]},"12":{"loc":{"start":{"line":57,"column":4},"end":{"line":57,"column":48}},"type":"binary-expr","locations":[{"start":{"line":57,"column":4},"end":{"line":57,"column":26}},{"start":{"line":57,"column":30},"end":{"line":57,"column":48}}]},"13":{"loc":{"start":{"line":59,"column":8},"end":{"line":61,"column":19}},"type":"cond-expr","locations":[{"start":{"line":60,"column":10},"end":{"line":60,"column":17}},{"start":{"line":61,"column":10},"end":{"line":61,"column":19}}]},"14":{"loc":{"start":{"line":59,"column":8},"end":{"line":59,"column":52}},"type":"binary-expr","locations":[{"start":{"line":59,"column":8},"end":{"line":59,"column":30}},{"start":{"line":59,"column":34},"end":{"line":59,"column":52}}]},"15":{"loc":{"start":{"line":62,"column":2},"end":{"line":74,"column":3}},"type":"if","locations":[{"start":{"line":62,"column":2},"end":{"line":74,"column":3}}]},"16":{"loc":{"start":{"line":63,"column":4},"end":{"line":73,"column":5}},"type":"if","locations":[{"start":{"line":63,"column":4},"end":{"line":73,"column":5}},{"start":{"line":71,"column":11},"end":{"line":73,"column":5}}]},"17":{"loc":{"start":{"line":71,"column":11},"end":{"line":73,"column":5}},"type":"if","locations":[{"start":{"line":71,"column":11},"end":{"line":73,"column":5}}]},"18":{"loc":{"start":{"line":79,"column":2},"end":{"line":86,"column":3}},"type":"if","locations":[{"start":{"line":79,"column":2},"end":{"line":86,"column":3}},{"start":{"line":84,"column":9},"end":{"line":86,"column":3}}]},"19":{"loc":{"start":{"line":80,"column":4},"end":{"line":83,"column":5}},"type":"if","locations":[{"start":{"line":80,"column":4},"end":{"line":83,"column":5}}]},"20":{"loc":{"start":{"line":84,"column":9},"end":{"line":86,"column":3}},"type":"if","locations":[{"start":{"line":84,"column":9},"end":{"line":86,"column":3}}]},"21":{"loc":{"start":{"line":89,"column":2},"end":{"line":140,"column":3}},"type":"if","locations":[{"start":{"line":89,"column":2},"end":{"line":140,"column":3}},{"start":{"line":101,"column":9},"end":{"line":140,"column":3}}]},"22":{"loc":{"start":{"line":91,"column":4},"end":{"line":93,"column":5}},"type":"if","locations":[{"start":{"line":91,"column":4},"end":{"line":93,"column":5}}]},"23":{"loc":{"start":{"line":91,"column":8},"end":{"line":91,"column":59}},"type":"binary-expr","locations":[{"start":{"line":91,"column":8},"end":{"line":91,"column":24}},{"start":{"line":91,"column":28},"end":{"line":91,"column":59}}]},"24":{"loc":{"start":{"line":94,"column":4},"end":{"line":96,"column":5}},"type":"if","locations":[{"start":{"line":94,"column":4},"end":{"line":96,"column":5}}]},"25":{"loc":{"start":{"line":94,"column":8},"end":{"line":94,"column":59}},"type":"binary-expr","locations":[{"start":{"line":94,"column":8},"end":{"line":94,"column":24}},{"start":{"line":94,"column":28},"end":{"line":94,"column":59}}]},"26":{"loc":{"start":{"line":97,"column":4},"end":{"line":99,"column":5}},"type":"if","locations":[{"start":{"line":97,"column":4},"end":{"line":99,"column":5}}]},"27":{"loc":{"start":{"line":97,"column":8},"end":{"line":97,"column":55}},"type":"binary-expr","locations":[{"start":{"line":97,"column":8},"end":{"line":97,"column":22}},{"start":{"line":97,"column":26},"end":{"line":97,"column":55}}]},"28":{"loc":{"start":{"line":101,"column":9},"end":{"line":140,"column":3}},"type":"if","locations":[{"start":{"line":101,"column":9},"end":{"line":140,"column":3}},{"start":{"line":113,"column":9},"end":{"line":140,"column":3}}]},"29":{"loc":{"start":{"line":101,"column":13},"end":{"line":101,"column":52}},"type":"binary-expr","locations":[{"start":{"line":101,"column":13},"end":{"line":101,"column":30}},{"start":{"line":101,"column":34},"end":{"line":101,"column":52}}]},"30":{"loc":{"start":{"line":103,"column":4},"end":{"line":105,"column":5}},"type":"if","locations":[{"start":{"line":103,"column":4},"end":{"line":105,"column":5}}]},"31":{"loc":{"start":{"line":103,"column":8},"end":{"line":103,"column":55}},"type":"binary-expr","locations":[{"start":{"line":103,"column":8},"end":{"line":103,"column":22}},{"start":{"line":103,"column":26},"end":{"line":103,"column":55}}]},"32":{"loc":{"start":{"line":106,"column":4},"end":{"line":108,"column":5}},"type":"if","locations":[{"start":{"line":106,"column":4},"end":{"line":108,"column":5}}]},"33":{"loc":{"start":{"line":106,"column":8},"end":{"line":106,"column":55}},"type":"binary-expr","locations":[{"start":{"line":106,"column":8},"end":{"line":106,"column":22}},{"start":{"line":106,"column":26},"end":{"line":106,"column":55}}]},"34":{"loc":{"start":{"line":109,"column":4},"end":{"line":111,"column":5}},"type":"if","locations":[{"start":{"line":109,"column":4},"end":{"line":111,"column":5}}]},"35":{"loc":{"start":{"line":113,"column":9},"end":{"line":140,"column":3}},"type":"if","locations":[{"start":{"line":113,"column":9},"end":{"line":140,"column":3}},{"start":{"line":115,"column":9},"end":{"line":140,"column":3}}]},"36":{"loc":{"start":{"line":115,"column":9},"end":{"line":140,"column":3}},"type":"if","locations":[{"start":{"line":115,"column":9},"end":{"line":140,"column":3}},{"start":{"line":117,"column":9},"end":{"line":140,"column":3}}]},"37":{"loc":{"start":{"line":117,"column":9},"end":{"line":140,"column":3}},"type":"if","locations":[{"start":{"line":117,"column":9},"end":{"line":140,"column":3}},{"start":{"line":138,"column":9},"end":{"line":140,"column":3}}]},"38":{"loc":{"start":{"line":118,"column":4},"end":{"line":124,"column":5}},"type":"if","locations":[{"start":{"line":118,"column":4},"end":{"line":124,"column":5}}]},"39":{"loc":{"start":{"line":119,"column":6},"end":{"line":121,"column":27}},"type":"binary-expr","locations":[{"start":{"line":119,"column":6},"end":{"line":119,"column":26}},{"start":{"line":120,"column":6},"end":{"line":120,"column":38}},{"start":{"line":121,"column":6},"end":{"line":121,"column":27}}]},"40":{"loc":{"start":{"line":127,"column":31},"end":{"line":129,"column":33}},"type":"cond-expr","locations":[{"start":{"line":128,"column":8},"end":{"line":128,"column":18}},{"start":{"line":129,"column":8},"end":{"line":129,"column":33}}]},"41":{"loc":{"start":{"line":132,"column":6},"end":{"line":134,"column":7}},"type":"if","locations":[{"start":{"line":132,"column":6},"end":{"line":134,"column":7}}]},"42":{"loc":{"start":{"line":142,"column":2},"end":{"line":144,"column":3}},"type":"if","locations":[{"start":{"line":142,"column":2},"end":{"line":144,"column":3}}]}},"s":{"0":18,"1":18,"2":1497,"3":4,"4":1493,"5":1493,"6":24,"7":24,"8":90,"9":22,"10":2,"11":1,"12":3,"13":1,"14":1,"15":0,"16":1469,"17":4,"18":4,"19":2,"20":2,"21":1465,"22":1465,"23":4,"24":2,"25":4,"26":2,"27":2,"28":1461,"29":1461,"30":1461,"31":2,"32":2,"33":2,"34":4,"35":1459,"36":2,"37":1461,"38":606,"39":606,"40":2,"41":606,"42":2,"43":606,"44":1,"45":606,"46":855,"47":11,"48":11,"49":3,"50":11,"51":3,"52":11,"53":1,"54":11,"55":844,"56":3,"57":841,"58":2,"59":839,"60":350,"61":2,"62":348,"63":348,"64":348,"65":768,"66":768,"67":110,"68":768,"69":348,"70":489,"71":1459,"72":4,"73":1455},"f":{"0":1497,"1":90,"2":3,"3":4,"4":4},"b":{"0":[4],"1":[1497,1494],"2":[24],"3":[1493,25],"4":[22,2],"5":[1,1],"6":[1,0],"7":[4],"8":[1469,4],"9":[2,2],"10":[4,4,2,2],"11":[2,1463],"12":[1465,2],"13":[2,1461],"14":[1463,2],"15":[4],"16":[2,2],"17":[2],"18":[2,1459],"19":[2],"20":[2],"21":[606,855],"22":[2],"23":[606,2],"24":[2],"25":[606,2],"26":[1],"27":[606,1],"28":[11,844],"29":[855,845],"30":[3],"31":[11,3],"32":[3],"33":[11,3],"34":[1],"35":[3,841],"36":[2,839],"37":[350,489],"38":[2],"39":[350,348,348],"40":[347,1],"41":[110],"42":[4]}}
,"/Users/msigler/Code/CodePipeline-MCP/src/utils/logger.ts": {"path":"/Users/msigler/Code/CodePipeline-MCP/src/utils/logger.ts","statementMap":{"0":{"start":{"line":1,"column":0},"end":{"line":1,"column":20}},"1":{"start":{"line":2,"column":0},"end":{"line":2,"column":24}},"2":{"start":{"line":4,"column":0},"end":{"line":4,"column":41}},"3":{"start":{"line":5,"column":0},"end":{"line":5,"column":33}},"4":{"start":{"line":7,"column":15},"end":{"line":7,"column":44}},"5":{"start":{"line":8,"column":0},"end":{"line":10,"column":1}},"6":{"start":{"line":9,"column":2},"end":{"line":9,"column":23}},"7":{"start":{"line":12,"column":15},"end":{"line":27,"column":null}},"8":{"start":{"line":30,"column":13},"end":{"line":30,"column":47}},"9":{"start":{"line":31,"column":0},"end":{"line":31,"column":22}}},"fnMap":{},"branchMap":{"0":{"loc":{"start":{"line":7,"column":15},"end":{"line":7,"column":44}},"type":"binary-expr","locations":[{"start":{"line":7,"column":15},"end":{"line":7,"column":34}},{"start":{"line":7,"column":38},"end":{"line":7,"column":44}}]},"1":{"loc":{"start":{"line":8,"column":0},"end":{"line":10,"column":1}},"type":"if","locations":[{"start":{"line":8,"column":0},"end":{"line":10,"column":1}}]},"2":{"loc":{"start":{"line":14,"column":11},"end":{"line":14,"column":42}},"type":"binary-expr","locations":[{"start":{"line":14,"column":11},"end":{"line":14,"column":32}},{"start":{"line":14,"column":36},"end":{"line":14,"column":42}}]},"3":{"loc":{"start":{"line":16,"column":6},"end":{"line":21,"column":19}},"type":"cond-expr","locations":[{"start":{"line":17,"column":10},"end":{"line":20,"column":null}},{"start":{"line":21,"column":10},"end":{"line":21,"column":19}}]}},"s":{"0":21,"1":21,"2":21,"3":21,"4":21,"5":21,"6":2,"7":21,"8":21,"9":21},"f":{},"b":{"0":[21,21],"1":[2],"2":[21,21],"3":[1,20]}}
,"/Users/msigler/Code/CodePipeline-MCP/src/utils/observability.ts": {"path":"/Users/msigler/Code/CodePipeline-MCP/src/utils/observability.ts","statementMap":{"0":{"start":{"line":11,"column":0},"end":{"line":11,"column":16}},"1":{"start":{"line":31,"column":0},"end":{"line":31,"column":16}},"2":{"start":{"line":46,"column":0},"end":{"line":46,"column":16}},"3":{"start":{"line":1,"column":0},"end":{"line":1,"column":88}},"4":{"start":{"line":2,"column":0},"end":{"line":2,"column":80}},"5":{"start":{"line":3,"column":0},"end":{"line":3,"column":50}},"6":{"start":{"line":5,"column":0},"end":{"line":5,"column":48}},"7":{"start":{"line":12,"column":2},"end":{"line":22,"column":3}},"8":{"start":{"line":13,"column":16},"end":{"line":18,"column":6}},"9":{"start":{"line":19,"column":4},"end":{"line":19,"column":16}},"10":{"start":{"line":21,"column":4},"end":{"line":21,"column":62}},"11":{"start":{"line":25,"column":13},"end":{"line":29,"column":3}},"12":{"start":{"line":36,"column":2},"end":{"line":42,"column":5}},"13":{"start":{"line":37,"column":4},"end":{"line":41,"column":7}},"14":{"start":{"line":43,"column":2},"end":{"line":43,"column":9}},"15":{"start":{"line":47,"column":2},"end":{"line":53,"column":4}},"16":{"start":{"line":50,"column":6},"end":{"line":50,"column":52}},"17":{"start":{"line":51,"column":6},"end":{"line":51,"column":40}}},"fnMap":{"0":{"name":"initObservability","decl":{"start":{"line":11,"column":16},"end":{"line":11,"column":33}},"loc":{"start":{"line":11,"column":33},"end":{"line":23,"column":1}}},"1":{"name":"metricsMiddleware","decl":{"start":{"line":31,"column":16},"end":{"line":31,"column":33}},"loc":{"start":{"line":34,"column":20},"end":{"line":44,"column":1}}},"2":{"name":"(anonymous_2)","decl":{"start":{"line":36,"column":19},"end":{"line":36,"column":22}},"loc":{"start":{"line":36,"column":24},"end":{"line":42,"column":3}}},"3":{"name":"exposePrometheusMetrics","decl":{"start":{"line":46,"column":16},"end":{"line":46,"column":39}},"loc":{"start":{"line":46,"column":56},"end":{"line":54,"column":1}}},"4":{"name":"metricsHandler","decl":{"start":{"line":49,"column":19},"end":{"line":49,"column":33}},"loc":{"start":{"line":49,"column":62},"end":{"line":52,"column":5}}}},"branchMap":{"0":{"loc":{"start":{"line":39,"column":13},"end":{"line":39,"column":50}},"type":"cond-expr","locations":[{"start":{"line":39,"column":25},"end":{"line":39,"column":39}},{"start":{"line":39,"column":42},"end":{"line":39,"column":50}}]}},"s":{"0":4,"1":4,"2":4,"3":4,"4":4,"5":4,"6":4,"7":1,"8":1,"9":0,"10":1,"11":4,"12":6,"13":5,"14":6,"15":4,"16":4,"17":4},"f":{"0":1,"1":6,"2":5,"3":4,"4":4},"b":{"0":[3,2]}}
,"/Users/msigler/Code/CodePipeline-MCP/src/utils/openapi-to-mcp.ts": {"path":"/Users/msigler/Code/CodePipeline-MCP/src/utils/openapi-to-mcp.ts","statementMap":{"0":{"start":{"line":10,"column":0},"end":{"line":10,"column":16}},"1":{"start":{"line":24,"column":0},"end":{"line":24,"column":16}},"2":{"start":{"line":48,"column":0},"end":{"line":48,"column":16}},"3":{"start":{"line":141,"column":0},"end":{"line":141,"column":16}},"4":{"start":{"line":1,"column":0},"end":{"line":1,"column":20}},"5":{"start":{"line":2,"column":0},"end":{"line":2,"column":24}},"6":{"start":{"line":4,"column":0},"end":{"line":4,"column":52}},"7":{"start":{"line":11,"column":19},"end":{"line":11,"column":44}},"8":{"start":{"line":12,"column":14},"end":{"line":12,"column":48}},"9":{"start":{"line":13,"column":17},"end":{"line":13,"column":32}},"10":{"start":{"line":14,"column":2},"end":{"line":16,"column":3}},"11":{"start":{"line":15,"column":4},"end":{"line":15,"column":62}},"12":{"start":{"line":17,"column":2},"end":{"line":17,"column":43}},"13":{"start":{"line":28,"column":2},"end":{"line":30,"column":3}},"14":{"start":{"line":29,"column":4},"end":{"line":29,"column":41}},"15":{"start":{"line":31,"column":12},"end":{"line":31,"column":45}},"16":{"start":{"line":32,"column":2},"end":{"line":41,"column":3}},"17":{"start":{"line":33,"column":18},"end":{"line":39,"column":17}},"18":{"start":{"line":36,"column":10},"end":{"line":36,"column":75}},"19":{"start":{"line":37,"column":8},"end":{"line":37,"column":66}},"20":{"start":{"line":40,"column":4},"end":{"line":40,"column":57}},"21":{"start":{"line":42,"column":2},"end":{"line":44,"column":3}},"22":{"start":{"line":43,"column":4},"end":{"line":43,"column":66}},"23":{"start":{"line":45,"column":2},"end":{"line":45,"column":39}},"24":{"start":{"line":49,"column":2},"end":{"line":51,"column":3}},"25":{"start":{"line":50,"column":4},"end":{"line":50,"column":21}},"26":{"start":{"line":52,"column":12},"end":{"line":52,"column":45}},"27":{"start":{"line":53,"column":2},"end":{"line":55,"column":3}},"28":{"start":{"line":54,"column":4},"end":{"line":54,"column":20}},"29":{"start":{"line":56,"column":2},"end":{"line":58,"column":3}},"30":{"start":{"line":57,"column":4},"end":{"line":57,"column":20}},"31":{"start":{"line":59,"column":2},"end":{"line":61,"column":3}},"32":{"start":{"line":60,"column":4},"end":{"line":60,"column":21}},"33":{"start":{"line":62,"column":2},"end":{"line":64,"column":3}},"34":{"start":{"line":63,"column":4},"end":{"line":63,"column":46}},"35":{"start":{"line":65,"column":2},"end":{"line":69,"column":3}},"36":{"start":{"line":66,"column":4},"end":{"line":68,"column":22}},"37":{"start":{"line":67,"column":23},"end":{"line":67,"column":55}},"38":{"start":{"line":70,"column":2},"end":{"line":70,"column":19}},"39":{"start":{"line":86,"column":6},"end":{"line":90,"column":4}},"40":{"start":{"line":91,"column":2},"end":{"line":99,"column":3}},"41":{"start":{"line":92,"column":4},"end":{"line":98,"column":5}},"42":{"start":{"line":93,"column":19},"end":{"line":93,"column":67}},"43":{"start":{"line":94,"column":6},"end":{"line":94,"column":72}},"44":{"start":{"line":95,"column":6},"end":{"line":97,"column":7}},"45":{"start":{"line":96,"column":8},"end":{"line":96,"column":40}},"46":{"start":{"line":100,"column":2},"end":{"line":116,"column":3}},"47":{"start":{"line":112,"column":6},"end":{"line":113,"column":12}},"48":{"start":{"line":114,"column":4},"end":{"line":114,"column":48}},"49":{"start":{"line":115,"column":4},"end":{"line":115,"column":38}},"50":{"start":{"line":117,"column":2},"end":{"line":117,"column":21}},"51":{"start":{"line":121,"column":2},"end":{"line":137,"column":3}},"52":{"start":{"line":122,"column":22},"end":{"line":122,"column":61}},"53":{"start":{"line":123,"column":18},"end":{"line":123,"column":54}},"54":{"start":{"line":126,"column":4},"end":{"line":136,"column":5}},"55":{"start":{"line":135,"column":6},"end":{"line":135,"column":78}},"56":{"start":{"line":138,"column":2},"end":{"line":138,"column":12}},"57":{"start":{"line":170,"column":7},"end":{"line":170,"column":9}},"58":{"start":{"line":171,"column":2},"end":{"line":173,"column":3}},"59":{"start":{"line":172,"column":4},"end":{"line":172,"column":17}},"60":{"start":{"line":174,"column":2},"end":{"line":210,"column":3}},"61":{"start":{"line":177,"column":21},"end":{"line":177,"column":59}},"62":{"start":{"line":178,"column":4},"end":{"line":209,"column":5}},"63":{"start":{"line":179,"column":17},"end":{"line":179,"column":60}},"64":{"start":{"line":181,"column":8},"end":{"line":183,"column":58}},"65":{"start":{"line":185,"column":8},"end":{"line":189,"column":16}},"66":{"start":{"line":190,"column":26},"end":{"line":190,"column":46}},"67":{"start":{"line":191,"column":27},"end":{"line":191,"column":48}},"68":{"start":{"line":192,"column":24},"end":{"line":192,"column":79}},"69":{"start":{"line":193,"column":25},"end":{"line":195,"column":null}},"70":{"start":{"line":197,"column":23},"end":{"line":197,"column":51}},"71":{"start":{"line":198,"column":24},"end":{"line":198,"column":53}},"72":{"start":{"line":199,"column":6},"end":{"line":208,"column":9}},"73":{"start":{"line":211,"column":2},"end":{"line":211,"column":15}}},"fnMap":{"0":{"name":"loadOpenApiSpec","decl":{"start":{"line":10,"column":16},"end":{"line":10,"column":31}},"loc":{"start":{"line":10,"column":51},"end":{"line":18,"column":1}}},"1":{"name":"jsonSchemaToTypeScriptType","decl":{"start":{"line":24,"column":16},"end":{"line":24,"column":42}},"loc":{"start":{"line":26,"column":18},"end":{"line":46,"column":1}}},"2":{"name":"(anonymous_3)","decl":{"start":{"line":34,"column":11},"end":{"line":34,"column":12}},"loc":{"start":{"line":34,"column":26},"end":{"line":38,"column":7}}},"3":{"name":"jsonSchemaTypeToTs","decl":{"start":{"line":48,"column":16},"end":{"line":48,"column":34}},"loc":{"start":{"line":48,"column":50},"end":{"line":71,"column":1}}},"4":{"name":"(anonymous_5)","decl":{"start":{"line":67,"column":11},"end":{"line":67,"column":12}},"loc":{"start":{"line":67,"column":23},"end":{"line":67,"column":55}}},"5":{"name":"buildInputSchema","decl":{"start":{"line":77,"column":9},"end":{"line":77,"column":25}},"loc":{"start":{"line":77,"column":53},"end":{"line":118,"column":1}}},"6":{"name":"buildOutputSchema","decl":{"start":{"line":120,"column":9},"end":{"line":120,"column":26}},"loc":{"start":{"line":120,"column":54},"end":{"line":139,"column":1}}},"7":{"name":"extractMcpToolsFromOpenApi","decl":{"start":{"line":141,"column":16},"end":{"line":141,"column":42}},"loc":{"start":{"line":142,"column":34},"end":{"line":212,"column":1}}}},"branchMap":{"0":{"loc":{"start":{"line":14,"column":2},"end":{"line":16,"column":3}},"type":"if","locations":[{"start":{"line":14,"column":2},"end":{"line":16,"column":3}}]},"1":{"loc":{"start":{"line":14,"column":6},"end":{"line":14,"column":76}},"type":"binary-expr","locations":[{"start":{"line":14,"column":6},"end":{"line":14,"column":32}},{"start":{"line":14,"column":36},"end":{"line":14,"column":51}},{"start":{"line":14,"column":55},"end":{"line":14,"column":76}}]},"2":{"loc":{"start":{"line":28,"column":2},"end":{"line":30,"column":3}},"type":"if","locations":[{"start":{"line":28,"column":2},"end":{"line":30,"column":3}}]},"3":{"loc":{"start":{"line":28,"column":6},"end":{"line":28,"column":43}},"type":"binary-expr","locations":[{"start":{"line":28,"column":6},"end":{"line":28,"column":13}},{"start":{"line":28,"column":17},"end":{"line":28,"column":43}}]},"4":{"loc":{"start":{"line":32,"column":2},"end":{"line":41,"column":3}},"type":"if","locations":[{"start":{"line":32,"column":2},"end":{"line":41,"column":3}}]},"5":{"loc":{"start":{"line":32,"column":6},"end":{"line":32,"column":41}},"type":"binary-expr","locations":[{"start":{"line":32,"column":6},"end":{"line":32,"column":25}},{"start":{"line":32,"column":29},"end":{"line":32,"column":41}}]},"6":{"loc":{"start":{"line":36,"column":10},"end":{"line":36,"column":75}},"type":"cond-expr","locations":[{"start":{"line":36,"column":67},"end":{"line":36,"column":70}},{"start":{"line":36,"column":73},"end":{"line":36,"column":75}}]},"7":{"loc":{"start":{"line":36,"column":10},"end":{"line":36,"column":64}},"type":"binary-expr","locations":[{"start":{"line":36,"column":10},"end":{"line":36,"column":35}},{"start":{"line":36,"column":39},"end":{"line":36,"column":64}}]},"8":{"loc":{"start":{"line":42,"column":2},"end":{"line":44,"column":3}},"type":"if","locations":[{"start":{"line":42,"column":2},"end":{"line":44,"column":3}}]},"9":{"loc":{"start":{"line":49,"column":2},"end":{"line":51,"column":3}},"type":"if","locations":[{"start":{"line":49,"column":2},"end":{"line":51,"column":3}}]},"10":{"loc":{"start":{"line":49,"column":6},"end":{"line":49,"column":43}},"type":"binary-expr","locations":[{"start":{"line":49,"column":6},"end":{"line":49,"column":13}},{"start":{"line":49,"column":17},"end":{"line":49,"column":43}}]},"11":{"loc":{"start":{"line":53,"column":2},"end":{"line":55,"column":3}},"type":"if","locations":[{"start":{"line":53,"column":2},"end":{"line":55,"column":3}}]},"12":{"loc":{"start":{"line":56,"column":2},"end":{"line":58,"column":3}},"type":"if","locations":[{"start":{"line":56,"column":2},"end":{"line":58,"column":3}}]},"13":{"loc":{"start":{"line":56,"column":6},"end":{"line":56,"column":49}},"type":"binary-expr","locations":[{"start":{"line":56,"column":6},"end":{"line":56,"column":25}},{"start":{"line":56,"column":29},"end":{"line":56,"column":49}}]},"14":{"loc":{"start":{"line":59,"column":2},"end":{"line":61,"column":3}},"type":"if","locations":[{"start":{"line":59,"column":2},"end":{"line":61,"column":3}}]},"15":{"loc":{"start":{"line":62,"column":2},"end":{"line":64,"column":3}},"type":"if","locations":[{"start":{"line":62,"column":2},"end":{"line":64,"column":3}}]},"16":{"loc":{"start":{"line":65,"column":2},"end":{"line":69,"column":3}},"type":"if","locations":[{"start":{"line":65,"column":2},"end":{"line":69,"column":3}}]},"17":{"loc":{"start":{"line":65,"column":6},"end":{"line":65,"column":41}},"type":"binary-expr","locations":[{"start":{"line":65,"column":6},"end":{"line":65,"column":25}},{"start":{"line":65,"column":29},"end":{"line":65,"column":41}}]},"18":{"loc":{"start":{"line":91,"column":2},"end":{"line":99,"column":3}},"type":"if","locations":[{"start":{"line":91,"column":2},"end":{"line":99,"column":3}}]},"19":{"loc":{"start":{"line":93,"column":19},"end":{"line":93,"column":67}},"type":"cond-expr","locations":[{"start":{"line":93,"column":52},"end":{"line":93,"column":62}},{"start":{"line":93,"column":65},"end":{"line":93,"column":67}}]},"20":{"loc":{"start":{"line":94,"column":37},"end":{"line":94,"column":71}},"type":"binary-expr","locations":[{"start":{"line":94,"column":37},"end":{"line":94,"column":49}},{"start":{"line":94,"column":53},"end":{"line":94,"column":71}}]},"21":{"loc":{"start":{"line":95,"column":6},"end":{"line":97,"column":7}},"type":"if","locations":[{"start":{"line":95,"column":6},"end":{"line":97,"column":7}}]},"22":{"loc":{"start":{"line":100,"column":2},"end":{"line":116,"column":3}},"type":"if","locations":[{"start":{"line":100,"column":2},"end":{"line":116,"column":3}}]},"23":{"loc":{"start":{"line":101,"column":4},"end":{"line":109,"column":58}},"type":"binary-expr","locations":[{"start":{"line":101,"column":4},"end":{"line":101,"column":18}},{"start":{"line":102,"column":4},"end":{"line":102,"column":38}},{"start":{"line":103,"column":4},"end":{"line":103,"column":31}},{"start":{"line":104,"column":4},"end":{"line":104,"column":26}},{"start":{"line":105,"column":4},"end":{"line":105,"column":46}},{"start":{"line":106,"column":4},"end":{"line":106,"column":48}},{"start":{"line":107,"column":4},"end":{"line":107,"column":46}},{"start":{"line":108,"column":4},"end":{"line":108,"column":66}},{"start":{"line":109,"column":4},"end":{"line":109,"column":58}}]},"24":{"loc":{"start":{"line":121,"column":2},"end":{"line":137,"column":3}},"type":"if","locations":[{"start":{"line":121,"column":2},"end":{"line":137,"column":3}}]},"25":{"loc":{"start":{"line":121,"column":6},"end":{"line":121,"column":54}},"type":"binary-expr","locations":[{"start":{"line":121,"column":6},"end":{"line":121,"column":18}},{"start":{"line":121,"column":22},"end":{"line":121,"column":54}}]},"26":{"loc":{"start":{"line":123,"column":18},"end":{"line":123,"column":54}},"type":"binary-expr","locations":[{"start":{"line":123,"column":18},"end":{"line":123,"column":34}},{"start":{"line":123,"column":38},"end":{"line":123,"column":54}}]},"27":{"loc":{"start":{"line":126,"column":4},"end":{"line":136,"column":5}},"type":"if","locations":[{"start":{"line":126,"column":4},"end":{"line":136,"column":5}}]},"28":{"loc":{"start":{"line":127,"column":6},"end":{"line":133,"column":50}},"type":"binary-expr","locations":[{"start":{"line":127,"column":6},"end":{"line":127,"column":10}},{"start":{"line":128,"column":6},"end":{"line":128,"column":18}},{"start":{"line":129,"column":6},"end":{"line":129,"column":38}},{"start":{"line":130,"column":6},"end":{"line":130,"column":40}},{"start":{"line":131,"column":6},"end":{"line":131,"column":38}},{"start":{"line":132,"column":6},"end":{"line":132,"column":58}},{"start":{"line":133,"column":6},"end":{"line":133,"column":50}}]},"29":{"loc":{"start":{"line":171,"column":2},"end":{"line":173,"column":3}},"type":"if","locations":[{"start":{"line":171,"column":2},"end":{"line":173,"column":3}}]},"30":{"loc":{"start":{"line":171,"column":6},"end":{"line":171,"column":57}},"type":"binary-expr","locations":[{"start":{"line":171,"column":6},"end":{"line":171,"column":20}},{"start":{"line":171,"column":24},"end":{"line":171,"column":57}}]},"31":{"loc":{"start":{"line":181,"column":8},"end":{"line":183,"column":58}},"type":"cond-expr","locations":[{"start":{"line":182,"column":12},"end":{"line":182,"column":26}},{"start":{"line":183,"column":12},"end":{"line":183,"column":58}}]},"32":{"loc":{"start":{"line":185,"column":8},"end":{"line":189,"column":16}},"type":"cond-expr","locations":[{"start":{"line":186,"column":12},"end":{"line":186,"column":26}},{"start":{"line":187,"column":12},"end":{"line":189,"column":16}}]},"33":{"loc":{"start":{"line":187,"column":12},"end":{"line":189,"column":16}},"type":"cond-expr","locations":[{"start":{"line":188,"column":14},"end":{"line":188,"column":24}},{"start":{"line":189,"column":14},"end":{"line":189,"column":16}}]}},"s":{"0":16,"1":16,"2":16,"3":16,"4":16,"5":16,"6":16,"7":22,"8":22,"9":22,"10":22,"11":0,"12":22,"13":697,"14":4,"15":693,"16":693,"17":347,"18":767,"19":767,"20":347,"21":346,"22":3,"23":343,"24":797,"25":1,"26":796,"27":796,"28":622,"29":174,"30":11,"31":163,"32":4,"33":159,"34":4,"35":155,"36":5,"37":6,"38":150,"39":343,"40":343,"41":319,"42":613,"43":613,"44":613,"45":505,"46":343,"47":148,"48":148,"49":148,"50":343,"51":343,"52":340,"53":340,"54":340,"55":319,"56":24,"57":29,"58":29,"59":0,"60":29,"61":301,"62":301,"63":343,"64":343,"65":343,"66":343,"67":343,"68":343,"69":343,"70":343,"71":343,"72":343,"73":29},"f":{"0":22,"1":697,"2":767,"3":797,"4":6,"5":343,"6":343,"7":29},"b":{"0":[0],"1":[22,22,22],"2":[4],"3":[697,694],"4":[347],"5":[693,348],"6":[110,657],"7":[767,767],"8":[3],"9":[1],"10":[797,796],"11":[622],"12":[11],"13":[174,165],"14":[4],"15":[4],"16":[5],"17":[155,5],"18":[319],"19":[613,0],"20":[613,1],"21":[505],"22":[148],"23":[343,148,148,148,148,148,148,148,148],"24":[340],"25":[343,340],"26":[340,42],"27":[319],"28":[340,340,319,319,319,319,319],"29":[0],"30":[29,29],"31":[6,337],"32":[337,6],"33":[2,4]}}
,"/Users/msigler/Code/CodePipeline-MCP/src/utils/sanitizeOutput.ts": {"path":"/Users/msigler/Code/CodePipeline-MCP/src/utils/sanitizeOutput.ts","statementMap":{"0":{"start":{"line":17,"column":0},"end":{"line":17,"column":16}},"1":{"start":{"line":6,"column":23},"end":{"line":13,"column":2}},"2":{"start":{"line":14,"column":23},"end":{"line":14,"column":64}},"3":{"start":{"line":15,"column":18},"end":{"line":15,"column":20}},"4":{"start":{"line":18,"column":2},"end":{"line":20,"column":3}},"5":{"start":{"line":19,"column":4},"end":{"line":19,"column":21}},"6":{"start":{"line":21,"column":2},"end":{"line":23,"column":3}},"7":{"start":{"line":22,"column":4},"end":{"line":22,"column":62}},"8":{"start":{"line":22,"column":29},"end":{"line":22,"column":60}},"9":{"start":{"line":24,"column":2},"end":{"line":44,"column":3}},"10":{"start":{"line":25,"column":43},"end":{"line":25,"column":45}},"11":{"start":{"line":26,"column":4},"end":{"line":38,"column":5}},"12":{"start":{"line":27,"column":23},"end":{"line":27,"column":38}},"13":{"start":{"line":28,"column":6},"end":{"line":30,"column":7}},"14":{"start":{"line":28,"column":37},"end":{"line":28,"column":57}},"15":{"start":{"line":29,"column":8},"end":{"line":29,"column":17}},"16":{"start":{"line":31,"column":6},"end":{"line":33,"column":7}},"17":{"start":{"line":32,"column":8},"end":{"line":32,"column":17}},"18":{"start":{"line":34,"column":24},"end":{"line":34,"column":52}},"19":{"start":{"line":35,"column":6},"end":{"line":37,"column":7}},"20":{"start":{"line":36,"column":8},"end":{"line":36,"column":29}},"21":{"start":{"line":40,"column":4},"end":{"line":42,"column":5}},"22":{"start":{"line":41,"column":6},"end":{"line":41,"column":23}},"23":{"start":{"line":43,"column":4},"end":{"line":43,"column":17}},"24":{"start":{"line":45,"column":2},"end":{"line":58,"column":3}},"25":{"start":{"line":46,"column":4},"end":{"line":57,"column":6}},"26":{"start":{"line":49,"column":8},"end":{"line":56,"column":18}},"27":{"start":{"line":59,"column":2},"end":{"line":59,"column":13}}},"fnMap":{"0":{"name":"sanitizeOutput","decl":{"start":{"line":17,"column":16},"end":{"line":17,"column":30}},"loc":{"start":{"line":17,"column":54},"end":{"line":60,"column":1}}},"1":{"name":"(anonymous_1)","decl":{"start":{"line":22,"column":19},"end":{"line":22,"column":20}},"loc":{"start":{"line":22,"column":29},"end":{"line":22,"column":60}}},"2":{"name":"(anonymous_2)","decl":{"start":{"line":28,"column":30},"end":{"line":28,"column":31}},"loc":{"start":{"line":28,"column":37},"end":{"line":28,"column":57}}},"3":{"name":"(anonymous_3)","decl":{"start":{"line":48,"column":6},"end":{"line":48,"column":7}},"loc":{"start":{"line":49,"column":8},"end":{"line":56,"column":18}}}},"branchMap":{"0":{"loc":{"start":{"line":17,"column":45},"end":{"line":17,"column":54}},"type":"default-arg","locations":[{"start":{"line":17,"column":53},"end":{"line":17,"column":54}}]},"1":{"loc":{"start":{"line":18,"column":2},"end":{"line":20,"column":3}},"type":"if","locations":[{"start":{"line":18,"column":2},"end":{"line":20,"column":3}}]},"2":{"loc":{"start":{"line":21,"column":2},"end":{"line":23,"column":3}},"type":"if","locations":[{"start":{"line":21,"column":2},"end":{"line":23,"column":3}}]},"3":{"loc":{"start":{"line":24,"column":2},"end":{"line":44,"column":3}},"type":"if","locations":[{"start":{"line":24,"column":2},"end":{"line":44,"column":3}}]},"4":{"loc":{"start":{"line":24,"column":6},"end":{"line":24,"column":36}},"type":"binary-expr","locations":[{"start":{"line":24,"column":6},"end":{"line":24,"column":9}},{"start":{"line":24,"column":13},"end":{"line":24,"column":36}}]},"5":{"loc":{"start":{"line":28,"column":6},"end":{"line":30,"column":7}},"type":"if","locations":[{"start":{"line":28,"column":6},"end":{"line":30,"column":7}}]},"6":{"loc":{"start":{"line":31,"column":6},"end":{"line":33,"column":7}},"type":"if","locations":[{"start":{"line":31,"column":6},"end":{"line":33,"column":7}}]},"7":{"loc":{"start":{"line":35,"column":6},"end":{"line":37,"column":7}},"type":"if","locations":[{"start":{"line":35,"column":6},"end":{"line":37,"column":7}}]},"8":{"loc":{"start":{"line":40,"column":4},"end":{"line":42,"column":5}},"type":"if","locations":[{"start":{"line":40,"column":4},"end":{"line":42,"column":5}}]},"9":{"loc":{"start":{"line":40,"column":8},"end":{"line":40,"column":54}},"type":"binary-expr","locations":[{"start":{"line":40,"column":8},"end":{"line":40,"column":39}},{"start":{"line":40,"column":43},"end":{"line":40,"column":54}}]},"10":{"loc":{"start":{"line":45,"column":2},"end":{"line":58,"column":3}},"type":"if","locations":[{"start":{"line":45,"column":2},"end":{"line":58,"column":3}}]},"11":{"loc":{"start":{"line":49,"column":8},"end":{"line":56,"column":18}},"type":"binary-expr","locations":[{"start":{"line":49,"column":8},"end":{"line":56,"column":13}},{"start":{"line":56,"column":17},"end":{"line":56,"column":18}}]}},"s":{"0":16,"1":16,"2":16,"3":16,"4":98,"5":3,"6":95,"7":1,"8":2,"9":94,"10":71,"11":71,"12":91,"13":91,"14":519,"15":9,"16":82,"17":2,"18":80,"19":80,"20":19,"21":71,"22":57,"23":14,"24":23,"25":10,"26":15,"27":13},"f":{"0":98,"1":2,"2":519,"3":15},"b":{"0":[16],"1":[3],"2":[1],"3":[71],"4":[94,90],"5":[9],"6":[2],"7":[19],"8":[57],"9":[71,58],"10":[10],"11":[15,0]}}
,"/Users/msigler/Code/CodePipeline-MCP/src/utils/streamStateStore.ts": {"path":"/Users/msigler/Code/CodePipeline-MCP/src/utils/streamStateStore.ts","statementMap":{"0":{"start":{"line":15,"column":0},"end":{"line":15,"column":16}},"1":{"start":{"line":19,"column":0},"end":{"line":19,"column":16}},"2":{"start":{"line":23,"column":0},"end":{"line":23,"column":16}},"3":{"start":{"line":32,"column":0},"end":{"line":32,"column":16}},"4":{"start":{"line":13,"column":49},"end":{"line":13,"column":51}},"5":{"start":{"line":16,"column":2},"end":{"line":16,"column":33}},"6":{"start":{"line":20,"column":2},"end":{"line":20,"column":32}},"7":{"start":{"line":27,"column":2},"end":{"line":29,"column":3}},"8":{"start":{"line":28,"column":4},"end":{"line":28,"column":50}},"9":{"start":{"line":33,"column":2},"end":{"line":33,"column":32}}},"fnMap":{"0":{"name":"createStreamState","decl":{"start":{"line":15,"column":16},"end":{"line":15,"column":33}},"loc":{"start":{"line":15,"column":71},"end":{"line":17,"column":1}}},"1":{"name":"getStreamState","decl":{"start":{"line":19,"column":16},"end":{"line":19,"column":30}},"loc":{"start":{"line":19,"column":48},"end":{"line":21,"column":1}}},"2":{"name":"updateStreamState","decl":{"start":{"line":23,"column":16},"end":{"line":23,"column":33}},"loc":{"start":{"line":25,"column":30},"end":{"line":30,"column":1}}},"3":{"name":"deleteStreamState","decl":{"start":{"line":32,"column":16},"end":{"line":32,"column":33}},"loc":{"start":{"line":32,"column":51},"end":{"line":34,"column":1}}}},"branchMap":{"0":{"loc":{"start":{"line":27,"column":2},"end":{"line":29,"column":3}},"type":"if","locations":[{"start":{"line":27,"column":2},"end":{"line":29,"column":3}}]}},"s":{"0":15,"1":15,"2":15,"3":15,"4":15,"5":6,"6":3,"7":11,"8":11,"9":4},"f":{"0":6,"1":3,"2":11,"3":4},"b":{"0":[11]}}
}
