TN:
SF:src/index.ts
FN:22,createApp
FN:30,(anonymous_11)
FN:66,(anonymous_12)
FN:76,startServer
FN:79,(anonymous_14)
FN:89,(anonymous_15)
FN:89,(anonymous_16)
FNF:7
FNH:3
FNDA:8,createApp
FNDA:72,(anonymous_11)
FNDA:2,(anonymous_12)
FNDA:0,startServer
FNDA:0,(anonymous_14)
FNDA:0,(anonymous_15)
FNDA:0,(anonymous_16)
DA:1,14
DA:2,14
DA:3,14
DA:4,14
DA:6,14
DA:11,14
DA:12,14
DA:13,14
DA:14,14
DA:15,14
DA:16,14
DA:22,14
DA:23,8
DA:24,8
DA:25,8
DA:26,8
DA:27,8
DA:30,72
DA:32,8
DA:33,8
DA:36,8
DA:37,1
DA:41,8
DA:42,8
DA:45,8
DA:48,8
DA:49,8
DA:50,8
DA:55,8
DA:58,8
DA:59,8
DA:60,8
DA:66,8
DA:67,2
DA:68,2
DA:69,2
DA:71,8
DA:73,8
DA:76,14
DA:77,0
DA:78,0
DA:79,0
DA:81,0
DA:86,14
DA:87,14
DA:89,0
LF:46
LH:41
BRDA:36,0,0,1
BRDA:78,1,0,0
BRDA:78,1,1,0
BRDA:86,2,0,14
BRDA:86,2,1,14
BRDA:87,3,0,0
BRF:6
BRH:3
end_of_record
TN:
SF:src/startServer.ts
FN:3,startServer
FN:14,(anonymous_1)
FNF:2
FNH:2
FNDA:6,startServer
FNDA:4,(anonymous_1)
DA:1,6
DA:3,6
DA:5,6
DA:6,6
DA:9,1
DA:10,1
DA:12,5
DA:13,5
DA:14,5
DA:16,4
DA:20,1
LF:11
LH:11
BRDA:12,0,0,5
BRDA:12,0,1,2
BRF:2
BRH:2
end_of_record
TN:
SF:src/handlers/mcpHandlers.ts
FN:16,toolsListHandler
FN:17,(anonymous_1)
FN:38,toolsCallHandler
FN:39,(anonymous_3)
FN:41,isTool
FN:124,streamToolResult
FN:139,(anonymous_6)
FN:164,(anonymous_7)
FN:169,notificationsListChangedHandler
FN:170,(anonymous_9)
FNF:10
FNH:6
FNDA:14,toolsListHandler
FNDA:0,(anonymous_1)
FNDA:14,toolsCallHandler
FNDA:4,(anonymous_3)
FNDA:4,isTool
FNDA:0,streamToolResult
FNDA:0,(anonymous_6)
FNDA:0,(anonymous_7)
FNDA:14,notificationsListChangedHandler
FNDA:1,(anonymous_9)
DA:5,12
DA:6,12
DA:7,12
DA:16,12
DA:17,14
DA:19,0
DA:20,0
DA:22,0
DA:23,0
DA:24,0
DA:25,0
DA:26,0
DA:27,0
DA:38,12
DA:39,14
DA:40,4
DA:42,4
DA:51,4
DA:52,4
DA:53,0
DA:54,0
DA:58,4
DA:61,4
DA:62,0
DA:63,0
DA:65,4
DA:66,4
DA:67,3
DA:70,3
DA:72,1
DA:73,1
DA:83,1
DA:84,0
DA:85,0
DA:86,0
DA:89,0
DA:91,0
DA:93,1
DA:101,1
DA:104,1
DA:106,1
DA:115,1
DA:117,0
DA:118,0
DA:119,0
DA:136,0
DA:137,0
DA:138,0
DA:139,0
DA:141,0
DA:146,0
DA:147,0
DA:148,0
DA:149,0
DA:151,0
DA:152,0
DA:153,0
DA:154,0
DA:159,0
DA:160,0
DA:161,0
DA:162,0
DA:164,0
DA:165,0
DA:169,12
DA:170,14
DA:172,1
LF:67
LH:28
BRDA:19,0,0,0
BRDA:19,0,1,0
BRDA:20,1,0,0
BRDA:20,1,1,0
BRDA:22,2,0,0
BRDA:22,3,0,0
BRDA:22,3,1,0
BRDA:23,4,0,0
BRDA:23,5,0,0
BRDA:23,5,1,0
BRDA:43,6,0,4
BRDA:43,6,1,4
BRDA:43,6,2,4
BRDA:43,6,3,4
BRDA:43,6,4,4
BRDA:43,6,5,4
BRDA:52,7,0,0
BRDA:58,8,0,4
BRDA:58,8,1,2
BRDA:58,8,2,2
BRDA:61,9,0,0
BRDA:66,10,0,3
BRDA:73,11,0,1
BRDA:73,11,1,1
BRDA:83,12,0,0
BRDA:83,12,1,1
BRDA:85,13,0,0
BRDA:85,14,0,0
BRDA:85,14,1,0
BRDA:101,15,0,1
BRDA:101,15,1,0
BRDA:104,16,0,1
BRDA:119,17,0,0
BRDA:119,17,1,0
BRDA:138,18,0,0
BRDA:144,19,0,0
BRDA:144,19,1,0
BRDA:146,20,0,0
BRDA:146,20,1,0
BRDA:148,21,0,0
BRDA:153,22,0,0
BRDA:165,23,0,0
BRF:42
BRH:15
end_of_record
TN:
SF:src/middleware/auth.ts
FN:7,authenticateJWT
FNF:1
FNH:1
FNDA:10,authenticateJWT
DA:2,9
DA:4,9
DA:5,9
DA:7,9
DA:12,10
DA:13,10
DA:14,4
DA:15,4
DA:17,6
DA:18,6
DA:19,6
DA:20,2
DA:21,2
DA:23,4
DA:24,1
DA:26,4
LF:16
LH:16
BRDA:4,0,0,9
BRDA:4,0,1,8
BRDA:5,1,0,9
BRDA:5,1,1,8
BRDA:13,2,0,4
BRDA:23,3,0,1
BRF:6
BRH:6
end_of_record
TN:
SF:src/middleware/errorHandler.ts
FN:5,errorHandler
FNF:1
FNH:1
FNDA:7,errorHandler
DA:3,14
DA:5,14
DA:11,7
DA:23,7
DA:24,1
DA:27,6
DA:28,6
DA:29,6
DA:31,6
LF:9
LH:9
BRDA:16,0,0,7
BRDA:16,0,1,7
BRDA:17,1,0,7
BRDA:17,1,1,5
BRDA:23,2,0,1
BRDA:28,3,0,6
BRDA:28,3,1,4
BRDA:32,4,0,6
BRDA:32,4,1,1
BRDA:33,5,0,6
BRDA:33,5,1,4
BRDA:34,6,0,1
BRDA:34,6,1,5
BRDA:34,7,0,6
BRDA:34,7,1,2
BRDA:35,8,0,1
BRDA:35,8,1,5
BRF:17
BRH:17
end_of_record
TN:
SF:src/middleware/rateLimit.ts
FN:13,createRateLimiter
FN:20,(anonymous_2)
FN:34,(anonymous_3)
FN:42,mcpRateLimiter
FNF:4
FNH:4
FNDA:90,createRateLimiter
FNDA:185,(anonymous_2)
FNDA:30,(anonymous_3)
FNDA:292,mcpRateLimiter
DA:2,15
DA:5,15
DA:14,90
DA:21,185
DA:22,185
DA:23,185
DA:27,185
DA:33,15
DA:34,15
DA:35,30
DA:36,30
DA:38,15
DA:39,15
DA:42,15
DA:43,292
DA:45,292
DA:46,292
DA:52,42
DA:54,292
DA:55,292
LF:20
LH:20
BRDA:21,0,0,185
BRDA:21,0,1,0
BRDA:46,1,0,42
BRDA:47,2,0,292
BRDA:47,2,1,168
BRDA:47,2,2,106
BRDA:47,2,3,44
BRDA:54,3,0,292
BRDA:54,3,1,287
BRF:9
BRH:8
end_of_record
TN:
SF:src/middleware/requestLogger.ts
FN:5,requestLogger
FN:7,(anonymous_2)
FNF:2
FNH:2
FNDA:82,requestLogger
FNDA:82,(anonymous_2)
DA:3,14
DA:5,14
DA:6,82
DA:7,82
DA:8,82
DA:20,82
LF:6
LH:6
BRDA:14,0,0,82
BRDA:14,0,1,80
BRDA:15,1,0,82
BRDA:15,1,1,72
BRF:4
BRH:4
end_of_record
TN:
SF:src/middleware/session.ts
FN:4,sessionMiddleware
FNF:1
FNH:1
FNDA:11,sessionMiddleware
DA:2,14
DA:4,14
DA:9,11
DA:10,11
DA:12,10
DA:13,10
DA:14,10
DA:16,11
DA:17,11
LF:9
LH:9
BRDA:10,0,0,10
BRDA:12,1,0,10
BRDA:12,1,1,9
BRF:3
BRH:3
end_of_record
TN:
SF:src/middleware/validate.ts
FN:4,validateBody
FN:5,(anonymous_1)
FNF:2
FNH:2
FNDA:4,validateBody
FNDA:4,(anonymous_1)
DA:4,1
DA:5,4
DA:6,4
DA:7,4
DA:8,2
DA:11,2
DA:13,2
DA:14,2
LF:8
LH:8
BRDA:7,0,0,2
BRF:1
BRH:1
end_of_record
TN:
SF:src/types/toolZodSchemas.ts
FN:15,(anonymous_1)
FNF:1
FNH:1
FNDA:160,(anonymous_1)
DA:1,12
DA:3,12
DA:9,12
DA:10,12
DA:11,12
DA:14,12
DA:16,160
DA:20,160
LF:8
LH:8
BRF:0
BRH:0
end_of_record
TN:
SF:src/utils/jsonSchemaToZod.ts
FN:9,jsonSchemaToZod
FN:16,(anonymous_1)
FN:23,(anonymous_2)
FN:48,(anonymous_3)
FN:60,(anonymous_4)
FNF:5
FNH:5
FNDA:1081,jsonSchemaToZod
FNDA:65,(anonymous_1)
FNDA:3,(anonymous_2)
FNDA:4,(anonymous_3)
FNDA:4,(anonymous_4)
DA:1,16
DA:9,16
DA:10,1081
DA:11,1077
DA:14,1077
DA:15,17
DA:16,65
DA:18,16
DA:21,1
DA:23,3
DA:24,0
DA:25,0
DA:27,0
DA:33,1060
DA:34,2
DA:35,2
DA:36,2
DA:38,0
DA:43,1058
DA:46,1058
DA:47,2
DA:48,4
DA:49,0
DA:50,0
DA:55,1056
DA:56,1056
DA:57,1056
DA:58,2
DA:59,2
DA:60,4
DA:62,1054
DA:63,2
DA:67,1056
DA:68,437
DA:69,437
DA:70,437
DA:71,437
DA:72,437
DA:73,619
DA:74,10
DA:75,10
DA:76,10
DA:77,10
DA:78,10
DA:79,609
DA:80,3
DA:81,606
DA:82,2
DA:83,604
DA:84,254
DA:85,252
DA:88,252
DA:89,252
DA:90,552
DA:91,552
DA:92,80
DA:94,552
DA:96,252
DA:98,350
DA:101,1054
DA:102,4
DA:104,1050
LF:62
LH:56
BRDA:10,0,0,4
BRDA:10,1,0,1081
BRDA:10,1,1,1078
BRDA:14,2,0,17
BRDA:14,3,0,1077
BRDA:14,3,1,17
BRDA:16,4,0,16
BRDA:16,4,1,1
BRDA:21,5,0,1
BRDA:21,5,1,0
BRDA:24,6,0,0
BRDA:24,6,1,0
BRDA:33,7,0,2
BRDA:33,8,0,1060
BRDA:33,8,1,2
BRDA:35,9,0,2
BRDA:35,9,1,0
BRDA:35,10,0,2
BRDA:35,10,1,2
BRDA:35,10,2,0
BRDA:35,10,3,0
BRDA:43,11,0,1
BRDA:43,11,1,1057
BRDA:43,12,0,1058
BRDA:43,12,1,1
BRDA:45,13,0,1
BRDA:45,13,1,1056
BRDA:45,14,0,1057
BRDA:45,14,1,1
BRDA:46,15,0,2
BRDA:47,16,0,2
BRDA:47,16,1,0
BRDA:49,17,0,0
BRDA:57,18,0,2
BRDA:57,18,1,1054
BRDA:58,19,0,2
BRDA:62,20,0,2
BRDA:67,21,0,437
BRDA:67,21,1,619
BRDA:69,22,0,2
BRDA:69,23,0,437
BRDA:69,23,1,2
BRDA:70,24,0,2
BRDA:70,25,0,437
BRDA:70,25,1,2
BRDA:71,26,0,1
BRDA:71,27,0,437
BRDA:71,27,1,1
BRDA:73,28,0,10
BRDA:73,28,1,609
BRDA:73,29,0,619
BRDA:73,29,1,610
BRDA:75,30,0,3
BRDA:75,31,0,10
BRDA:75,31,1,3
BRDA:76,32,0,3
BRDA:76,33,0,10
BRDA:76,33,1,3
BRDA:77,34,0,1
BRDA:79,35,0,3
BRDA:79,35,1,606
BRDA:81,36,0,2
BRDA:81,36,1,604
BRDA:83,37,0,254
BRDA:83,37,1,350
BRDA:84,38,0,2
BRDA:84,39,0,254
BRDA:84,39,1,252
BRDA:84,39,2,252
BRDA:88,40,0,251
BRDA:88,40,1,1
BRDA:91,41,0,80
BRDA:101,42,0,4
BRF:73
BRH:65
end_of_record
TN:
SF:src/utils/logger.ts
FNF:0
FNH:0
DA:1,18
DA:2,18
DA:4,18
DA:5,18
DA:7,18
DA:8,18
DA:9,2
DA:12,18
DA:30,18
DA:31,18
LF:10
LH:10
BRDA:7,0,0,18
BRDA:7,0,1,18
BRDA:8,1,0,2
BRDA:14,2,0,18
BRDA:14,2,1,18
BRDA:16,3,0,1
BRDA:16,3,1,17
BRF:7
BRH:7
end_of_record
TN:
SF:src/utils/observability.ts
FN:10,initObservability
FN:36,metricsMiddleware
FN:37,(anonymous_3)
FN:49,exposePrometheusMetrics
FN:50,metricsHandler
FNF:5
FNH:5
FNDA:1,initObservability
FNDA:6,metricsMiddleware
FNDA:5,(anonymous_3)
FNDA:3,exposePrometheusMetrics
FNDA:3,metricsHandler
DA:2,4
DA:3,4
DA:4,4
DA:10,4
DA:11,1
DA:12,1
DA:18,0
DA:21,1
DA:26,4
DA:28,4
DA:36,4
DA:37,6
DA:38,5
DA:44,6
DA:49,4
DA:50,3
DA:51,3
DA:52,3
LF:18
LH:17
BRDA:40,0,0,3
BRDA:40,0,1,2
BRF:2
BRH:2
end_of_record
TN:
SF:src/utils/openapi-to-mcp.ts
FN:10,loadOpenApiSpec
FN:20,jsonSchemaToTypeScriptType
FN:28,(anonymous_3)
FN:42,jsonSchemaTypeToTs
FN:51,(anonymous_5)
FN:61,buildInputSchema
FN:96,buildOutputSchema
FN:118,extractMcpToolsFromOpenApi
FNF:8
FNH:8
FNDA:16,loadOpenApiSpec
FNDA:504,jsonSchemaToTypeScriptType
FNDA:551,(anonymous_3)
FNDA:580,jsonSchemaTypeToTs
FNDA:6,(anonymous_5)
FNDA:247,buildInputSchema
FNDA:247,buildOutputSchema
FNDA:23,extractMcpToolsFromOpenApi
DA:1,14
DA:2,14
DA:4,14
DA:10,14
DA:11,16
DA:12,16
DA:13,16
DA:20,14
DA:24,504
DA:25,501
DA:26,501
DA:27,251
DA:30,551
DA:31,551
DA:34,251
DA:36,250
DA:37,3
DA:39,247
DA:42,14
DA:43,580
DA:44,579
DA:45,579
DA:46,131
DA:47,120
DA:48,116
DA:49,112
DA:50,5
DA:51,6
DA:54,107
DA:66,247
DA:71,247
DA:72,229
DA:73,439
DA:74,439
DA:75,439
DA:78,247
DA:89,106
DA:90,106
DA:91,106
DA:93,247
DA:97,247
DA:101,244
DA:102,244
DA:103,244
DA:112,229
DA:115,18
DA:118,14
DA:137,23
DA:138,23
DA:139,23
DA:140,217
DA:141,217
DA:142,247
DA:144,247
DA:145,247
DA:146,247
DA:147,247
DA:148,247
DA:149,247
DA:153,247
DA:154,247
DA:155,247
DA:167,23
LF:63
LH:63
BRDA:24,0,0,3
BRDA:24,1,0,504
BRDA:24,1,1,501
BRDA:26,2,0,251
BRDA:26,3,0,501
BRDA:26,3,1,252
BRDA:30,4,0,80
BRDA:30,4,1,471
BRDA:30,5,0,551
BRDA:30,5,1,551
BRDA:36,6,0,3
BRDA:43,7,0,1
BRDA:43,8,0,580
BRDA:43,8,1,579
BRDA:45,9,0,448
BRDA:46,10,0,11
BRDA:46,11,0,131
BRDA:46,11,1,122
BRDA:47,12,0,4
BRDA:48,13,0,4
BRDA:49,14,0,5
BRDA:49,15,0,112
BRDA:49,15,1,5
BRDA:71,16,0,229
BRDA:73,17,0,439
BRDA:73,17,1,0
BRDA:74,18,0,439
BRDA:74,18,1,1
BRDA:75,19,0,361
BRDA:78,20,0,106
BRDA:79,21,0,247
BRDA:79,21,1,106
BRDA:79,21,2,106
BRDA:79,21,3,106
BRDA:79,21,4,106
BRDA:79,21,5,106
BRDA:79,21,6,106
BRDA:79,21,7,106
BRDA:79,21,8,106
BRDA:97,22,0,244
BRDA:98,23,0,247
BRDA:98,23,1,244
BRDA:102,24,0,244
BRDA:102,24,1,30
BRDA:103,25,0,229
BRDA:104,26,0,244
BRDA:104,26,1,244
BRDA:104,26,2,229
BRDA:104,26,3,229
BRDA:104,26,4,229
BRDA:104,26,5,229
BRDA:104,26,6,229
BRDA:138,27,0,0
BRDA:138,28,0,23
BRDA:138,28,1,23
BRDA:144,29,0,6
BRDA:144,29,1,241
BRDA:145,30,0,241
BRDA:145,30,1,6
BRDA:145,31,0,2
BRDA:145,31,1,4
BRF:61
BRH:59
end_of_record
TN:
SF:src/utils/sanitizeOutput.ts
FN:17,sanitizeOutput
FN:20,(anonymous_1)
FN:26,(anonymous_2)
FN:40,(anonymous_3)
FNF:4
FNH:4
FNDA:93,sanitizeOutput
FNDA:2,(anonymous_1)
FNDA:501,(anonymous_2)
FNDA:15,(anonymous_3)
DA:6,14
DA:14,14
DA:15,14
DA:17,14
DA:18,93
DA:19,90
DA:20,2
DA:22,89
DA:23,68
DA:24,68
DA:25,88
DA:26,501
DA:27,79
DA:28,77
DA:29,77
DA:30,17
DA:34,68
DA:35,11
DA:37,21
DA:38,10
DA:41,15
DA:51,11
LF:22
LH:22
BRDA:17,0,0,14
BRDA:18,1,0,3
BRDA:19,2,0,1
BRDA:22,3,0,68
BRDA:22,4,0,89
BRDA:22,4,1,86
BRDA:26,5,0,9
BRDA:27,6,0,2
BRDA:29,7,0,17
BRDA:34,8,0,57
BRDA:34,9,0,68
BRDA:34,9,1,57
BRDA:37,10,0,10
BRDA:41,11,0,15
BRDA:41,11,1,0
BRF:15
BRH:14
end_of_record
TN:
SF:src/utils/streamStateStore.ts
FN:15,createStreamState
FN:19,getStreamState
FN:23,updateStreamState
FN:32,deleteStreamState
FNF:4
FNH:4
FNDA:4,createStreamState
FNDA:3,getStreamState
FNDA:1,updateStreamState
FNDA:4,deleteStreamState
DA:13,13
DA:15,13
DA:16,4
DA:19,13
DA:20,3
DA:23,13
DA:27,1
DA:28,1
DA:32,13
DA:33,4
LF:10
LH:10
BRDA:27,0,0,1
BRF:1
BRH:1
end_of_record
