TN:
SF:src/index.ts
FN:23,(anonymous_1)
FN:41,(anonymous_2)
FNF:2
FNH:1
FNDA:1,(anonymous_1)
FNDA:0,(anonymous_2)
DA:1,2
DA:2,2
DA:3,2
DA:4,2
DA:5,2
DA:6,2
DA:7,2
DA:8,2
DA:9,2
DA:10,2
DA:11,2
DA:13,2
DA:14,2
DA:15,2
DA:16,2
DA:17,2
DA:18,2
DA:19,2
DA:20,2
DA:23,2
DA:26,2
DA:27,2
DA:30,2
DA:31,2
DA:32,2
DA:35,2
DA:37,2
DA:39,2
DA:40,0
DA:41,0
DA:43,0
LF:31
LH:28
BRDA:39,0,0,0
BRDA:40,1,0,0
BRDA:40,1,1,0
BRF:3
BRH:0
end_of_record
TN:
SF:src/handlers/mcpHandlers.ts
FN:7,toolsListHandler
FN:8,(anonymous_1)
FN:15,toolsCallHandler
FN:16,(anonymous_3)
FN:18,(anonymous_4)
FN:59,(anonymous_5)
FN:75,(anonymous_6)
FN:81,notificationsListChangedHandler
FN:82,(anonymous_8)
FNF:9
FNH:9
FNDA:4,toolsListHandler
FNDA:4,(anonymous_1)
FNDA:12,toolsCallHandler
FNDA:11,(anonymous_3)
FNDA:25,(anonymous_4)
FNDA:15,(anonymous_5)
FNDA:1,(anonymous_6)
FNDA:3,notificationsListChangedHandler
FNDA:1,(anonymous_8)
DA:2,3
DA:3,3
DA:4,3
DA:7,3
DA:8,4
DA:10,4
DA:15,3
DA:16,12
DA:17,11
DA:18,25
DA:19,11
DA:20,2
DA:21,2
DA:24,9
DA:25,9
DA:26,1
DA:27,1
DA:29,8
DA:30,8
DA:31,1
DA:32,1
DA:35,7
DA:36,7
DA:38,7
DA:39,4
DA:40,4
DA:41,4
DA:42,4
DA:45,3
DA:53,3
DA:55,3
DA:56,3
DA:58,3
DA:59,15
DA:60,15
DA:61,15
DA:62,15
DA:63,15
DA:64,3
DA:66,15
DA:67,15
DA:68,15
DA:70,3
DA:71,3
DA:72,3
DA:73,3
DA:75,3
DA:76,3
DA:81,3
DA:82,3
DA:84,1
LF:51
LH:51
BRDA:19,0,0,2
BRDA:25,1,0,1
BRDA:30,2,0,1
BRDA:36,3,0,7
BRDA:36,3,1,3
BRDA:38,4,0,4
BRDA:38,4,1,3
BRDA:40,5,0,4
BRDA:40,6,0,4
BRDA:40,6,1,2
BRDA:60,7,0,3
BRDA:60,7,1,12
BRDA:61,8,0,3
BRDA:61,8,1,12
BRDA:63,9,0,3
BRDA:68,10,0,12
BRDA:76,11,0,3
BRF:17
BRH:17
end_of_record
TN:
SF:src/middleware/auth.ts
FN:7,authenticateJWT
FNF:1
FNH:1
FNDA:6,authenticateJWT
DA:2,2
DA:4,2
DA:5,2
DA:7,2
DA:8,6
DA:9,6
DA:10,1
DA:12,5
DA:13,5
DA:14,5
DA:15,4
DA:16,4
DA:18,1
LF:13
LH:13
BRDA:4,0,0,2
BRDA:4,0,1,2
BRDA:5,1,0,2
BRDA:5,1,1,2
BRDA:9,2,0,1
BRDA:9,3,0,6
BRDA:9,3,1,5
BRF:7
BRH:7
end_of_record
TN:
SF:src/middleware/errorHandler.ts
FN:4,errorHandler
FNF:1
FNH:1
FNDA:3,errorHandler
DA:2,3
DA:4,3
DA:5,3
DA:12,3
DA:13,1
DA:15,2
LF:6
LH:6
BRDA:9,0,0,3
BRDA:9,0,1,0
BRDA:10,1,0,3
BRDA:10,1,1,0
BRDA:12,2,0,1
BRDA:15,3,0,2
BRDA:15,3,1,1
BRDA:15,4,0,2
BRDA:15,4,1,1
BRF:9
BRH:7
end_of_record
TN:
SF:src/middleware/rateLimit.ts
FNF:0
FNH:0
DA:1,2
DA:3,2
LF:2
LH:2
BRF:0
BRH:0
end_of_record
TN:
SF:src/middleware/requestLogger.ts
FN:4,requestLogger
FN:6,(anonymous_2)
FNF:2
FNH:2
FNDA:6,requestLogger
FNDA:6,(anonymous_2)
DA:2,2
DA:4,2
DA:5,6
DA:6,6
DA:7,6
DA:16,6
LF:6
LH:6
BRDA:12,0,0,6
BRDA:12,0,1,2
BRDA:13,1,0,6
BRDA:13,1,1,2
BRF:4
BRH:4
end_of_record
TN:
SF:src/middleware/session.ts
FN:4,sessionMiddleware
FNF:1
FNH:1
FNDA:4,sessionMiddleware
DA:2,2
DA:4,2
DA:5,4
DA:6,4
DA:8,4
DA:9,4
DA:10,4
DA:12,4
DA:13,4
LF:9
LH:9
BRDA:6,0,0,4
BRDA:8,1,0,4
BRDA:8,1,1,0
BRF:3
BRH:2
end_of_record
TN:
SF:src/types/toolZodSchemas.ts
FN:10,(anonymous_1)
FNF:1
FNH:1
FNDA:45,(anonymous_1)
DA:1,3
DA:2,3
DA:5,3
DA:6,3
DA:7,3
DA:10,3
DA:11,45
DA:15,45
LF:8
LH:8
BRF:0
BRH:0
end_of_record
TN:
SF:src/utils/jsonSchemaToZod.ts
FN:7,jsonSchemaToZod
FNF:1
FNH:1
FNDA:410,jsonSchemaToZod
DA:1,6
DA:7,6
DA:8,410
DA:9,409
DA:10,180
DA:11,180
DA:12,180
DA:13,180
DA:14,180
DA:16,229
DA:17,2
DA:18,2
DA:19,2
DA:20,2
DA:22,227
DA:23,0
DA:25,227
DA:26,0
DA:28,227
DA:29,95
DA:30,94
DA:31,94
DA:32,220
DA:33,220
DA:34,32
DA:36,220
DA:38,94
DA:40,132
LF:28
LH:26
BRDA:8,0,0,1
BRDA:8,1,0,410
BRDA:8,1,1,409
BRDA:9,2,0,180
BRDA:11,3,0,1
BRDA:12,4,0,1
BRDA:13,5,0,0
BRDA:16,6,0,2
BRDA:16,7,0,229
BRDA:16,7,1,227
BRDA:18,8,0,1
BRDA:19,9,0,1
BRDA:22,10,0,0
BRDA:25,11,0,0
BRDA:28,12,0,95
BRDA:29,13,0,1
BRDA:33,14,0,32
BRDA:33,15,0,220
BRDA:33,15,1,219
BRF:19
BRH:16
end_of_record
TN:
SF:src/utils/logger.ts
FNF:0
FNH:0
DA:1,4
DA:3,4
DA:11,4
LF:3
LH:3
BRDA:4,0,0,4
BRDA:4,0,1,4
BRDA:5,1,0,1
BRDA:5,1,1,3
BRF:4
BRH:4
end_of_record
TN:
SF:src/utils/openapi-to-mcp.ts
FN:9,loadOpenApiSpec
FN:19,jsonSchemaToTypeScriptType
FN:23,(anonymous_3)
FN:36,jsonSchemaTypeToTs
FN:44,(anonymous_5)
FN:54,extractMcpToolsFromOpenApi
FNF:6
FNH:6
FNDA:6,loadOpenApiSpec
FNDA:188,jsonSchemaToTypeScriptType
FNDA:219,(anonymous_3)
FNDA:233,jsonSchemaTypeToTs
FNDA:2,(anonymous_5)
FNDA:8,extractMcpToolsFromOpenApi
DA:1,5
DA:2,5
DA:3,5
DA:9,5
DA:10,6
DA:11,6
DA:12,6
DA:19,5
DA:20,188
DA:21,186
DA:22,93
DA:24,219
DA:25,219
DA:28,93
DA:30,93
DA:31,1
DA:33,92
DA:36,5
DA:37,233
DA:38,232
DA:39,52
DA:40,47
DA:41,46
DA:42,44
DA:43,1
DA:44,2
DA:47,43
DA:54,5
DA:55,8
DA:56,8
DA:57,80
DA:58,80
DA:59,92
DA:60,92
DA:61,92
DA:63,92
DA:68,92
DA:69,92
DA:70,175
DA:71,175
DA:74,92
DA:75,42
DA:76,42
DA:77,42
DA:80,92
DA:81,92
DA:82,92
DA:83,92
DA:84,92
DA:88,92
DA:89,92
DA:91,92
DA:92,92
DA:93,92
DA:96,8
LF:55
LH:55
BRDA:20,0,0,2
BRDA:20,1,0,188
BRDA:20,1,1,187
BRDA:21,2,0,93
BRDA:21,3,0,186
BRDA:21,3,1,93
BRDA:24,4,0,32
BRDA:24,4,1,187
BRDA:24,5,0,219
BRDA:24,5,1,219
BRDA:30,6,0,1
BRDA:37,7,0,1
BRDA:38,8,0,180
BRDA:39,9,0,5
BRDA:39,10,0,52
BRDA:39,10,1,48
BRDA:40,11,0,1
BRDA:41,12,0,2
BRDA:42,13,0,1
BRDA:42,14,0,44
BRDA:42,14,1,1
BRDA:60,15,0,92
BRDA:60,15,1,90
BRDA:61,16,0,92
BRDA:61,16,1,2
BRDA:61,16,2,2
BRDA:68,17,0,92
BRDA:70,18,0,175
BRDA:70,18,1,0
BRDA:71,19,0,144
BRDA:74,20,0,42
BRDA:74,21,0,92
BRDA:74,21,1,42
BRDA:74,21,2,42
BRDA:81,22,0,92
BRDA:81,23,0,92
BRDA:81,23,1,92
BRDA:81,23,2,12
BRDA:82,24,0,92
BRDA:82,24,1,12
BRDA:83,25,0,92
BRDA:83,26,0,92
BRDA:83,26,1,92
BRF:43
BRH:42
end_of_record
TN:
SF:src/utils/sanitizeOutput.ts
FN:5,sanitizeOutput
FN:17,(anonymous_1)
FNF:2
FNH:2
FNDA:12,sanitizeOutput
FNDA:8,(anonymous_1)
DA:5,4
DA:6,12
DA:7,11
DA:8,4
DA:9,4
DA:10,9
DA:11,5
DA:13,4
DA:15,7
DA:17,8
DA:19,1
LF:11
LH:11
BRDA:6,0,0,1
BRDA:7,1,0,4
BRDA:7,2,0,11
BRDA:7,2,1,11
BRDA:10,3,0,4
BRDA:10,4,0,9
BRDA:10,4,1,7
BRDA:15,5,0,6
BRDA:17,6,0,8
BRDA:17,6,1,0
BRF:10
BRH:9
end_of_record
TN:
SF:src/utils/streamStateStore.ts
FN:15,createStreamState
FN:19,getStreamState
FN:23,updateStreamState
FN:29,deleteStreamState
FNF:4
FNH:4
FNDA:3,createStreamState
FNDA:3,getStreamState
FNDA:1,updateStreamState
FNDA:4,deleteStreamState
DA:13,4
DA:15,4
DA:16,3
DA:19,4
DA:20,3
DA:23,4
DA:24,1
DA:25,1
DA:29,4
DA:30,4
LF:10
LH:10
BRDA:24,0,0,1
BRF:1
BRH:1
end_of_record
